Build started 2014.01.12. 11:41:34.
     1>Project "D:\Users\felrugo\Documents\GitHub\Rebeka\Windows (Visual C++)\RebEntitySystem\RebEntitySystem.vcxproj" on node 2 (Build target(s)).
     1>ClCompile:
         D:\win7prog\Microsoft Visual Studio 11.0\VC\bin\CL.exe /c /I"..\bullet-2.82-r2704\src" /ZI /nologo /W3 /WX- /sdl /Od /Oy- /D WIN32 /D _DEBUG /D _LIB /D _UNICODE /D UNICODE /Gm /EHsc /RTC1 /MDd /GS /fp:precise /Zc:wchar_t /Zc:forScope /Fo"Debug\\" /Fd"Debug\vc110.pdb" /FR"Debug\\" /Gd /TP /analyze- /errorReport:prompt CompInput.cpp CompPhysic.cpp CompVisual.cpp RebEntity.cpp RebEntitySystem.cpp
         RebEntitySystem.cpp
         RebEntity.cpp
         CompVisual.cpp
         CompPhysic.cpp
     1>d:\users\felrugo\documents\github\rebeka\windows (visual c++)\rebentitysystem\compphysic.cpp(23): warning C4018: '<' : signed/unsigned mismatch
         CompInput.cpp
         Generating Code...
       Lib:
         D:\win7prog\Microsoft Visual Studio 11.0\VC\bin\Lib.exe /OUT:"D:\Users\felrugo\Documents\GitHub\Rebeka\Windows (Visual C++)\Debug\RebEntitySystem.lib" BulletCollision_vs2010_debug.lib BulletDynamics_vs2010_debug.lib LinearMath_vs2010_debug.lib /LIBPATH:"..\bullet-2.82-r2704\lib" /NOLOGO Debug\CompInput.obj
         Debug\CompPhysic.obj
         Debug\CompVisual.obj
         Debug\RebEntity.obj
         Debug\RebEntitySystem.obj
     1>BulletCollision_vs2010_debug.lib(btBroadphaseProxy.obj) : warning LNK4221: This object file does not define any previously undefined public symbols, so it will not be used by any link operation that consumes this library
         RebEntitySystem.vcxproj -> D:\Users\felrugo\Documents\GitHub\Rebeka\Windows (Visual C++)\Debug\RebEntitySystem.lib
       BscMake:
         D:\win7prog\Microsoft Visual Studio 11.0\VC\bin\bscmake.exe /nologo /o"D:\Users\felrugo\Documents\GitHub\Rebeka\Windows (Visual C++)\Debug\RebEntitySystem.bsc" /n Debug\CompInput.sbr Debug\CompPhysic.sbr Debug\CompVisual.sbr Debug\RebEntity.sbr Debug\RebEntitySystem.sbr
     1>Done Building Project "D:\Users\felrugo\Documents\GitHub\Rebeka\Windows (Visual C++)\RebEntitySystem\RebEntitySystem.vcxproj" (Build target(s)).

Build succeeded.

Time Elapsed 00:00:15.87
