D:\USERS\FELRUGO\DOCUMENTS\GITHUB\REBEKA\WINDOWS (VISUAL C++)\REBENTITYSYSTEM\DEBUG\COMPINPUT.OBJ
D:\USERS\FELRUGO\DOCUMENTS\GITHUB\REBEKA\WINDOWS (VISUAL C++)\REBENTITYSYSTEM\DEBUG\COMPPHYSIC.OBJ
D:\USERS\FELRUGO\DOCUMENTS\GITHUB\REBEKA\WINDOWS (VISUAL C++)\REBENTITYSYSTEM\DEBUG\COMPVISUAL.OBJ
D:\USERS\FELRUGO\DOCUMENTS\GITHUB\REBEKA\WINDOWS (VISUAL C++)\REBENTITYSYSTEM\DEBUG\REBENTITY.OBJ
D:\USERS\FELRUGO\DOCUMENTS\GITHUB\REBEKA\WINDOWS (VISUAL C++)\REBENTITYSYSTEM\DEBUG\REBENTITYSYSTEM.OBJ
D:\USERS\FELRUGO\DOCUMENTS\GITHUB\REBEKA\WINDOWS (VISUAL C++)\REBENTITYSYSTEM\DEBUG\VC110.PDB
D:\USERS\FELRUGO\DOCUMENTS\GITHUB\REBEKA\WINDOWS (VISUAL C++)\DEBUG\REBENTITYSYSTEM.LIB
D:\Users\felrugo\Documents\GitHub\Rebeka\Windows (Visual C++)\RebEntitySystem\Debug\CompInput.obj
D:\Users\felrugo\Documents\GitHub\Rebeka\Windows (Visual C++)\RebEntitySystem\Debug\CompPhysic.obj
D:\Users\felrugo\Documents\GitHub\Rebeka\Windows (Visual C++)\RebEntitySystem\Debug\CompVisual.obj
D:\Users\felrugo\Documents\GitHub\Rebeka\Windows (Visual C++)\RebEntitySystem\Debug\RebEntity.obj
D:\Users\felrugo\Documents\GitHub\Rebeka\Windows (Visual C++)\RebEntitySystem\Debug\RebEntitySystem.obj
D:\Users\felrugo\Documents\GitHub\Rebeka\Windows (Visual C++)\RebEntitySystem\Debug\cl.command.1.tlog
D:\Users\felrugo\Documents\GitHub\Rebeka\Windows (Visual C++)\RebEntitySystem\Debug\CL.read.1.tlog
D:\Users\felrugo\Documents\GitHub\Rebeka\Windows (Visual C++)\RebEntitySystem\Debug\CL.write.1.tlog
D:\Users\felrugo\Documents\GitHub\Rebeka\Windows (Visual C++)\RebEntitySystem\Debug\Lib-link.read.1.tlog
D:\Users\felrugo\Documents\GitHub\Rebeka\Windows (Visual C++)\RebEntitySystem\Debug\Lib-link.write.1.tlog
D:\Users\felrugo\Documents\GitHub\Rebeka\Windows (Visual C++)\RebEntitySystem\Debug\lib.command.1.tlog
D:\Users\felrugo\Documents\GitHub\Rebeka\Windows (Visual C++)\RebEntitySystem\Debug\vc110.idb
D:\Users\felrugo\Documents\GitHub\Rebeka\Windows (Visual C++)\RebEntitySystem\Debug\vc110.pdb
D:\Users\felrugo\Documents\GitHub\Rebeka\Windows (Visual C++)\Debug\RebEntitySystem.lib
