D:\USERS\FELRUGO\DOCUMENTS\GITHUB\REBEKA\CODE\LIBS\X32\REB3D.BSC
D:\USERS\FELRUGO\DOCUMENTS\GITHUB\REBEKA\CODE\REB3D\DEBUG\REBVECTOR.SBR
D:\USERS\FELRUGO\DOCUMENTS\GITHUB\REBEKA\CODE\REB3D\DEBUG\REBRAY.SBR
D:\USERS\FELRUGO\DOCUMENTS\GITHUB\REBEKA\CODE\REB3D\DEBUG\REBQUAT.SBR
D:\USERS\FELRUGO\DOCUMENTS\GITHUB\REBEKA\CODE\REB3D\DEBUG\REBPOLYGON.SBR
D:\USERS\FELRUGO\DOCUMENTS\GITHUB\REBEKA\CODE\REB3D\DEBUG\REBPLANE.SBR
D:\USERS\FELRUGO\DOCUMENTS\GITHUB\REBEKA\CODE\REB3D\DEBUG\REBOBB.SBR
D:\USERS\FELRUGO\DOCUMENTS\GITHUB\REBEKA\CODE\REB3D\DEBUG\REBMATRIX.SBR
D:\USERS\FELRUGO\DOCUMENTS\GITHUB\REBEKA\CODE\REB3D\DEBUG\REBGLTRANS.SBR
D:\USERS\FELRUGO\DOCUMENTS\GITHUB\REBEKA\CODE\REB3D\DEBUG\REBCPU.SBR
D:\USERS\FELRUGO\DOCUMENTS\GITHUB\REBEKA\CODE\REB3D\DEBUG\REBAABB.SBR
D:\USERS\FELRUGO\DOCUMENTS\GITHUB\REBEKA\CODE\REB3D\DEBUG\REBAABB.OBJ
D:\USERS\FELRUGO\DOCUMENTS\GITHUB\REBEKA\CODE\REB3D\DEBUG\REBCPU.OBJ
D:\USERS\FELRUGO\DOCUMENTS\GITHUB\REBEKA\CODE\REB3D\DEBUG\REBGLTRANS.OBJ
D:\USERS\FELRUGO\DOCUMENTS\GITHUB\REBEKA\CODE\REB3D\DEBUG\REBMATRIX.OBJ
D:\USERS\FELRUGO\DOCUMENTS\GITHUB\REBEKA\CODE\REB3D\DEBUG\REBOBB.OBJ
D:\USERS\FELRUGO\DOCUMENTS\GITHUB\REBEKA\CODE\REB3D\DEBUG\REBPLANE.OBJ
D:\USERS\FELRUGO\DOCUMENTS\GITHUB\REBEKA\CODE\REB3D\DEBUG\REBPOLYGON.OBJ
D:\USERS\FELRUGO\DOCUMENTS\GITHUB\REBEKA\CODE\REB3D\DEBUG\REBQUAT.OBJ
D:\USERS\FELRUGO\DOCUMENTS\GITHUB\REBEKA\CODE\REB3D\DEBUG\REBRAY.OBJ
D:\USERS\FELRUGO\DOCUMENTS\GITHUB\REBEKA\CODE\REB3D\DEBUG\REBVECTOR.OBJ
D:\USERS\FELRUGO\DOCUMENTS\GITHUB\REBEKA\CODE\REB3D\DEBUG\VC110.PDB
D:\USERS\FELRUGO\DOCUMENTS\GITHUB\REBEKA\CODE\LIBS\X32\REB3D.LIB
D:\Users\felrugo\Documents\GitHub\Rebeka\Code\Reb3D\Debug\Rebaabb.obj
D:\Users\felrugo\Documents\GitHub\Rebeka\Code\Reb3D\Debug\Rebcpu.obj
D:\Users\felrugo\Documents\GitHub\Rebeka\Code\Reb3D\Debug\RebGLTrans.obj
D:\Users\felrugo\Documents\GitHub\Rebeka\Code\Reb3D\Debug\Rebmatrix.obj
D:\Users\felrugo\Documents\GitHub\Rebeka\Code\Reb3D\Debug\Rebobb.obj
D:\Users\felrugo\Documents\GitHub\Rebeka\Code\Reb3D\Debug\Rebplane.obj
D:\Users\felrugo\Documents\GitHub\Rebeka\Code\Reb3D\Debug\Rebpolygon.obj
D:\Users\felrugo\Documents\GitHub\Rebeka\Code\Reb3D\Debug\Rebquat.obj
D:\Users\felrugo\Documents\GitHub\Rebeka\Code\Reb3D\Debug\Rebray.obj
D:\Users\felrugo\Documents\GitHub\Rebeka\Code\Reb3D\Debug\Rebvector.obj
D:\Users\felrugo\Documents\GitHub\Rebeka\Code\Reb3D\Debug\BscMake.command.1.tlog
D:\Users\felrugo\Documents\GitHub\Rebeka\Code\Reb3D\Debug\bscmake.read.1.tlog
D:\Users\felrugo\Documents\GitHub\Rebeka\Code\Reb3D\Debug\BscMake.write.1.tlog
D:\Users\felrugo\Documents\GitHub\Rebeka\Code\Reb3D\Debug\cl.command.1.tlog
D:\Users\felrugo\Documents\GitHub\Rebeka\Code\Reb3D\Debug\CL.read.1.tlog
D:\Users\felrugo\Documents\GitHub\Rebeka\Code\Reb3D\Debug\CL.write.1.tlog
D:\Users\felrugo\Documents\GitHub\Rebeka\Code\Reb3D\Debug\Lib-link.read.1.tlog
D:\Users\felrugo\Documents\GitHub\Rebeka\Code\Reb3D\Debug\Lib-link.write.1.tlog
D:\Users\felrugo\Documents\GitHub\Rebeka\Code\Reb3D\Debug\lib.command.1.tlog
D:\Users\felrugo\Documents\GitHub\Rebeka\Code\Reb3D\Debug\vc110.idb
D:\Users\felrugo\Documents\GitHub\Rebeka\Code\Reb3D\Debug\vc110.pdb
D:\Users\felrugo\Documents\GitHub\Rebeka\Code\Reb3D\Debug\Rebaabb.sbr
D:\Users\felrugo\Documents\GitHub\Rebeka\Code\Reb3D\Debug\Rebcpu.sbr
D:\Users\felrugo\Documents\GitHub\Rebeka\Code\Reb3D\Debug\RebGLTrans.sbr
D:\Users\felrugo\Documents\GitHub\Rebeka\Code\Reb3D\Debug\Rebmatrix.sbr
D:\Users\felrugo\Documents\GitHub\Rebeka\Code\Reb3D\Debug\Rebobb.sbr
D:\Users\felrugo\Documents\GitHub\Rebeka\Code\Reb3D\Debug\Rebplane.sbr
D:\Users\felrugo\Documents\GitHub\Rebeka\Code\Reb3D\Debug\Rebpolygon.sbr
D:\Users\felrugo\Documents\GitHub\Rebeka\Code\Reb3D\Debug\Rebquat.sbr
D:\Users\felrugo\Documents\GitHub\Rebeka\Code\Reb3D\Debug\Rebray.sbr
D:\Users\felrugo\Documents\GitHub\Rebeka\Code\Reb3D\Debug\Rebvector.sbr
D:\Users\felrugo\Documents\GitHub\Rebeka\Code\Reb3D\..\Libs\x32\Reb3D.lib
