D:\WIN7PROG\REBEKA\REBEKA\REB3D\DEBUG\REBAABB.OBJ
D:\WIN7PROG\REBEKA\REBEKA\REB3D\DEBUG\REBCPU.OBJ
D:\WIN7PROG\REBEKA\REBEKA\REB3D\DEBUG\REBMATRIX.OBJ
D:\WIN7PROG\REBEKA\REBEKA\REB3D\DEBUG\REBOBB.OBJ
D:\WIN7PROG\REBEKA\REBEKA\REB3D\DEBUG\REBPLANE.OBJ
D:\WIN7PROG\REBEKA\REBEKA\REB3D\DEBUG\REBPOLYGON.OBJ
D:\WIN7PROG\REBEKA\REBEKA\REB3D\DEBUG\REBQUAT.OBJ
D:\WIN7PROG\REBEKA\REBEKA\REB3D\DEBUG\REBRAY.OBJ
D:\WIN7PROG\REBEKA\REBEKA\REB3D\DEBUG\REBVECTOR.OBJ
D:\WIN7PROG\REBEKA\REBEKA\REB3D\DEBUG\VC110.PDB
D:\WIN7PROG\REBEKA\REBEKA\DEBUG\REB3D.LIB
D:\win7prog\Rebeka\Rebeka\Reb3D\Debug\Rebaabb.obj
D:\win7prog\Rebeka\Rebeka\Reb3D\Debug\Rebcpu.obj
D:\win7prog\Rebeka\Rebeka\Reb3D\Debug\Rebmatrix.obj
D:\win7prog\Rebeka\Rebeka\Reb3D\Debug\Rebobb.obj
D:\win7prog\Rebeka\Rebeka\Reb3D\Debug\Rebplane.obj
D:\win7prog\Rebeka\Rebeka\Reb3D\Debug\Rebpolygon.obj
D:\win7prog\Rebeka\Rebeka\Reb3D\Debug\Rebquat.obj
D:\win7prog\Rebeka\Rebeka\Reb3D\Debug\Rebray.obj
D:\win7prog\Rebeka\Rebeka\Reb3D\Debug\Rebvector.obj
D:\win7prog\Rebeka\Rebeka\Reb3D\Debug\cl.command.1.tlog
D:\win7prog\Rebeka\Rebeka\Reb3D\Debug\CL.read.1.tlog
D:\win7prog\Rebeka\Rebeka\Reb3D\Debug\CL.write.1.tlog
D:\win7prog\Rebeka\Rebeka\Reb3D\Debug\Lib-link.read.1.tlog
D:\win7prog\Rebeka\Rebeka\Reb3D\Debug\Lib-link.write.1.tlog
D:\win7prog\Rebeka\Rebeka\Reb3D\Debug\lib.command.1.tlog
D:\win7prog\Rebeka\Rebeka\Reb3D\Debug\vc110.idb
D:\win7prog\Rebeka\Rebeka\Reb3D\Debug\vc110.pdb
D:\win7prog\Rebeka\Rebeka\Debug\Reb3D.lib
