D:\USERS\FELRUGO\DOCUMENTS\GITHUB\REBEKA\BIN32\REBSFML.BSC
D:\USERS\FELRUGO\DOCUMENTS\GITHUB\REBEKA\CODE\REBSFML\DEBUG\REBSFML_SOUNDSOURCE.SBR
D:\USERS\FELRUGO\DOCUMENTS\GITHUB\REBEKA\CODE\REBSFML\DEBUG\REBSFML_MUSICPLAYER.SBR
D:\USERS\FELRUGO\DOCUMENTS\GITHUB\REBEKA\CODE\REBSFML\DEBUG\REBSFML_INIT.SBR
D:\USERS\FELRUGO\DOCUMENTS\GITHUB\REBEKA\CODE\REBSFML\DEBUG\REBSFML_INIT.OBJ
D:\USERS\FELRUGO\DOCUMENTS\GITHUB\REBEKA\CODE\REBSFML\DEBUG\REBSFML_MUSICPLAYER.OBJ
D:\USERS\FELRUGO\DOCUMENTS\GITHUB\REBEKA\CODE\REBSFML\DEBUG\REBSFML_SOUNDSOURCE.OBJ
D:\USERS\FELRUGO\DOCUMENTS\GITHUB\REBEKA\CODE\REBSFML\DEBUG\VC110.PDB
D:\USERS\FELRUGO\DOCUMENTS\GITHUB\REBEKA\BIN32\REBSFML.ILK
D:\USERS\FELRUGO\DOCUMENTS\GITHUB\REBEKA\BIN32\REBSFML.DLL
D:\USERS\FELRUGO\DOCUMENTS\GITHUB\REBEKA\BIN32\REBSFML.PDB
䑞尺獕牥屳敦牬杵屯潄畣敭瑮屳楇䡴扵剜扥步屡潃敤剜扥䙓䱍剜扥䙓䱍瘮硣牰橯਍㩄啜敳獲晜汥畲潧䑜捯浵湥獴䝜瑩畈屢敒敢慫䉜湩㈳剜扥䙓䱍氮扩਍㩄啜敳獲晜汥畲潧䑜捯浵湥獴䝜瑩畈屢敒敢慫䉜湩㈳剜扥䙓䱍氮扩਍㩄啜敳獲晜汥畲潧䑜捯浵湥獴䝜瑩畈屢敒敢慫䉜湩㈳剜扥䙓䱍攮灸਍㩄啜敳獲晜汥畲潧䑜捯浵湥獴䝜瑩畈屢敒敢慫䉜湩㈳剜扥䙓䱍攮灸਍䑞尺獕牥屳敦牬杵屯潄畣敭瑮屳楇䡴扵剜扥步屡潃敤剜扥䙓䱍剜扥䙓䱍瘮硣牰橯਍㩄啜敳獲晜汥畲潧䑜捯浵湥獴䝜瑩畈屢敒敢慫䉜湩㈳剜扥䙓䱍氮扩਍㩄啜敳獲晜汥畲潧䑜捯浵湥獴䝜瑩畈屢敒敢慫䉜湩㈳剜扥䙓䱍氮扩਍㩄啜敳獲晜汥畲潧䑜捯浵湥獴䝜瑩畈屢敒敢慫䉜湩㈳剜扥䙓䱍攮灸਍㩄啜敳獲晜汥畲潧䑜捯浵湥獴䝜瑩畈屢敒敢慫䉜湩㈳剜扥䙓䱍攮灸਍
D:\Users\felrugo\Documents\GitHub\Rebeka\Code\RebSFML\Debug\RebSFML_init.obj
D:\Users\felrugo\Documents\GitHub\Rebeka\Code\RebSFML\Debug\RebSFML_MusicPlayer.obj
D:\Users\felrugo\Documents\GitHub\Rebeka\Code\RebSFML\Debug\RebSFML_SoundSource.obj
D:\Users\felrugo\Documents\GitHub\Rebeka\Code\RebSFML\Debug\BscMake.command.1.tlog
D:\Users\felrugo\Documents\GitHub\Rebeka\Code\RebSFML\Debug\bscmake.read.1.tlog
D:\Users\felrugo\Documents\GitHub\Rebeka\Code\RebSFML\Debug\BscMake.write.1.tlog
D:\Users\felrugo\Documents\GitHub\Rebeka\Code\RebSFML\Debug\cl.command.1.tlog
D:\Users\felrugo\Documents\GitHub\Rebeka\Code\RebSFML\Debug\CL.read.1.tlog
D:\Users\felrugo\Documents\GitHub\Rebeka\Code\RebSFML\Debug\CL.write.1.tlog
D:\Users\felrugo\Documents\GitHub\Rebeka\Code\RebSFML\Debug\link-cvtres.read.1.tlog
D:\Users\felrugo\Documents\GitHub\Rebeka\Code\RebSFML\Debug\link-cvtres.write.1.tlog
D:\Users\felrugo\Documents\GitHub\Rebeka\Code\RebSFML\Debug\link-rc.read.1.tlog
D:\Users\felrugo\Documents\GitHub\Rebeka\Code\RebSFML\Debug\link-rc.write.1.tlog
D:\Users\felrugo\Documents\GitHub\Rebeka\Code\RebSFML\Debug\link.command.1.tlog
D:\Users\felrugo\Documents\GitHub\Rebeka\Code\RebSFML\Debug\link.read.1.tlog
D:\Users\felrugo\Documents\GitHub\Rebeka\Code\RebSFML\Debug\link.write.1.tlog
D:\Users\felrugo\Documents\GitHub\Rebeka\Code\RebSFML\Debug\RebSFML.write.1.tlog
D:\Users\felrugo\Documents\GitHub\Rebeka\Code\RebSFML\Debug\vc110.idb
D:\Users\felrugo\Documents\GitHub\Rebeka\Code\RebSFML\Debug\vc110.pdb
D:\Users\felrugo\Documents\GitHub\Rebeka\Code\RebSFML\Debug\RebSFML_init.sbr
D:\Users\felrugo\Documents\GitHub\Rebeka\Code\RebSFML\Debug\RebSFML_MusicPlayer.sbr
D:\Users\felrugo\Documents\GitHub\Rebeka\Code\RebSFML\Debug\RebSFML_SoundSource.sbr
D:\Users\felrugo\Documents\GitHub\Rebeka\Code\RebSFML\..\..\Bin32\RebSFML.dll
