D:\USERS\FELRUGO\DOCUMENTS\GITHUB\REBEKA\WINDOWS (VISUAL C++)\REBSFML\DEBUG\REBSFML_INIT.OBJ
D:\USERS\FELRUGO\DOCUMENTS\GITHUB\REBEKA\WINDOWS (VISUAL C++)\REBSFML\DEBUG\REBSFML_MUSICPLAYER.OBJ
D:\USERS\FELRUGO\DOCUMENTS\GITHUB\REBEKA\WINDOWS (VISUAL C++)\REBSFML\DEBUG\REBSFML_SOUNDSOURCE.OBJ
D:\USERS\FELRUGO\DOCUMENTS\GITHUB\REBEKA\WINDOWS (VISUAL C++)\REBSFML\DEBUG\VC110.PDB
D:\USERS\FELRUGO\DOCUMENTS\GITHUB\REBEKA\WINDOWS (VISUAL C++)\DEBUG\REBSFML.ILK
D:\USERS\FELRUGO\DOCUMENTS\GITHUB\REBEKA\WINDOWS (VISUAL C++)\DEBUG\REBSFML.DLL
D:\USERS\FELRUGO\DOCUMENTS\GITHUB\REBEKA\WINDOWS (VISUAL C++)\DEBUG\REBSFML.PDB
D:\Users\felrugo\Documents\GitHub\Rebeka\Windows (Visual C++)\Debug\RebSFML.lib
D:\Users\felrugo\Documents\GitHub\Rebeka\Windows (Visual C++)\Debug\RebSFML.exp
D:\Users\felrugo\Documents\GitHub\Rebeka\Windows (Visual C++)\RebSFML\Debug\RebSFML_init.obj
D:\Users\felrugo\Documents\GitHub\Rebeka\Windows (Visual C++)\RebSFML\Debug\RebSFML_MusicPlayer.obj
D:\Users\felrugo\Documents\GitHub\Rebeka\Windows (Visual C++)\RebSFML\Debug\RebSFML_SoundSource.obj
D:\Users\felrugo\Documents\GitHub\Rebeka\Windows (Visual C++)\RebSFML\Debug\cl.command.1.tlog
D:\Users\felrugo\Documents\GitHub\Rebeka\Windows (Visual C++)\RebSFML\Debug\CL.read.1.tlog
D:\Users\felrugo\Documents\GitHub\Rebeka\Windows (Visual C++)\RebSFML\Debug\CL.write.1.tlog
D:\Users\felrugo\Documents\GitHub\Rebeka\Windows (Visual C++)\RebSFML\Debug\link-cvtres.read.1.tlog
D:\Users\felrugo\Documents\GitHub\Rebeka\Windows (Visual C++)\RebSFML\Debug\link-cvtres.write.1.tlog
D:\Users\felrugo\Documents\GitHub\Rebeka\Windows (Visual C++)\RebSFML\Debug\link-rc.read.1.tlog
D:\Users\felrugo\Documents\GitHub\Rebeka\Windows (Visual C++)\RebSFML\Debug\link-rc.write.1.tlog
D:\Users\felrugo\Documents\GitHub\Rebeka\Windows (Visual C++)\RebSFML\Debug\link.command.1.tlog
D:\Users\felrugo\Documents\GitHub\Rebeka\Windows (Visual C++)\RebSFML\Debug\link.read.1.tlog
D:\Users\felrugo\Documents\GitHub\Rebeka\Windows (Visual C++)\RebSFML\Debug\link.write.1.tlog
D:\Users\felrugo\Documents\GitHub\Rebeka\Windows (Visual C++)\RebSFML\Debug\RebSFML.write.1.tlog
D:\Users\felrugo\Documents\GitHub\Rebeka\Windows (Visual C++)\RebSFML\Debug\vc110.idb
D:\Users\felrugo\Documents\GitHub\Rebeka\Windows (Visual C++)\RebSFML\Debug\vc110.pdb
D:\Users\felrugo\Documents\GitHub\Rebeka\Windows (Visual C++)\Debug\RebSFML.pdb
D:\Users\felrugo\Documents\GitHub\Rebeka\Windows (Visual C++)\Debug\RebSFML.dll
D:\Users\felrugo\Documents\GitHub\Rebeka\Windows (Visual C++)\Debug\RebSFML.ilk
