D:\USERS\FELRUGO\DOCUMENTS\GITHUB\REBEKA\CODE\REBEKA\RELEASE\REBGAME.OBJ
D:\USERS\FELRUGO\DOCUMENTS\GITHUB\REBEKA\CODE\REBEKA\RELEASE\VC110.PDB
D:\USERS\FELRUGO\DOCUMENTS\GITHUB\REBEKA\BIN32\REBEKA.DLL
D:\USERS\FELRUGO\DOCUMENTS\GITHUB\REBEKA\BIN32\REBEKA.PDB
D:\Users\felrugo\Documents\GitHub\Rebeka\Bin32\Rebeka.lib
D:\Users\felrugo\Documents\GitHub\Rebeka\Bin32\Rebeka.exp
D:\Users\felrugo\Documents\GitHub\Rebeka\Code\Rebeka\Release\RebGame.obj
D:\Users\felrugo\Documents\GitHub\Rebeka\Code\Rebeka\Release\cl.command.1.tlog
D:\Users\felrugo\Documents\GitHub\Rebeka\Code\Rebeka\Release\CL.read.1.tlog
D:\Users\felrugo\Documents\GitHub\Rebeka\Code\Rebeka\Release\CL.write.1.tlog
D:\Users\felrugo\Documents\GitHub\Rebeka\Code\Rebeka\Release\link-cvtres.read.1.tlog
D:\Users\felrugo\Documents\GitHub\Rebeka\Code\Rebeka\Release\link-cvtres.write.1.tlog
D:\Users\felrugo\Documents\GitHub\Rebeka\Code\Rebeka\Release\link-rc.read.1.tlog
D:\Users\felrugo\Documents\GitHub\Rebeka\Code\Rebeka\Release\link-rc.write.1.tlog
D:\Users\felrugo\Documents\GitHub\Rebeka\Code\Rebeka\Release\link.command.1.tlog
D:\Users\felrugo\Documents\GitHub\Rebeka\Code\Rebeka\Release\link.read.1.tlog
D:\Users\felrugo\Documents\GitHub\Rebeka\Code\Rebeka\Release\link.write.1.tlog
D:\Users\felrugo\Documents\GitHub\Rebeka\Code\Rebeka\Release\Rebeka.write.1.tlog
D:\Users\felrugo\Documents\GitHub\Rebeka\Code\Rebeka\Release\vc110.pdb
D:\Users\felrugo\Documents\GitHub\Rebeka\Code\Rebeka\..\..\Bin32\Rebeka.dll
