D:\USERS\FELRUGO\DOCUMENTS\GITHUB\REBEKA\CODE\REBENTITYSYSTEM\RELEASE\REBENTITYSYSTEM.OBJ
D:\USERS\FELRUGO\DOCUMENTS\GITHUB\REBEKA\CODE\REBENTITYSYSTEM\RELEASE\REBENTITY.OBJ
D:\USERS\FELRUGO\DOCUMENTS\GITHUB\REBEKA\CODE\REBENTITYSYSTEM\RELEASE\COMPVISUAL.OBJ
D:\USERS\FELRUGO\DOCUMENTS\GITHUB\REBEKA\CODE\REBENTITYSYSTEM\RELEASE\COMPPHYSIC.OBJ
D:\USERS\FELRUGO\DOCUMENTS\GITHUB\REBEKA\CODE\REBENTITYSYSTEM\RELEASE\COMPINPUT.OBJ
D:\USERS\FELRUGO\DOCUMENTS\GITHUB\REBEKA\CODE\REBENTITYSYSTEM\RELEASE\VC110.PDB
D:\USERS\FELRUGO\DOCUMENTS\GITHUB\REBEKA\CODE\LIBS\X32\REBENTITYSYSTEM.LIB
D:\Users\felrugo\Documents\GitHub\Rebeka\Code\RebEntitySystem\Release\CompInput.obj
D:\Users\felrugo\Documents\GitHub\Rebeka\Code\RebEntitySystem\Release\CompPhysic.obj
D:\Users\felrugo\Documents\GitHub\Rebeka\Code\RebEntitySystem\Release\CompVisual.obj
D:\Users\felrugo\Documents\GitHub\Rebeka\Code\RebEntitySystem\Release\RebEntity.obj
D:\Users\felrugo\Documents\GitHub\Rebeka\Code\RebEntitySystem\Release\RebEntitySystem.obj
D:\Users\felrugo\Documents\GitHub\Rebeka\Code\RebEntitySystem\Release\cl.command.1.tlog
D:\Users\felrugo\Documents\GitHub\Rebeka\Code\RebEntitySystem\Release\CL.read.1.tlog
D:\Users\felrugo\Documents\GitHub\Rebeka\Code\RebEntitySystem\Release\CL.write.1.tlog
D:\Users\felrugo\Documents\GitHub\Rebeka\Code\RebEntitySystem\Release\Lib-link.read.1.tlog
D:\Users\felrugo\Documents\GitHub\Rebeka\Code\RebEntitySystem\Release\Lib-link.write.1.tlog
D:\Users\felrugo\Documents\GitHub\Rebeka\Code\RebEntitySystem\Release\lib.command.1.tlog
D:\Users\felrugo\Documents\GitHub\Rebeka\Code\RebEntitySystem\Release\vc110.pdb
D:\Users\felrugo\Documents\GitHub\Rebeka\Code\RebEntitySystem\..\Libs\x32\RebEntitySystem.lib
