D:\WIN7PROG\REBEKA\REBEKA\REBENTITYSYSTEM\DEBUG\COMPPHYSIC.OBJ
D:\WIN7PROG\REBEKA\REBEKA\REBENTITYSYSTEM\DEBUG\COMPVISUAL.OBJ
D:\WIN7PROG\REBEKA\REBEKA\REBENTITYSYSTEM\DEBUG\REBENTITY.OBJ
D:\WIN7PROG\REBEKA\REBEKA\REBENTITYSYSTEM\DEBUG\REBENTITYSYSTEM.OBJ
D:\WIN7PROG\REBEKA\REBEKA\REBENTITYSYSTEM\DEBUG\VC110.PDB
D:\WIN7PROG\REBEKA\REBEKA\REBENTITYSYSTEM\DEBUG\COMPINPUT.OBJ
D:\WIN7PROG\REBEKA\REBEKA\DEBUG\REBENTITYSYSTEM.LIB
D:\win7prog\Rebeka\Rebeka\RebEntitySystem\Debug\CompInput.obj
D:\win7prog\Rebeka\Rebeka\RebEntitySystem\Debug\CompPhysic.obj
D:\win7prog\Rebeka\Rebeka\RebEntitySystem\Debug\CompVisual.obj
D:\win7prog\Rebeka\Rebeka\RebEntitySystem\Debug\RebEntity.obj
D:\win7prog\Rebeka\Rebeka\RebEntitySystem\Debug\RebEntitySystem.obj
D:\win7prog\Rebeka\Rebeka\RebEntitySystem\Debug\cl.command.1.tlog
D:\win7prog\Rebeka\Rebeka\RebEntitySystem\Debug\CL.read.1.tlog
D:\win7prog\Rebeka\Rebeka\RebEntitySystem\Debug\CL.write.1.tlog
D:\win7prog\Rebeka\Rebeka\RebEntitySystem\Debug\Lib-link.read.1.tlog
D:\win7prog\Rebeka\Rebeka\RebEntitySystem\Debug\Lib-link.write.1.tlog
D:\win7prog\Rebeka\Rebeka\RebEntitySystem\Debug\lib.command.1.tlog
D:\win7prog\Rebeka\Rebeka\RebEntitySystem\Debug\vc110.idb
D:\win7prog\Rebeka\Rebeka\RebEntitySystem\Debug\vc110.pdb
D:\win7prog\Rebeka\Rebeka\Debug\RebEntitySystem.lib
