This file contains any messages produced by compilers while
running configure, to aid debugging if configure makes a mistake.

It was created by freealut library configure 1.1.0, which was
generated by GNU Autoconf 2.59.  Invocation command line was

  $ ./configure --disable-dependency-tracking --bindir=/SDK/Local/C --prefix=/SDK/Local --libdir=/SDK/Local/newlib/lib --includedir=/SDK/Local/common/include CPPFLAGS=-fPIC

## --------- ##
## Platform. ##
## --------- ##

hostname = localhost
uname -m = ppc
uname -r = 53.1
uname -s = AmigaOS
uname -v = 3.5

/usr/bin/uname -p = unknown
/bin/uname -X     = unknown

/bin/arch              = unknown
/usr/bin/arch -k       = unknown
/usr/convex/getsysinfo = unknown
hostinfo               = unknown
/bin/machine           = unknown
/usr/bin/oslevel       = unknown
/bin/universe          = unknown

PATH: /gcc/bin
PATH: /SDK/C
PATH: /SDK/Local/C
PATH: /SDK/Local/newlib/bin
PATH: /SDK/Local/clib2/bin
PATH: /C
PATH: .


## ----------- ##
## Core tests. ##
## ----------- ##

configure:1430: creating cache /dev/null
configure:1557: checking for a BSD-compatible install
configure:1612: result: /SDK/Local/C/ginstall -c
configure:1623: checking whether build environment is sane
configure:1666: result: yes
configure:1731: checking for gawk
configure:1760: result: no
configure:1731: checking for mawk
configure:1760: result: no
configure:1731: checking for nawk
configure:1747: found /SDK/Local/C/nawk
configure:1757: result: nawk
configure:1767: checking whether /SDK/C/gmake sets $(MAKE)
configure:1787: result: yes
configure:2053: checking for gcc
configure:2069: found /gcc/bin/gcc
configure:2079: result: gcc
configure:2323: checking for C compiler version
configure:2326: gcc --version </dev/null >&5
gcc (GCC) 4.2.4 (adtools build 20090118)
Copyright (C) 2007 Free Software Foundation, Inc.
This is free software; see the source for copying conditions.  There is NO
warranty; not even for MERCHANTABILITY or FITNESS FOR A PARTICULAR PURPOSE.

configure:2329: $? = 0
configure:2331: gcc -v </dev/null >&5
Using built-in specs.
Target: ppc-amigaos
Configured with: ../gcc/configure --prefix=/gcc --host=ppc-amigaos --target=ppc-amigaos --build=i686-cygwin --enable-haifa --enable-sjlj-exceptions --enable-languages=c,c++
Thread model: single
gcc version 4.2.4 (adtools build 20090118)
configure:2334: $? = 0
configure:2336: gcc -V </dev/null >&5
gcc: '-V' option must have argument
configure:2339: $? = 1
configure:2362: checking for C compiler default output file name
configure:2365: gcc  -fPIC  conftest.c  >&5
configure:2368: $? = 0
configure:2414: result: a.out
configure:2419: checking whether the C compiler works
configure:2425: ./a.out
configure:2428: $? = 0
configure:2445: result: yes
configure:2452: checking whether we are cross compiling
configure:2454: result: no
configure:2457: checking for suffix of executables
configure:2459: gcc -o conftest  -fPIC  conftest.c  >&5
configure:2462: $? = 0
configure:2487: result: 
configure:2493: checking for suffix of object files
configure:2514: gcc -c  -fPIC conftest.c >&5
configure:2517: $? = 0
configure:2539: result: o
configure:2543: checking whether we are using the GNU C compiler
configure:2567: gcc -c  -fPIC conftest.c >&5
configure:2573: $? = 0
configure:2577: test -z 
			 || test ! -s conftest.err
configure:2580: $? = 0
configure:2583: test -s conftest.o
configure:2586: $? = 0
configure:2599: result: yes
configure:2605: checking whether gcc accepts -g
configure:2626: gcc -c -g -fPIC conftest.c >&5
configure:2632: $? = 0
configure:2636: test -z 
			 || test ! -s conftest.err
configure:2639: $? = 0
configure:2642: test -s conftest.o
configure:2645: $? = 0
configure:2656: result: yes
configure:2673: checking for gcc option to accept ANSI C
configure:2743: gcc  -c -g -O2 -fPIC conftest.c >&5
configure:2749: $? = 0
configure:2753: test -z 
			 || test ! -s conftest.err
configure:2756: $? = 0
configure:2759: test -s conftest.o
configure:2762: $? = 0
configure:2780: result: none needed
configure:2798: gcc -c -g -O2 -fPIC conftest.c >&5
conftest.c:2: error: expected '=', ',', ';', 'asm' or '__attribute__' before 'me'
configure:2804: $? = 1
configure: failed program was:
| #ifndef __cplusplus
|   choke me
| #endif
configure:2948: checking for style of include used by /SDK/C/gmake
configure:2976: result: GNU
configure:3004: checking dependency style of gcc
configure:3094: result: none
configure:3112: checking for an ANSI C-conforming const
configure:3179: gcc -c -g -O2 -fPIC conftest.c >&5
configure:3185: $? = 0
configure:3189: test -z 
			 || test ! -s conftest.err
configure:3192: $? = 0
configure:3195: test -s conftest.o
configure:3198: $? = 0
configure:3209: result: yes
configure:3219: checking whether the C compiler supports __attribute__
configure:3236: gcc -c -g -O2 -fPIC conftest.c >&5
configure:3242: $? = 0
configure:3246: test -z 
			 || test ! -s conftest.err
configure:3249: $? = 0
configure:3252: test -s conftest.o
configure:3255: $? = 0
configure:3266: result: yes
configure:3280: checking whether gcc accepts -fvisibility=hidden
configure:3313: result: yes
configure:3328: checking whether gcc accepts -Wno-deprecated-declarations
configure:3361: result: yes
configure:3461: checking build system type
configure:3479: result: powerpc-unknown-amigaos
configure:3487: checking host system type
configure:3501: result: powerpc-unknown-amigaos
configure:3509: checking for a sed that does not truncate output
configure:3563: result: /SDK/Local/C/sed
configure:3566: checking for egrep
configure:3576: result: grep -E
configure:3592: checking for ld used by gcc
configure:3659: result: ld
configure:3668: checking if the linker (ld) is GNU ld
configure:3683: result: yes
configure:3688: checking for ld option to reload object files
configure:3695: result: -r
configure:3713: checking for BSD-compatible nm
configure:3755: result: /gcc/bin/nm -B
configure:3759: checking whether ln -s works
configure:3763: result: yes
configure:3770: checking how to recognise dependent libraries
configure:3942: result: unknown
configure:4396: checking how to run the C preprocessor
configure:4431: gcc -E -fPIC conftest.c
configure:4437: $? = 0
configure:4469: gcc -E -fPIC conftest.c
conftest.c:13:28: error: ac_nonexistent.h: No such file or directory
configure:4475: $? = 1
configure: failed program was:
| /* confdefs.h.  */
| 
| #define PACKAGE_NAME "freealut library"
| #define PACKAGE_TARNAME "freealut"
| #define PACKAGE_VERSION "1.1.0"
| #define PACKAGE_STRING "freealut library 1.1.0"
| #define PACKAGE_BUGREPORT "openal-devel@opensource.creative.com"
| #define PACKAGE "freealut"
| #define VERSION "1.1.0"
| #define HAVE___ATTRIBUTE__ 1
| #define HAVE_GCC_VISIBILITY 1
| /* end confdefs.h.  */
| #include <ac_nonexistent.h>
configure:4514: result: gcc -E
configure:4538: gcc -E -fPIC conftest.c
configure:4544: $? = 0
configure:4576: gcc -E -fPIC conftest.c
conftest.c:13:28: error: ac_nonexistent.h: No such file or directory
configure:4582: $? = 1
configure: failed program was:
| /* confdefs.h.  */
| 
| #define PACKAGE_NAME "freealut library"
| #define PACKAGE_TARNAME "freealut"
| #define PACKAGE_VERSION "1.1.0"
| #define PACKAGE_STRING "freealut library 1.1.0"
| #define PACKAGE_BUGREPORT "openal-devel@opensource.creative.com"
| #define PACKAGE "freealut"
| #define VERSION "1.1.0"
| #define HAVE___ATTRIBUTE__ 1
| #define HAVE_GCC_VISIBILITY 1
| /* end confdefs.h.  */
| #include <ac_nonexistent.h>
configure:4626: checking for ANSI C header files
configure:4651: gcc -c -g -O2 -fPIC conftest.c >&5
configure:4657: $? = 0
configure:4661: test -z 
			 || test ! -s conftest.err
configure:4664: $? = 0
configure:4667: test -s conftest.o
configure:4670: $? = 0
configure:4759: gcc -o conftest -g -O2 -fPIC  conftest.c  >&5
conftest.c: In function 'main':
conftest.c:30: warning: incompatible implicit declaration of built-in function 'exit'
configure:4762: $? = 0
configure:4764: ./conftest
configure:4767: $? = 0
configure:4782: result: yes
configure:4806: checking for sys/types.h
configure:4822: gcc -c -g -O2 -fPIC conftest.c >&5
configure:4828: $? = 0
configure:4832: test -z 
			 || test ! -s conftest.err
configure:4835: $? = 0
configure:4838: test -s conftest.o
configure:4841: $? = 0
configure:4852: result: yes
configure:4806: checking for sys/stat.h
configure:4822: gcc -c -g -O2 -fPIC conftest.c >&5
configure:4828: $? = 0
configure:4832: test -z 
			 || test ! -s conftest.err
configure:4835: $? = 0
configure:4838: test -s conftest.o
configure:4841: $? = 0
configure:4852: result: yes
configure:4806: checking for stdlib.h
configure:4822: gcc -c -g -O2 -fPIC conftest.c >&5
configure:4828: $? = 0
configure:4832: test -z 
			 || test ! -s conftest.err
configure:4835: $? = 0
configure:4838: test -s conftest.o
configure:4841: $? = 0
configure:4852: result: yes
configure:4806: checking for string.h
configure:4822: gcc -c -g -O2 -fPIC conftest.c >&5
configure:4828: $? = 0
configure:4832: test -z 
			 || test ! -s conftest.err
configure:4835: $? = 0
configure:4838: test -s conftest.o
configure:4841: $? = 0
configure:4852: result: yes
configure:4806: checking for memory.h
configure:4822: gcc -c -g -O2 -fPIC conftest.c >&5
conftest.c:53:20: error: memory.h: No such file or directory
configure:4828: $? = 1
configure: failed program was:
| /* confdefs.h.  */
| 
| #define PACKAGE_NAME "freealut library"
| #define PACKAGE_TARNAME "freealut"
| #define PACKAGE_VERSION "1.1.0"
| #define PACKAGE_STRING "freealut library 1.1.0"
| #define PACKAGE_BUGREPORT "openal-devel@opensource.creative.com"
| #define PACKAGE "freealut"
| #define VERSION "1.1.0"
| #define HAVE___ATTRIBUTE__ 1
| #define HAVE_GCC_VISIBILITY 1
| #define STDC_HEADERS 1
| #define HAVE_SYS_TYPES_H 1
| #define HAVE_SYS_STAT_H 1
| #define HAVE_STDLIB_H 1
| #define HAVE_STRING_H 1
| /* end confdefs.h.  */
| #include <stdio.h>
| #if HAVE_SYS_TYPES_H
| # include <sys/types.h>
| #endif
| #if HAVE_SYS_STAT_H
| # include <sys/stat.h>
| #endif
| #if STDC_HEADERS
| # include <stdlib.h>
| # include <stddef.h>
| #else
| # if HAVE_STDLIB_H
| #  include <stdlib.h>
| # endif
| #endif
| #if HAVE_STRING_H
| # if !STDC_HEADERS && HAVE_MEMORY_H
| #  include <memory.h>
| # endif
| # include <string.h>
| #endif
| #if HAVE_STRINGS_H
| # include <strings.h>
| #endif
| #if HAVE_INTTYPES_H
| # include <inttypes.h>
| #else
| # if HAVE_STDINT_H
| #  include <stdint.h>
| # endif
| #endif
| #if HAVE_UNISTD_H
| # include <unistd.h>
| #endif
| 
| #include <memory.h>
configure:4852: result: no
configure:4806: checking for strings.h
configure:4822: gcc -c -g -O2 -fPIC conftest.c >&5
configure:4828: $? = 0
configure:4832: test -z 
			 || test ! -s conftest.err
configure:4835: $? = 0
configure:4838: test -s conftest.o
configure:4841: $? = 0
configure:4852: result: yes
configure:4806: checking for inttypes.h
configure:4822: gcc -c -g -O2 -fPIC conftest.c >&5
configure:4828: $? = 0
configure:4832: test -z 
			 || test ! -s conftest.err
configure:4835: $? = 0
configure:4838: test -s conftest.o
configure:4841: $? = 0
configure:4852: result: yes
configure:4806: checking for stdint.h
configure:4822: gcc -c -g -O2 -fPIC conftest.c >&5
configure:4828: $? = 0
configure:4832: test -z 
			 || test ! -s conftest.err
configure:4835: $? = 0
configure:4838: test -s conftest.o
configure:4841: $? = 0
configure:4852: result: yes
configure:4806: checking for unistd.h
configure:4822: gcc -c -g -O2 -fPIC conftest.c >&5
configure:4828: $? = 0
configure:4832: test -z 
			 || test ! -s conftest.err
configure:4835: $? = 0
configure:4838: test -s conftest.o
configure:4841: $? = 0
configure:4852: result: yes
configure:4878: checking dlfcn.h usability
configure:4890: gcc -c -g -O2 -fPIC conftest.c >&5
configure:4896: $? = 0
configure:4900: test -z 
			 || test ! -s conftest.err
configure:4903: $? = 0
configure:4906: test -s conftest.o
configure:4909: $? = 0
configure:4919: result: yes
configure:4923: checking dlfcn.h presence
configure:4933: gcc -E -fPIC conftest.c
configure:4939: $? = 0
configure:4959: result: yes
configure:4994: checking for dlfcn.h
configure:5001: result: yes
configure:5066: checking for g++
configure:5082: found /gcc/bin/g++
configure:5092: result: g++
configure:5108: checking for C++ compiler version
configure:5111: g++ --version </dev/null >&5
g++ (GCC) 4.2.4 (adtools build 20090118)
Copyright (C) 2007 Free Software Foundation, Inc.
This is free software; see the source for copying conditions.  There is NO
warranty; not even for MERCHANTABILITY or FITNESS FOR A PARTICULAR PURPOSE.

configure:5114: $? = 0
configure:5116: g++ -v </dev/null >&5
Using built-in specs.
Target: ppc-amigaos
Configured with: ../gcc/configure --prefix=/gcc --host=ppc-amigaos --target=ppc-amigaos --build=i686-cygwin --enable-haifa --enable-sjlj-exceptions --enable-languages=c,c++
Thread model: single
gcc version 4.2.4 (adtools build 20090118)
configure:5119: $? = 0
configure:5121: g++ -V </dev/null >&5
g++: '-V' option must have argument
configure:5124: $? = 1
configure:5127: checking whether we are using the GNU C++ compiler
configure:5151: g++ -c  -fPIC conftest.cc >&5
configure:5157: $? = 0
configure:5161: test -z 
			 || test ! -s conftest.err
configure:5164: $? = 0
configure:5167: test -s conftest.o
configure:5170: $? = 0
configure:5183: result: yes
configure:5189: checking whether g++ accepts -g
configure:5210: g++ -c -g -fPIC conftest.cc >&5
configure:5216: $? = 0
configure:5220: test -z 
			 || test ! -s conftest.err
configure:5223: $? = 0
configure:5226: test -s conftest.o
configure:5229: $? = 0
configure:5240: result: yes
configure:5282: g++ -c -g -O2 -fPIC conftest.cc >&5
configure:5288: $? = 0
configure:5292: test -z 
			 || test ! -s conftest.err
configure:5295: $? = 0
configure:5298: test -s conftest.o
configure:5301: $? = 0
configure:5327: g++ -c -g -O2 -fPIC conftest.cc >&5
conftest.cc: In function 'int main()':
conftest.cc:27: error: 'exit' was not declared in this scope
configure:5333: $? = 1
configure: failed program was:
| /* confdefs.h.  */
| 
| #define PACKAGE_NAME "freealut library"
| #define PACKAGE_TARNAME "freealut"
| #define PACKAGE_VERSION "1.1.0"
| #define PACKAGE_STRING "freealut library 1.1.0"
| #define PACKAGE_BUGREPORT "openal-devel@opensource.creative.com"
| #define PACKAGE "freealut"
| #define VERSION "1.1.0"
| #define HAVE___ATTRIBUTE__ 1
| #define HAVE_GCC_VISIBILITY 1
| #define STDC_HEADERS 1
| #define HAVE_SYS_TYPES_H 1
| #define HAVE_SYS_STAT_H 1
| #define HAVE_STDLIB_H 1
| #define HAVE_STRING_H 1
| #define HAVE_STRINGS_H 1
| #define HAVE_INTTYPES_H 1
| #define HAVE_STDINT_H 1
| #define HAVE_UNISTD_H 1
| #define HAVE_DLFCN_H 1
| /* end confdefs.h.  */
| 
| int
| main ()
| {
| exit (42);
|   ;
|   return 0;
| }
configure:5282: g++ -c -g -O2 -fPIC conftest.cc >&5
conftest.cc:23: error: 'void std::exit(int)' should have been declared inside 'std'
In file included from conftest.cc:24:
/SDK/newlib/include/stdlib.h:85: error: declaration of 'void std::exit(int)' throws different exceptions
conftest.cc:23: error: from previous declaration 'void std::exit(int) throw ()'
configure:5288: $? = 1
configure: failed program was:
| /* confdefs.h.  */
| 
| #define PACKAGE_NAME "freealut library"
| #define PACKAGE_TARNAME "freealut"
| #define PACKAGE_VERSION "1.1.0"
| #define PACKAGE_STRING "freealut library 1.1.0"
| #define PACKAGE_BUGREPORT "openal-devel@opensource.creative.com"
| #define PACKAGE "freealut"
| #define VERSION "1.1.0"
| #define HAVE___ATTRIBUTE__ 1
| #define HAVE_GCC_VISIBILITY 1
| #define STDC_HEADERS 1
| #define HAVE_SYS_TYPES_H 1
| #define HAVE_SYS_STAT_H 1
| #define HAVE_STDLIB_H 1
| #define HAVE_STRING_H 1
| #define HAVE_STRINGS_H 1
| #define HAVE_INTTYPES_H 1
| #define HAVE_STDINT_H 1
| #define HAVE_UNISTD_H 1
| #define HAVE_DLFCN_H 1
| /* end confdefs.h.  */
| extern "C" void std::exit (int) throw (); using std::exit;
| #include <stdlib.h>
| int
| main ()
| {
| exit (42);
|   ;
|   return 0;
| }
configure:5282: g++ -c -g -O2 -fPIC conftest.cc >&5
conftest.cc:23: error: 'void std::exit(int)' should have been declared inside 'std'
configure:5288: $? = 1
configure: failed program was:
| /* confdefs.h.  */
| 
| #define PACKAGE_NAME "freealut library"
| #define PACKAGE_TARNAME "freealut"
| #define PACKAGE_VERSION "1.1.0"
| #define PACKAGE_STRING "freealut library 1.1.0"
| #define PACKAGE_BUGREPORT "openal-devel@opensource.creative.com"
| #define PACKAGE "freealut"
| #define VERSION "1.1.0"
| #define HAVE___ATTRIBUTE__ 1
| #define HAVE_GCC_VISIBILITY 1
| #define STDC_HEADERS 1
| #define HAVE_SYS_TYPES_H 1
| #define HAVE_SYS_STAT_H 1
| #define HAVE_STDLIB_H 1
| #define HAVE_STRING_H 1
| #define HAVE_STRINGS_H 1
| #define HAVE_INTTYPES_H 1
| #define HAVE_STDINT_H 1
| #define HAVE_UNISTD_H 1
| #define HAVE_DLFCN_H 1
| /* end confdefs.h.  */
| extern "C" void std::exit (int); using std::exit;
| #include <stdlib.h>
| int
| main ()
| {
| exit (42);
|   ;
|   return 0;
| }
configure:5282: g++ -c -g -O2 -fPIC conftest.cc >&5
In file included from conftest.cc:24:
/SDK/newlib/include/stdlib.h:85: error: declaration of 'void exit(int)' throws different exceptions
conftest.cc:23: error: from previous declaration 'void exit(int) throw ()'
configure:5288: $? = 1
configure: failed program was:
| /* confdefs.h.  */
| 
| #define PACKAGE_NAME "freealut library"
| #define PACKAGE_TARNAME "freealut"
| #define PACKAGE_VERSION "1.1.0"
| #define PACKAGE_STRING "freealut library 1.1.0"
| #define PACKAGE_BUGREPORT "openal-devel@opensource.creative.com"
| #define PACKAGE "freealut"
| #define VERSION "1.1.0"
| #define HAVE___ATTRIBUTE__ 1
| #define HAVE_GCC_VISIBILITY 1
| #define STDC_HEADERS 1
| #define HAVE_SYS_TYPES_H 1
| #define HAVE_SYS_STAT_H 1
| #define HAVE_STDLIB_H 1
| #define HAVE_STRING_H 1
| #define HAVE_STRINGS_H 1
| #define HAVE_INTTYPES_H 1
| #define HAVE_STDINT_H 1
| #define HAVE_UNISTD_H 1
| #define HAVE_DLFCN_H 1
| /* end confdefs.h.  */
| extern "C" void exit (int) throw ();
| #include <stdlib.h>
| int
| main ()
| {
| exit (42);
|   ;
|   return 0;
| }
configure:5282: g++ -c -g -O2 -fPIC conftest.cc >&5
configure:5288: $? = 0
configure:5292: test -z 
			 || test ! -s conftest.err
configure:5295: $? = 0
configure:5298: test -s conftest.o
configure:5301: $? = 0
configure:5327: g++ -c -g -O2 -fPIC conftest.cc >&5
configure:5333: $? = 0
configure:5337: test -z 
			 || test ! -s conftest.err
configure:5340: $? = 0
configure:5343: test -s conftest.o
configure:5346: $? = 0
configure:5371: checking dependency style of g++
configure:5461: result: none
configure:5488: checking how to run the C++ preprocessor
configure:5519: g++ -E -fPIC conftest.cc
configure:5525: $? = 0
configure:5557: g++ -E -fPIC conftest.cc
conftest.cc:26:28: error: ac_nonexistent.h: No such file or directory
configure:5563: $? = 1
configure: failed program was:
| /* confdefs.h.  */
| 
| #define PACKAGE_NAME "freealut library"
| #define PACKAGE_TARNAME "freealut"
| #define PACKAGE_VERSION "1.1.0"
| #define PACKAGE_STRING "freealut library 1.1.0"
| #define PACKAGE_BUGREPORT "openal-devel@opensource.creative.com"
| #define PACKAGE "freealut"
| #define VERSION "1.1.0"
| #define HAVE___ATTRIBUTE__ 1
| #define HAVE_GCC_VISIBILITY 1
| #define STDC_HEADERS 1
| #define HAVE_SYS_TYPES_H 1
| #define HAVE_SYS_STAT_H 1
| #define HAVE_STDLIB_H 1
| #define HAVE_STRING_H 1
| #define HAVE_STRINGS_H 1
| #define HAVE_INTTYPES_H 1
| #define HAVE_STDINT_H 1
| #define HAVE_UNISTD_H 1
| #define HAVE_DLFCN_H 1
| #ifdef __cplusplus
| extern "C" void exit (int);
| #endif
| /* end confdefs.h.  */
| #include <ac_nonexistent.h>
configure:5602: result: g++ -E
configure:5626: g++ -E -fPIC conftest.cc
configure:5632: $? = 0
configure:5664: g++ -E -fPIC conftest.cc
conftest.cc:26:28: error: ac_nonexistent.h: No such file or directory
configure:5670: $? = 1
configure: failed program was:
| /* confdefs.h.  */
| 
| #define PACKAGE_NAME "freealut library"
| #define PACKAGE_TARNAME "freealut"
| #define PACKAGE_VERSION "1.1.0"
| #define PACKAGE_STRING "freealut library 1.1.0"
| #define PACKAGE_BUGREPORT "openal-devel@opensource.creative.com"
| #define PACKAGE "freealut"
| #define VERSION "1.1.0"
| #define HAVE___ATTRIBUTE__ 1
| #define HAVE_GCC_VISIBILITY 1
| #define STDC_HEADERS 1
| #define HAVE_SYS_TYPES_H 1
| #define HAVE_SYS_STAT_H 1
| #define HAVE_STDLIB_H 1
| #define HAVE_STRING_H 1
| #define HAVE_STRINGS_H 1
| #define HAVE_INTTYPES_H 1
| #define HAVE_STDINT_H 1
| #define HAVE_UNISTD_H 1
| #define HAVE_DLFCN_H 1
| #ifdef __cplusplus
| extern "C" void exit (int);
| #endif
| /* end confdefs.h.  */
| #include <ac_nonexistent.h>
configure:5767: checking for g77
configure:5796: result: no
configure:5767: checking for f77
configure:5796: result: no
configure:5767: checking for xlf
configure:5796: result: no
configure:5767: checking for frt
configure:5796: result: no
configure:5767: checking for pgf77
configure:5796: result: no
configure:5767: checking for fort77
configure:5796: result: no
configure:5767: checking for fl32
configure:5796: result: no
configure:5767: checking for af77
configure:5796: result: no
configure:5767: checking for f90
configure:5796: result: no
configure:5767: checking for xlf90
configure:5796: result: no
configure:5767: checking for pgf90
configure:5796: result: no
configure:5767: checking for epcf90
configure:5796: result: no
configure:5767: checking for f95
configure:5796: result: no
configure:5767: checking for fort
configure:5796: result: no
configure:5767: checking for xlf95
configure:5796: result: no
configure:5767: checking for ifc
configure:5796: result: no
configure:5767: checking for efc
configure:5796: result: no
configure:5767: checking for pgf95
configure:5796: result: no
configure:5767: checking for lf95
configure:5796: result: no
configure:5767: checking for gfortran
configure:5796: result: no
configure:5808: checking for Fortran 77 compiler version
configure:5811:  --version </dev/null >&5
./configure: --version: not found
configure:5814: $? = 127
configure:5816:  -v </dev/null >&5
./configure: -v: not found
configure:5819: $? = 127
configure:5821:  -V </dev/null >&5
./configure: -V: not found
configure:5824: $? = 127
configure:5832: checking whether we are using the GNU Fortran 77 compiler
configure:5846:  -c  conftest.F >&5
./configure: -c: not found
configure:5852: $? = 127
configure: failed program was:
|       program main
| #ifndef __GNUC__
|        choke me
| #endif
| 
|       end
configure:5878: result: no
configure:5884: checking whether  accepts -g
configure:5896:  -c -g conftest.f >&5
./configure: -c: not found
configure:5902: $? = 127
configure: failed program was:
|       program main
| 
|       end
configure:5927: result: no
configure:5957: checking the maximum length of command line arguments
configure:6048: result: 8192
configure:6059: checking command to parse /gcc/bin/nm -B output from gcc object
configure:6155: gcc -c -g -O2 -fPIC conftest.c >&5
configure:6158: $? = 0
configure:6162: /gcc/bin/nm -B conftest.o \| sed -n -e 's/^.*[ 	]\([ABCDGIRSTW][ABCDGIRSTW]*\)[ 	][ 	]*\([_A-Za-z][_A-Za-z0-9]*\)$/\1 \2 \2/p' \> conftest.nm
configure:6165: $? = 0
configure:6217: gcc -o conftest -g -O2 -fPIC  conftest.c conftstm.o >&5
configure:6220: $? = 0
configure:6258: result: ok
configure:6262: checking for objdir
configure:6277: result: .libs
configure:6367: checking for ar
configure:6383: found /gcc/bin/ar
configure:6394: result: ar
configure:6447: checking for ranlib
configure:6463: found /gcc/bin/ranlib
configure:6474: result: ranlib
configure:6527: checking for strip
configure:6543: found /gcc/bin/strip
configure:6554: result: strip
configure:6818: checking if gcc static flag  works
configure:6841: result: yes
configure:6859: checking if gcc supports -fno-rtti -fno-exceptions
configure:6877: gcc -c -g -O2 -fPIC -fno-rtti -fno-exceptions conftest.c >&5
cc1: warning: command line option "-fno-rtti" is valid for C++/ObjC++ but not for C
configure:6881: $? = 0
configure:6892: result: no
configure:6907: checking for gcc option to produce PIC
configure:7106: result: -m68020 -resident32 -malways-restore-a4
configure:7114: checking if gcc PIC flag -m68020 -resident32 -malways-restore-a4 works
configure:7132: gcc -c -g -O2 -fPIC -m68020 -resident32 -malways-restore-a4 -DPIC conftest.c >&5
cc1: error: unrecognized command line option "-m68020"
cc1: error: unrecognized command line option "-malways-restore-a4"
configure:7136: $? = 1
configure:7147: result: no
configure:7171: checking if gcc supports -c -o file.o
configure:7192: gcc -c -g -O2 -fPIC -o out/conftest2.o conftest.c >&5
configure:7196: $? = 0
configure:7216: result: yes
configure:7242: checking whether the gcc linker (ld) supports shared libraries
configure:8104: result: no
configure:8175: checking dynamic linker characteristics
configure:8717: result: amigaos ld.so
configure:8721: checking how to hardcode library paths into programs
configure:8746: result: immediate
configure:8760: checking whether stripping libraries is possible
configure:8765: result: yes
configure:9595: checking if libtool supports shared libraries
configure:9597: result: no
configure:9600: checking whether to build shared libraries
configure:9621: result: no
configure:9624: checking whether to build static libraries
configure:9628: result: yes
configure:9720: creating libtool
configure:10275: checking for ld used by g++
configure:10342: result: ld
configure:10351: checking if the linker (ld) is GNU ld
configure:10366: result: yes
configure:10417: checking whether the g++ linker (ld) supports shared libraries
configure:11299: result: no
configure:11317: g++ -c -g -O2 -fPIC conftest.cc >&5
configure:11320: $? = 0
configure:11416: checking for g++ option to produce PIC
configure:11684: result: -m68020 -resident32 -malways-restore-a4
configure:11692: checking if g++ PIC flag -m68020 -resident32 -malways-restore-a4 works
configure:11710: g++ -c -g -O2 -fPIC -m68020 -resident32 -malways-restore-a4 -DPIC conftest.cc >&5
cc1plus: error: unrecognized command line option "-m68020"
cc1plus: error: unrecognized command line option "-malways-restore-a4"
configure:11714: $? = 1
configure:11725: result: no
configure:11749: checking if g++ supports -c -o file.o
configure:11770: g++ -c -g -O2 -fPIC -o out/conftest2.o conftest.cc >&5
configure:11774: $? = 0
configure:11794: result: yes
configure:11820: checking whether the g++ linker (ld) supports shared libraries
configure:11845: result: no
configure:11916: checking dynamic linker characteristics
configure:12458: result: amigaos ld.so
configure:12462: checking how to hardcode library paths into programs
configure:12487: result: immediate
configure:12501: checking whether stripping libraries is possible
configure:12506: result: yes
configure:19850: checking for library containing pthread_self
configure:19880: gcc -o conftest -g -O2 -fPIC  conftest.c  >&5
/T/ccBgQqYL.o: In function `main':
/Bob/Coding/freealut-1.1.0/conftest.c:38: undefined reference to `pthread_self'
configure:19886: $? = 1
configure: failed program was:
| /* confdefs.h.  */
| 
| #define PACKAGE_NAME "freealut library"
| #define PACKAGE_TARNAME "freealut"
| #define PACKAGE_VERSION "1.1.0"
| #define PACKAGE_STRING "freealut library 1.1.0"
| #define PACKAGE_BUGREPORT "openal-devel@opensource.creative.com"
| #define PACKAGE "freealut"
| #define VERSION "1.1.0"
| #define HAVE___ATTRIBUTE__ 1
| #define HAVE_GCC_VISIBILITY 1
| #define STDC_HEADERS 1
| #define HAVE_SYS_TYPES_H 1
| #define HAVE_SYS_STAT_H 1
| #define HAVE_STDLIB_H 1
| #define HAVE_STRING_H 1
| #define HAVE_STRINGS_H 1
| #define HAVE_INTTYPES_H 1
| #define HAVE_STDINT_H 1
| #define HAVE_UNISTD_H 1
| #define HAVE_DLFCN_H 1
| #ifdef __cplusplus
| extern "C" void exit (int);
| #endif
| #define ALUT_BUILD_LIBRARY 1
| /* end confdefs.h.  */
| 
| /* Override any gcc2 internal prototype to avoid an error.  */
| #ifdef __cplusplus
| extern "C"
| #endif
| /* We use char because int might match the return type of a gcc2
|    builtin and then its argument prototype would still apply.  */
| char pthread_self ();
| int
| main ()
| {
| pthread_self ();
|   ;
|   return 0;
| }
configure:19935: gcc -o conftest -g -O2 -fPIC  conftest.c -lpthread   >&5
configure:19941: $? = 0
configure:19945: test -z 
			 || test ! -s conftest.err
configure:19948: $? = 0
configure:19951: test -s conftest
configure:19954: $? = 0
configure:19969: result: -lpthread
configure:19976: checking for library containing alGetError
configure:20006: gcc -o conftest -g -O2 -fPIC  conftest.c -lpthread  >&5
/T/ccv5qwnY.o: In function `main':
/Bob/Coding/freealut-1.1.0/conftest.c:38: undefined reference to `alGetError'
configure:20012: $? = 1
configure: failed program was:
| /* confdefs.h.  */
| 
| #define PACKAGE_NAME "freealut library"
| #define PACKAGE_TARNAME "freealut"
| #define PACKAGE_VERSION "1.1.0"
| #define PACKAGE_STRING "freealut library 1.1.0"
| #define PACKAGE_BUGREPORT "openal-devel@opensource.creative.com"
| #define PACKAGE "freealut"
| #define VERSION "1.1.0"
| #define HAVE___ATTRIBUTE__ 1
| #define HAVE_GCC_VISIBILITY 1
| #define STDC_HEADERS 1
| #define HAVE_SYS_TYPES_H 1
| #define HAVE_SYS_STAT_H 1
| #define HAVE_STDLIB_H 1
| #define HAVE_STRING_H 1
| #define HAVE_STRINGS_H 1
| #define HAVE_INTTYPES_H 1
| #define HAVE_STDINT_H 1
| #define HAVE_UNISTD_H 1
| #define HAVE_DLFCN_H 1
| #ifdef __cplusplus
| extern "C" void exit (int);
| #endif
| #define ALUT_BUILD_LIBRARY 1
| /* end confdefs.h.  */
| 
| /* Override any gcc2 internal prototype to avoid an error.  */
| #ifdef __cplusplus
| extern "C"
| #endif
| /* We use char because int might match the return type of a gcc2
|    builtin and then its argument prototype would still apply.  */
| char alGetError ();
| int
| main ()
| {
| alGetError ();
|   ;
|   return 0;
| }
configure:20061: gcc -o conftest -g -O2 -fPIC  conftest.c -lopenal32  -lpthread  >&5
Bob:Coding/SDK/gcc/ppc-amigaos/bin/ld: cannot find -lopenal32
configure:20067: $? = 1
configure: failed program was:
| /* confdefs.h.  */
| 
| #define PACKAGE_NAME "freealut library"
| #define PACKAGE_TARNAME "freealut"
| #define PACKAGE_VERSION "1.1.0"
| #define PACKAGE_STRING "freealut library 1.1.0"
| #define PACKAGE_BUGREPORT "openal-devel@opensource.creative.com"
| #define PACKAGE "freealut"
| #define VERSION "1.1.0"
| #define HAVE___ATTRIBUTE__ 1
| #define HAVE_GCC_VISIBILITY 1
| #define STDC_HEADERS 1
| #define HAVE_SYS_TYPES_H 1
| #define HAVE_SYS_STAT_H 1
| #define HAVE_STDLIB_H 1
| #define HAVE_STRING_H 1
| #define HAVE_STRINGS_H 1
| #define HAVE_INTTYPES_H 1
| #define HAVE_STDINT_H 1
| #define HAVE_UNISTD_H 1
| #define HAVE_DLFCN_H 1
| #ifdef __cplusplus
| extern "C" void exit (int);
| #endif
| #define ALUT_BUILD_LIBRARY 1
| /* end confdefs.h.  */
| 
| /* Override any gcc2 internal prototype to avoid an error.  */
| #ifdef __cplusplus
| extern "C"
| #endif
| /* We use char because int might match the return type of a gcc2
|    builtin and then its argument prototype would still apply.  */
| char alGetError ();
| int
| main ()
| {
| alGetError ();
|   ;
|   return 0;
| }
configure:20061: gcc -o conftest -g -O2 -fPIC  conftest.c -lopenal  -lpthread  >&5
configure:20067: $? = 0
configure:20071: test -z 
			 || test ! -s conftest.err
configure:20074: $? = 0
configure:20077: test -s conftest
configure:20080: $? = 0
configure:20095: result: -lopenal
configure:20131: checking for ANSI C header files
configure:20287: result: yes
configure:20318: checking AL/alc.h usability
configure:20330: gcc -c -g -O2 -fPIC conftest.c >&5
configure:20336: $? = 0
configure:20340: test -z 
			 || test ! -s conftest.err
configure:20343: $? = 0
configure:20346: test -s conftest.o
configure:20349: $? = 0
configure:20359: result: yes
configure:20363: checking AL/alc.h presence
configure:20373: gcc -E -fPIC conftest.c
configure:20379: $? = 0
configure:20399: result: yes
configure:20434: checking for AL/alc.h
configure:20441: result: yes
configure:20318: checking AL/al.h usability
configure:20330: gcc -c -g -O2 -fPIC conftest.c >&5
configure:20336: $? = 0
configure:20340: test -z 
			 || test ! -s conftest.err
configure:20343: $? = 0
configure:20346: test -s conftest.o
configure:20349: $? = 0
configure:20359: result: yes
configure:20363: checking AL/al.h presence
configure:20373: gcc -E -fPIC conftest.c
configure:20379: $? = 0
configure:20399: result: yes
configure:20434: checking for AL/al.h
configure:20441: result: yes
configure:20318: checking basetsd.h usability
configure:20330: gcc -c -g -O2 -fPIC conftest.c >&5
conftest.c:67:21: error: basetsd.h: No such file or directory
configure:20336: $? = 1
configure: failed program was:
| /* confdefs.h.  */
| 
| #define PACKAGE_NAME "freealut library"
| #define PACKAGE_TARNAME "freealut"
| #define PACKAGE_VERSION "1.1.0"
| #define PACKAGE_STRING "freealut library 1.1.0"
| #define PACKAGE_BUGREPORT "openal-devel@opensource.creative.com"
| #define PACKAGE "freealut"
| #define VERSION "1.1.0"
| #define HAVE___ATTRIBUTE__ 1
| #define HAVE_GCC_VISIBILITY 1
| #define STDC_HEADERS 1
| #define HAVE_SYS_TYPES_H 1
| #define HAVE_SYS_STAT_H 1
| #define HAVE_STDLIB_H 1
| #define HAVE_STRING_H 1
| #define HAVE_STRINGS_H 1
| #define HAVE_INTTYPES_H 1
| #define HAVE_STDINT_H 1
| #define HAVE_UNISTD_H 1
| #define HAVE_DLFCN_H 1
| #ifdef __cplusplus
| extern "C" void exit (int);
| #endif
| #define ALUT_BUILD_LIBRARY 1
| #define _XOPEN_SOURCE 500
| #define _POSIX_C_SOURCE 199309
| #define __NO_CTYPE 1
| #define STDC_HEADERS 1
| #define HAVE_AL_ALC_H 1
| #define HAVE_AL_AL_H 1
| /* end confdefs.h.  */
| #include <stdio.h>
| #if HAVE_SYS_TYPES_H
| # include <sys/types.h>
| #endif
| #if HAVE_SYS_STAT_H
| # include <sys/stat.h>
| #endif
| #if STDC_HEADERS
| # include <stdlib.h>
| # include <stddef.h>
| #else
| # if HAVE_STDLIB_H
| #  include <stdlib.h>
| # endif
| #endif
| #if HAVE_STRING_H
| # if !STDC_HEADERS && HAVE_MEMORY_H
| #  include <memory.h>
| # endif
| # include <string.h>
| #endif
| #if HAVE_STRINGS_H
| # include <strings.h>
| #endif
| #if HAVE_INTTYPES_H
| # include <inttypes.h>
| #else
| # if HAVE_STDINT_H
| #  include <stdint.h>
| # endif
| #endif
| #if HAVE_UNISTD_H
| # include <unistd.h>
| #endif
| #include <basetsd.h>
configure:20359: result: no
configure:20363: checking basetsd.h presence
configure:20373: gcc -E -fPIC conftest.c
conftest.c:33:21: error: basetsd.h: No such file or directory
configure:20379: $? = 1
configure: failed program was:
| /* confdefs.h.  */
| 
| #define PACKAGE_NAME "freealut library"
| #define PACKAGE_TARNAME "freealut"
| #define PACKAGE_VERSION "1.1.0"
| #define PACKAGE_STRING "freealut library 1.1.0"
| #define PACKAGE_BUGREPORT "openal-devel@opensource.creative.com"
| #define PACKAGE "freealut"
| #define VERSION "1.1.0"
| #define HAVE___ATTRIBUTE__ 1
| #define HAVE_GCC_VISIBILITY 1
| #define STDC_HEADERS 1
| #define HAVE_SYS_TYPES_H 1
| #define HAVE_SYS_STAT_H 1
| #define HAVE_STDLIB_H 1
| #define HAVE_STRING_H 1
| #define HAVE_STRINGS_H 1
| #define HAVE_INTTYPES_H 1
| #define HAVE_STDINT_H 1
| #define HAVE_UNISTD_H 1
| #define HAVE_DLFCN_H 1
| #ifdef __cplusplus
| extern "C" void exit (int);
| #endif
| #define ALUT_BUILD_LIBRARY 1
| #define _XOPEN_SOURCE 500
| #define _POSIX_C_SOURCE 199309
| #define __NO_CTYPE 1
| #define STDC_HEADERS 1
| #define HAVE_AL_ALC_H 1
| #define HAVE_AL_AL_H 1
| /* end confdefs.h.  */
| #include <basetsd.h>
configure:20399: result: no
configure:20434: checking for basetsd.h
configure:20441: result: no
configure:20318: checking ctype.h usability
configure:20330: gcc -c -g -O2 -fPIC conftest.c >&5
configure:20336: $? = 0
configure:20340: test -z 
			 || test ! -s conftest.err
configure:20343: $? = 0
configure:20346: test -s conftest.o
configure:20349: $? = 0
configure:20359: result: yes
configure:20363: checking ctype.h presence
configure:20373: gcc -E -fPIC conftest.c
configure:20379: $? = 0
configure:20399: result: yes
configure:20434: checking for ctype.h
configure:20441: result: yes
configure:20318: checking math.h usability
configure:20330: gcc -c -g -O2 -fPIC conftest.c >&5
configure:20336: $? = 0
configure:20340: test -z 
			 || test ! -s conftest.err
configure:20343: $? = 0
configure:20346: test -s conftest.o
configure:20349: $? = 0
configure:20359: result: yes
configure:20363: checking math.h presence
configure:20373: gcc -E -fPIC conftest.c
configure:20379: $? = 0
configure:20399: result: yes
configure:20434: checking for math.h
configure:20441: result: yes
configure:20318: checking stdio.h usability
configure:20330: gcc -c -g -O2 -fPIC conftest.c >&5
configure:20336: $? = 0
configure:20340: test -z 
			 || test ! -s conftest.err
configure:20343: $? = 0
configure:20346: test -s conftest.o
configure:20349: $? = 0
configure:20359: result: yes
configure:20363: checking stdio.h presence
configure:20373: gcc -E -fPIC conftest.c
configure:20379: $? = 0
configure:20399: result: yes
configure:20434: checking for stdio.h
configure:20441: result: yes
configure:20318: checking time.h usability
configure:20330: gcc -c -g -O2 -fPIC conftest.c >&5
configure:20336: $? = 0
configure:20340: test -z 
			 || test ! -s conftest.err
configure:20343: $? = 0
configure:20346: test -s conftest.o
configure:20349: $? = 0
configure:20359: result: yes
configure:20363: checking time.h presence
configure:20373: gcc -E -fPIC conftest.c
configure:20379: $? = 0
configure:20399: result: yes
configure:20434: checking for time.h
configure:20441: result: yes
configure:20318: checking windows.h usability
configure:20330: gcc -c -g -O2 -fPIC conftest.c >&5
conftest.c:71:21: error: windows.h: No such file or directory
configure:20336: $? = 1
configure: failed program was:
| /* confdefs.h.  */
| 
| #define PACKAGE_NAME "freealut library"
| #define PACKAGE_TARNAME "freealut"
| #define PACKAGE_VERSION "1.1.0"
| #define PACKAGE_STRING "freealut library 1.1.0"
| #define PACKAGE_BUGREPORT "openal-devel@opensource.creative.com"
| #define PACKAGE "freealut"
| #define VERSION "1.1.0"
| #define HAVE___ATTRIBUTE__ 1
| #define HAVE_GCC_VISIBILITY 1
| #define STDC_HEADERS 1
| #define HAVE_SYS_TYPES_H 1
| #define HAVE_SYS_STAT_H 1
| #define HAVE_STDLIB_H 1
| #define HAVE_STRING_H 1
| #define HAVE_STRINGS_H 1
| #define HAVE_INTTYPES_H 1
| #define HAVE_STDINT_H 1
| #define HAVE_UNISTD_H 1
| #define HAVE_DLFCN_H 1
| #ifdef __cplusplus
| extern "C" void exit (int);
| #endif
| #define ALUT_BUILD_LIBRARY 1
| #define _XOPEN_SOURCE 500
| #define _POSIX_C_SOURCE 199309
| #define __NO_CTYPE 1
| #define STDC_HEADERS 1
| #define HAVE_AL_ALC_H 1
| #define HAVE_AL_AL_H 1
| #define HAVE_CTYPE_H 1
| #define HAVE_MATH_H 1
| #define HAVE_STDIO_H 1
| #define HAVE_TIME_H 1
| /* end confdefs.h.  */
| #include <stdio.h>
| #if HAVE_SYS_TYPES_H
| # include <sys/types.h>
| #endif
| #if HAVE_SYS_STAT_H
| # include <sys/stat.h>
| #endif
| #if STDC_HEADERS
| # include <stdlib.h>
| # include <stddef.h>
| #else
| # if HAVE_STDLIB_H
| #  include <stdlib.h>
| # endif
| #endif
| #if HAVE_STRING_H
| # if !STDC_HEADERS && HAVE_MEMORY_H
| #  include <memory.h>
| # endif
| # include <string.h>
| #endif
| #if HAVE_STRINGS_H
| # include <strings.h>
| #endif
| #if HAVE_INTTYPES_H
| # include <inttypes.h>
| #else
| # if HAVE_STDINT_H
| #  include <stdint.h>
| # endif
| #endif
| #if HAVE_UNISTD_H
| # include <unistd.h>
| #endif
| #include <windows.h>
configure:20359: result: no
configure:20363: checking windows.h presence
configure:20373: gcc -E -fPIC conftest.c
conftest.c:37:21: error: windows.h: No such file or directory
configure:20379: $? = 1
configure: failed program was:
| /* confdefs.h.  */
| 
| #define PACKAGE_NAME "freealut library"
| #define PACKAGE_TARNAME "freealut"
| #define PACKAGE_VERSION "1.1.0"
| #define PACKAGE_STRING "freealut library 1.1.0"
| #define PACKAGE_BUGREPORT "openal-devel@opensource.creative.com"
| #define PACKAGE "freealut"
| #define VERSION "1.1.0"
| #define HAVE___ATTRIBUTE__ 1
| #define HAVE_GCC_VISIBILITY 1
| #define STDC_HEADERS 1
| #define HAVE_SYS_TYPES_H 1
| #define HAVE_SYS_STAT_H 1
| #define HAVE_STDLIB_H 1
| #define HAVE_STRING_H 1
| #define HAVE_STRINGS_H 1
| #define HAVE_INTTYPES_H 1
| #define HAVE_STDINT_H 1
| #define HAVE_UNISTD_H 1
| #define HAVE_DLFCN_H 1
| #ifdef __cplusplus
| extern "C" void exit (int);
| #endif
| #define ALUT_BUILD_LIBRARY 1
| #define _XOPEN_SOURCE 500
| #define _POSIX_C_SOURCE 199309
| #define __NO_CTYPE 1
| #define STDC_HEADERS 1
| #define HAVE_AL_ALC_H 1
| #define HAVE_AL_AL_H 1
| #define HAVE_CTYPE_H 1
| #define HAVE_MATH_H 1
| #define HAVE_STDIO_H 1
| #define HAVE_TIME_H 1
| /* end confdefs.h.  */
| #include <windows.h>
configure:20399: result: no
configure:20434: checking for windows.h
configure:20441: result: no
configure:20456: checking for nanosleep
configure:20477: gcc -o conftest -g -O2 -fPIC  conftest.c -lopenal -lpthread  >&5
/T/ccZE8XIT.o: In function `main':
/Bob/Coding/freealut-1.1.0/conftest.c:41: undefined reference to `nanosleep'
configure:20483: $? = 1
configure: failed program was:
| /* confdefs.h.  */
| 
| #define PACKAGE_NAME "freealut library"
| #define PACKAGE_TARNAME "freealut"
| #define PACKAGE_VERSION "1.1.0"
| #define PACKAGE_STRING "freealut library 1.1.0"
| #define PACKAGE_BUGREPORT "openal-devel@opensource.creative.com"
| #define PACKAGE "freealut"
| #define VERSION "1.1.0"
| #define HAVE___ATTRIBUTE__ 1
| #define HAVE_GCC_VISIBILITY 1
| #define STDC_HEADERS 1
| #define HAVE_SYS_TYPES_H 1
| #define HAVE_SYS_STAT_H 1
| #define HAVE_STDLIB_H 1
| #define HAVE_STRING_H 1
| #define HAVE_STRINGS_H 1
| #define HAVE_INTTYPES_H 1
| #define HAVE_STDINT_H 1
| #define HAVE_UNISTD_H 1
| #define HAVE_DLFCN_H 1
| #ifdef __cplusplus
| extern "C" void exit (int);
| #endif
| #define ALUT_BUILD_LIBRARY 1
| #define _XOPEN_SOURCE 500
| #define _POSIX_C_SOURCE 199309
| #define __NO_CTYPE 1
| #define STDC_HEADERS 1
| #define HAVE_AL_ALC_H 1
| #define HAVE_AL_AL_H 1
| #define HAVE_CTYPE_H 1
| #define HAVE_MATH_H 1
| #define HAVE_STDIO_H 1
| #define HAVE_TIME_H 1
| /* end confdefs.h.  */
| #include <time.h>
| int
| main ()
| {
| nanosleep ((struct timespec*)0, (struct timespec*)0);
|   ;
|   return 0;
| }
configure:20508: result: no
configure:20519: checking for usleep
configure:20540: gcc -o conftest -g -O2 -fPIC  conftest.c -lopenal -lpthread  >&5
configure:20546: $? = 0
configure:20550: test -z 
			 || test ! -s conftest.err
configure:20553: $? = 0
configure:20556: test -s conftest
configure:20559: $? = 0
configure:20571: result: yes
configure:20582: checking for Sleep
configure:20603: gcc -o conftest -g -O2 -fPIC  conftest.c -lopenal -lpthread  >&5
conftest.c:38:21: error: windows.h: No such file or directory
configure:20609: $? = 1
configure: failed program was:
| /* confdefs.h.  */
| 
| #define PACKAGE_NAME "freealut library"
| #define PACKAGE_TARNAME "freealut"
| #define PACKAGE_VERSION "1.1.0"
| #define PACKAGE_STRING "freealut library 1.1.0"
| #define PACKAGE_BUGREPORT "openal-devel@opensource.creative.com"
| #define PACKAGE "freealut"
| #define VERSION "1.1.0"
| #define HAVE___ATTRIBUTE__ 1
| #define HAVE_GCC_VISIBILITY 1
| #define STDC_HEADERS 1
| #define HAVE_SYS_TYPES_H 1
| #define HAVE_SYS_STAT_H 1
| #define HAVE_STDLIB_H 1
| #define HAVE_STRING_H 1
| #define HAVE_STRINGS_H 1
| #define HAVE_INTTYPES_H 1
| #define HAVE_STDINT_H 1
| #define HAVE_UNISTD_H 1
| #define HAVE_DLFCN_H 1
| #ifdef __cplusplus
| extern "C" void exit (int);
| #endif
| #define ALUT_BUILD_LIBRARY 1
| #define _XOPEN_SOURCE 500
| #define _POSIX_C_SOURCE 199309
| #define __NO_CTYPE 1
| #define STDC_HEADERS 1
| #define HAVE_AL_ALC_H 1
| #define HAVE_AL_AL_H 1
| #define HAVE_CTYPE_H 1
| #define HAVE_MATH_H 1
| #define HAVE_STDIO_H 1
| #define HAVE_TIME_H 1
| #define HAVE_USLEEP 1
| /* end confdefs.h.  */
| #include <windows.h>
| int
| main ()
| {
| Sleep (0);
|   ;
|   return 0;
| }
configure:20634: result: no
configure:20645: checking for stat
configure:20668: gcc -o conftest -g -O2 -fPIC  conftest.c -lopenal -lpthread  >&5
configure:20674: $? = 0
configure:20678: test -z 
			 || test ! -s conftest.err
configure:20681: $? = 0
configure:20684: test -s conftest
configure:20687: $? = 0
configure:20699: result: yes
configure:20710: checking for _stat
configure:20732: gcc -o conftest -g -O2 -fPIC  conftest.c -lopenal -lpthread  >&5
/T/ccgV6OWU.o: In function `main':
/Bob/Coding/freealut-1.1.0/conftest.c:44: undefined reference to `_stat'
configure:20738: $? = 1
configure: failed program was:
| /* confdefs.h.  */
| 
| #define PACKAGE_NAME "freealut library"
| #define PACKAGE_TARNAME "freealut"
| #define PACKAGE_VERSION "1.1.0"
| #define PACKAGE_STRING "freealut library 1.1.0"
| #define PACKAGE_BUGREPORT "openal-devel@opensource.creative.com"
| #define PACKAGE "freealut"
| #define VERSION "1.1.0"
| #define HAVE___ATTRIBUTE__ 1
| #define HAVE_GCC_VISIBILITY 1
| #define STDC_HEADERS 1
| #define HAVE_SYS_TYPES_H 1
| #define HAVE_SYS_STAT_H 1
| #define HAVE_STDLIB_H 1
| #define HAVE_STRING_H 1
| #define HAVE_STRINGS_H 1
| #define HAVE_INTTYPES_H 1
| #define HAVE_STDINT_H 1
| #define HAVE_UNISTD_H 1
| #define HAVE_DLFCN_H 1
| #ifdef __cplusplus
| extern "C" void exit (int);
| #endif
| #define ALUT_BUILD_LIBRARY 1
| #define _XOPEN_SOURCE 500
| #define _POSIX_C_SOURCE 199309
| #define __NO_CTYPE 1
| #define STDC_HEADERS 1
| #define HAVE_AL_ALC_H 1
| #define HAVE_AL_AL_H 1
| #define HAVE_CTYPE_H 1
| #define HAVE_MATH_H 1
| #define HAVE_STDIO_H 1
| #define HAVE_TIME_H 1
| #define HAVE_USLEEP 1
| #define HAVE_STAT 1
| /* end confdefs.h.  */
| #include <sys/types.h>
|                   #include <sys/stat.h>
| int
| main ()
| {
| _stat ("", (struct _stat*)0);
|   ;
|   return 0;
| }
configure:20763: result: no
configure:20918: checking for cos in -lm
configure:20948: gcc -o conftest -g -O2 -fPIC  conftest.c -lm  -lopenal -lpthread  >&5
conftest.c:46: warning: conflicting types for built-in function 'cos'
configure:20954: $? = 0
configure:20958: test -z 
			 || test ! -s conftest.err
configure:20961: $? = 0
configure:20964: test -s conftest
configure:20967: $? = 0
configure:20980: result: yes
configure:21003: checking flags for maximum ANSI warnings
configure:21039: gcc -c -g -O2 -pedantic  -Wall -ansi -pedantic -fPIC conftest.c >&5
configure:21045: $? = 0
configure:21049: test -z 
			 || test ! -s conftest.err
configure:21052: $? = 0
configure:21055: test -s conftest.o
configure:21058: $? = 0
configure:21077: result: -Wall -ansi -pedantic
configure:21090: : flags="$flags $ac_cv_cflags_warn_all_ansi"
configure:21093: $? = 0
configure:21509: creating ./config.status

## ---------------------- ##
## Running config.status. ##
## ---------------------- ##

This file was extended by freealut library config.status 1.1.0, which was
generated by GNU Autoconf 2.59.  Invocation command line was

  CONFIG_FILES    = 
  CONFIG_HEADERS  = 
  CONFIG_LINKS    = 
  CONFIG_COMMANDS = 
  $ ./config.status 

on localhost

config.status:735: creating Makefile
config.status:735: creating admin/Makefile
config.status:735: creating admin/pkgconfig/Makefile
config.status:735: creating admin/pkgconfig/freealut-config
config.status:735: creating admin/pkgconfig/freealut.pc
config.status:735: creating admin/RPM/freealut.spec
config.status:735: creating examples/Makefile
config.status:735: creating include/Makefile
config.status:735: creating src/Makefile
config.status:735: creating test_suite/Makefile
config.status:839: creating config.h
config.status:1155: executing depfiles commands

## ---------------- ##
## Cache variables. ##
## ---------------- ##

ac_cv_build=powerpc-unknown-amigaos
ac_cv_build_alias=ppc-unknown-amigaos
ac_cv_c_compiler_gnu=yes
ac_cv_c_const=yes
ac_cv_cflags_warn_all_ansi='-Wall -ansi -pedantic'
ac_cv_cxx_compiler_gnu=yes
ac_cv_env_CC_set=
ac_cv_env_CC_value=
ac_cv_env_CFLAGS_set=
ac_cv_env_CFLAGS_value=
ac_cv_env_CPPFLAGS_set=set
ac_cv_env_CPPFLAGS_value=-fPIC
ac_cv_env_CPP_set=
ac_cv_env_CPP_value=
ac_cv_env_CXXCPP_set=
ac_cv_env_CXXCPP_value=
ac_cv_env_CXXFLAGS_set=
ac_cv_env_CXXFLAGS_value=
ac_cv_env_CXX_set=
ac_cv_env_CXX_value=
ac_cv_env_F77_set=
ac_cv_env_F77_value=
ac_cv_env_FFLAGS_set=
ac_cv_env_FFLAGS_value=
ac_cv_env_LDFLAGS_set=
ac_cv_env_LDFLAGS_value=
ac_cv_env_build_alias_set=
ac_cv_env_build_alias_value=
ac_cv_env_host_alias_set=
ac_cv_env_host_alias_value=
ac_cv_env_target_alias_set=
ac_cv_env_target_alias_value=
ac_cv_exeext=
ac_cv_f77_compiler_gnu=no
ac_cv_header_AL_al_h=yes
ac_cv_header_AL_alc_h=yes
ac_cv_header_basetsd_h=no
ac_cv_header_ctype_h=yes
ac_cv_header_dlfcn_h=yes
ac_cv_header_inttypes_h=yes
ac_cv_header_math_h=yes
ac_cv_header_memory_h=no
ac_cv_header_stdc=yes
ac_cv_header_stdint_h=yes
ac_cv_header_stdio_h=yes
ac_cv_header_stdlib_h=yes
ac_cv_header_string_h=yes
ac_cv_header_strings_h=yes
ac_cv_header_sys_stat_h=yes
ac_cv_header_sys_types_h=yes
ac_cv_header_time_h=yes
ac_cv_header_unistd_h=yes
ac_cv_header_windows_h=no
ac_cv_host=powerpc-unknown-amigaos
ac_cv_host_alias=ppc-unknown-amigaos
ac_cv_lib_m_cos=yes
ac_cv_objext=o
ac_cv_path_install='/SDK/Local/C/ginstall -c'
ac_cv_prog_AWK=nawk
ac_cv_prog_CPP='gcc -E'
ac_cv_prog_CXXCPP='g++ -E'
ac_cv_prog_ac_ct_AR=ar
ac_cv_prog_ac_ct_CC=gcc
ac_cv_prog_ac_ct_CXX=g++
ac_cv_prog_ac_ct_RANLIB=ranlib
ac_cv_prog_ac_ct_STRIP=strip
ac_cv_prog_cc_g=yes
ac_cv_prog_cc_stdc=
ac_cv_prog_cxx_g=yes
ac_cv_prog_egrep='grep -E'
ac_cv_prog_f77_g=no
ac_cv_prog_make__SDK_C_gmake_set=yes
ac_cv_search_alGetError=-lopenal
ac_cv_search_pthread_self=-lpthread
alut_cv_CFLAGS_Wno_deprecated_declarations=yes
alut_cv_CFLAGS_fvisibility_hidden=yes
alut_cv___attribute__=yes
alut_cv_func_Sleep=no
alut_cv_func__stat=no
alut_cv_func_nanosleep=no
alut_cv_func_stat=yes
alut_cv_func_usleep=yes
am_cv_CC_dependencies_compiler_type=none
am_cv_CXX_dependencies_compiler_type=none
lt_cv_deplibs_check_method=unknown
lt_cv_file_magic_cmd='$MAGIC_CMD'
lt_cv_file_magic_test_file=
lt_cv_ld_reload_flag=-r
lt_cv_objdir=.libs
lt_cv_path_LD=ld
lt_cv_path_LDCXX=ld
lt_cv_path_NM='/gcc/bin/nm -B'
lt_cv_path_SED=/SDK/Local/C/sed
lt_cv_prog_compiler_c_o=yes
lt_cv_prog_compiler_c_o_CXX=yes
lt_cv_prog_compiler_rtti_exceptions=no
lt_cv_prog_gnu_ld=yes
lt_cv_prog_gnu_ldcxx=yes
lt_cv_sys_global_symbol_pipe='sed -n -e '\''s/^.*[ 	]\([ABCDGIRSTW][ABCDGIRSTW]*\)[ 	][ 	]*\([_A-Za-z][_A-Za-z0-9]*\)$/\1 \2 \2/p'\'
lt_cv_sys_global_symbol_to_c_name_address='sed -n -e '\''s/^: \([^ ]*\) $/  {\"\1\", (lt_ptr) 0},/p'\'' -e '\''s/^[BCDEGRST] \([^ ]*\) \([^ ]*\)$/  {"\2", (lt_ptr) \&\2},/p'\'
lt_cv_sys_global_symbol_to_cdecl='sed -n -e '\''s/^. .* \(.*\)$/extern int \1;/p'\'
lt_cv_sys_max_cmd_len=8192
lt_lt_cv_prog_compiler_c_o='"yes"'
lt_lt_cv_prog_compiler_c_o_CXX='"yes"'
lt_lt_cv_sys_global_symbol_pipe='"sed -n -e '\''s/^.*[ 	]\\([ABCDGIRSTW][ABCDGIRSTW]*\\)[ 	][ 	]*\\([_A-Za-z][_A-Za-z0-9]*\\)\$/\\1 \\2 \\2/p'\''"'
lt_lt_cv_sys_global_symbol_to_c_name_address='"sed -n -e '\''s/^: \\([^ ]*\\) \$/  {\\\"\\1\\\", (lt_ptr) 0},/p'\'' -e '\''s/^[BCDEGRST] \\([^ ]*\\) \\([^ ]*\\)\$/  {\"\\2\", (lt_ptr) \\&\\2},/p'\''"'
lt_lt_cv_sys_global_symbol_to_cdecl='"sed -n -e '\''s/^. .* \\(.*\\)\$/extern int \\1;/p'\''"'

## ----------------- ##
## Output variables. ##
## ----------------- ##

ac_ct_AR='ar'
ac_ct_AS=''
ac_ct_CC='gcc'
ac_ct_CXX='g++'
ac_ct_DLLTOOL=''
ac_ct_F77=''
ac_ct_OBJDUMP=''
ac_ct_RANLIB='ranlib'
ac_ct_STRIP='strip'
ACLOCAL='${SHELL} /Bob/Coding/freealut-1.1.0/admin/autotools/missing --run aclocal-1.9'
am__fastdepCC_FALSE=''
am__fastdepCC_TRUE='#'
am__fastdepCXX_FALSE=''
am__fastdepCXX_TRUE='#'
am__include='include'
am__leading_dot='.'
am__quote=''
am__tar='${AMTAR} chof - "$$tardir"'
am__untar='${AMTAR} xf -'
AM_CFLAGS=' -fvisibility=hidden  -Wall -ansi -pedantic'
AMDEP_FALSE=''
AMDEP_TRUE='#'
AMDEPBACKSLASH=''
AMTAR='${SHELL} /Bob/Coding/freealut-1.1.0/admin/autotools/missing --run tar'
AR='ar'
AS='as'
AUTOCONF='${SHELL} /Bob/Coding/freealut-1.1.0/admin/autotools/missing --run autoconf'
AUTOHEADER='${SHELL} /Bob/Coding/freealut-1.1.0/admin/autotools/missing --run autoheader'
AUTOMAKE='${SHELL} /Bob/Coding/freealut-1.1.0/admin/autotools/missing --run automake-1.9'
AWK='nawk'
bindir='/SDK/Local/C'
build='powerpc-unknown-amigaos'
build_alias=''
build_cpu='powerpc'
build_os='amigaos'
build_vendor='unknown'
CC='gcc'
CCDEPMODE='depmode=none'
CFLAGS='-g -O2'
CPP='gcc -E'
CPPFLAGS='-fPIC'
CXX='g++'
CXXCPP='g++ -E'
CXXDEPMODE='depmode=none'
CXXFLAGS='-g -O2'
CYGPATH_W='echo'
datadir='${prefix}/share'
DEFS='-DHAVE_CONFIG_H'
DEPDIR='.deps'
DLLTOOL='dlltool'
ECHO='/SDK/Local/C/echo'
ECHO_C=''ECHO_N=''
ECHO_T=''
EGREP='grep -E'
exec_prefix='${prefix}'
EXEEXT=''
F77=''
FFLAGS=''
host='powerpc-unknown-amigaos'
host_alias=''
host_cpu='powerpc'
host_os='amigaos'
host_vendor='unknown'
includedir='/SDK/Local/common/include'
infodir='${prefix}/info'
INSTALL_DATA='${INSTALL} -m 644'
INSTALL_PROGRAM='${INSTALL}'
INSTALL_SCRIPT='${INSTALL}'
install_sh='/Bob/Coding/freealut-1.1.0/admin/autotools/install-sh'
INSTALL_STRIP_PROGRAM='${SHELL} $(install_sh) -c -s'
LDFLAGS=''
libdir='/SDK/Local/newlib/lib'
libexecdir='${exec_prefix}/libexec'
LIBM='-lm'
LIBOBJS=''
LIBS='-lopenal -lpthread '
LIBTOOL='$(SHELL) $(top_builddir)/libtool'
LIBTOOL_DEPS='admin/autotools/ltmain.sh'
LN_S='ln -s'
localstatedir='${prefix}/var'
LTLIBOBJS=''
MAKEINFO='${SHELL} /Bob/Coding/freealut-1.1.0/admin/autotools/missing --run makeinfo'
mandir='${prefix}/man'
mkdir_p='mkdir -p --'
OBJDUMP='objdump'
OBJEXT='o'
oldincludedir='/usr/include'
PACKAGE='freealut'
PACKAGE_BUGREPORT='openal-devel@opensource.creative.com'
PACKAGE_NAME='freealut library'
PACKAGE_STRING='freealut library 1.1.0'
PACKAGE_TARNAME='freealut'
PACKAGE_VERSION='1.1.0'
PATH_SEPARATOR=':'
prefix='/SDK/Local'
program_transform_name='s,x,x,'
RANLIB='ranlib'
sbindir='${exec_prefix}/sbin'
SET_MAKE=''
sharedstatedir='${prefix}/com'
SHELL='/bin/sh'
STRIP='strip'
sysconfdir='${prefix}/etc'
target_alias=''
VERSION='1.1.0'
VERSIONINFO='1:0:1'
WNO_DEPRECATED_DECLARATIONS_FALSE='#'
WNO_DEPRECATED_DECLARATIONS_TRUE=''

## ----------- ##
## confdefs.h. ##
## ----------- ##

#define __NO_CTYPE 1
#define _POSIX_C_SOURCE 199309
#define _XOPEN_SOURCE 500
#define ALUT_BUILD_LIBRARY 1
#define HAVE___ATTRIBUTE__ 1
#define HAVE_AL_AL_H 1
#define HAVE_AL_ALC_H 1
#define HAVE_CTYPE_H 1
#define HAVE_DLFCN_H 1
#define HAVE_GCC_VISIBILITY 1
#define HAVE_INTTYPES_H 1
#define HAVE_MATH_H 1
#define HAVE_STAT 1
#define HAVE_STDINT_H 1
#define HAVE_STDIO_H 1
#define HAVE_STDLIB_H 1
#define HAVE_STRING_H 1
#define HAVE_STRINGS_H 1
#define HAVE_SYS_STAT_H 1
#define HAVE_SYS_TYPES_H 1
#define HAVE_TIME_H 1
#define HAVE_UNISTD_H 1
#define HAVE_USLEEP 1
#define PACKAGE "freealut"
#define PACKAGE_BUGREPORT "openal-devel@opensource.creative.com"
#define PACKAGE_NAME "freealut library"
#define PACKAGE_STRING "freealut library 1.1.0"
#define PACKAGE_TARNAME "freealut"
#define PACKAGE_VERSION "1.1.0"
#define STDC_HEADERS 1
#define STDC_HEADERS 1
#define VERSION "1.1.0"
#endif
#ifdef __cplusplus
extern "C" void exit (int);

configure: exit 0
