d:\users\felrugo\github\rebeka\code\libs\x32\rebsupport.bsc
d:\users\felrugo\github\rebeka\code\rebsupport\debug\vc120.pdb
d:\users\felrugo\github\rebeka\code\rebsupport\debug\vc120.idb
d:\users\felrugo\github\rebeka\code\rebsupport\debug\tinyxml2.sbr
d:\users\felrugo\github\rebeka\code\rebsupport\debug\rebvl.sbr
d:\users\felrugo\github\rebeka\code\rebsupport\debug\rebtimer.sbr
d:\users\felrugo\github\rebeka\code\rebsupport\debug\rebfilesystem.sbr
d:\users\felrugo\github\rebeka\code\rebsupport\debug\rebfilesystem.obj
d:\users\felrugo\github\rebeka\code\rebsupport\debug\rebtimer.obj
d:\users\felrugo\github\rebeka\code\rebsupport\debug\rebvl.obj
d:\users\felrugo\github\rebeka\code\rebsupport\debug\tinyxml2.obj
d:\users\felrugo\github\rebeka\code\libs\x32\rebsupport.lib
d:\users\felrugo\github\rebeka\code\rebsupport\..\libs\x32\rebsupport.lib
d:\users\felrugo\github\rebeka\code\rebsupport\debug\rebsupport.tlog\bscmake.command.1.tlog
d:\users\felrugo\github\rebeka\code\rebsupport\debug\rebsupport.tlog\bscmake.read.1.tlog
d:\users\felrugo\github\rebeka\code\rebsupport\debug\rebsupport.tlog\bscmake.write.1.tlog
d:\users\felrugo\github\rebeka\code\rebsupport\debug\rebsupport.tlog\cl.command.1.tlog
d:\users\felrugo\github\rebeka\code\rebsupport\debug\rebsupport.tlog\cl.read.1.tlog
d:\users\felrugo\github\rebeka\code\rebsupport\debug\rebsupport.tlog\cl.write.1.tlog
d:\users\felrugo\github\rebeka\code\rebsupport\debug\rebsupport.tlog\lib-link.read.1.tlog
d:\users\felrugo\github\rebeka\code\rebsupport\debug\rebsupport.tlog\lib-link.write.1.tlog
d:\users\felrugo\github\rebeka\code\rebsupport\debug\rebsupport.tlog\lib.command.1.tlog
