Build started 2014.12.13. 12:13:10.
     1>Project "D:\Users\felrugo\Documents\GitHub\Rebeka\Code\RebSupport\RebSupport.vcxproj" on node 4 (Build target(s)).
     1>ClCompile:
         D:\Program Files (x86)\Microsoft Visual Studio 12.0\VC\bin\CL.exe /c /ZI /nologo /W3 /WX- /sdl /Od /Oy- /D WIN32 /D _DEBUG /D _LIB /D _CRT_SECURE_NO_WARNINGS /D _MBCS /Gm /EHsc /RTC1 /MDd /GS /fp:precise /Zc:wchar_t /Zc:forScope /Fo"Debug\\" /Fd"Debug\vc120.pdb" /FR"Debug\\" /Gd /TP /analyze- /errorReport:prompt RebFileSystem.cpp RebTimer.cpp RebVL.cpp tinyxml2.cpp
         tinyxml2.cpp
         RebVL.cpp
         RebTimer.cpp
     1>d:\users\felrugo\documents\github\rebeka\code\rebsupport\rebtimer.cpp(21): warning C4244: 'return' : conversion from 'clock_t' to 'float', possible loss of data
         RebFileSystem.cpp
         Generating Code...
       Lib:
         D:\Program Files (x86)\Microsoft Visual Studio 12.0\VC\bin\Lib.exe /OUT:"..\Libs\x32\RebSupport.lib" /LIBPATH:..\Libs\x32\ /NOLOGO Debug\RebFileSystem.obj
         Debug\RebTimer.obj
         Debug\RebVL.obj
         Debug\tinyxml2.obj
         RebSupport.vcxproj -> D:\Users\felrugo\Documents\GitHub\Rebeka\Code\RebSupport\..\Libs\x32\RebSupport.lib
       BscMake:
         D:\Program Files (x86)\Microsoft Visual Studio 12.0\VC\bin\bscmake.exe /nologo /o"..\Libs\x32\RebSupport.bsc" /n Debug\RebFileSystem.sbr Debug\RebTimer.sbr Debug\RebVL.sbr Debug\tinyxml2.sbr
     1>Done Building Project "D:\Users\felrugo\Documents\GitHub\Rebeka\Code\RebSupport\RebSupport.vcxproj" (Build target(s)).

Build succeeded.

Time Elapsed 00:00:05.30
