D:\USERS\FELRUGO\DOCUMENTS\GITHUB\REBEKA\DEBUG\REBAUDIO.BSC
D:\USERS\FELRUGO\DOCUMENTS\GITHUB\REBEKA\REBAUDIO\DEBUG\REBAUDIOSYSTEM.SBR
D:\USERS\FELRUGO\DOCUMENTS\GITHUB\REBEKA\REBAUDIO\DEBUG\REBAUDIOSYSTEM.OBJ
D:\USERS\FELRUGO\DOCUMENTS\GITHUB\REBEKA\REBAUDIO\DEBUG\VC110.PDB
D:\USERS\FELRUGO\DOCUMENTS\GITHUB\REBEKA\DEBUG\REBAUDIO.LIB
D:\Users\felrugo\Documents\GitHub\Rebeka\RebAudio\Debug\RebAudioSystem.obj
D:\Users\felrugo\Documents\GitHub\Rebeka\RebAudio\Debug\BscMake.command.1.tlog
D:\Users\felrugo\Documents\GitHub\Rebeka\RebAudio\Debug\bscmake.read.1.tlog
D:\Users\felrugo\Documents\GitHub\Rebeka\RebAudio\Debug\BscMake.write.1.tlog
D:\Users\felrugo\Documents\GitHub\Rebeka\RebAudio\Debug\cl.command.1.tlog
D:\Users\felrugo\Documents\GitHub\Rebeka\RebAudio\Debug\CL.read.1.tlog
D:\Users\felrugo\Documents\GitHub\Rebeka\RebAudio\Debug\CL.write.1.tlog
D:\Users\felrugo\Documents\GitHub\Rebeka\RebAudio\Debug\Lib-link.read.1.tlog
D:\Users\felrugo\Documents\GitHub\Rebeka\RebAudio\Debug\Lib-link.write.1.tlog
D:\Users\felrugo\Documents\GitHub\Rebeka\RebAudio\Debug\lib.command.1.tlog
D:\Users\felrugo\Documents\GitHub\Rebeka\RebAudio\Debug\vc110.idb
D:\Users\felrugo\Documents\GitHub\Rebeka\RebAudio\Debug\vc110.pdb
D:\Users\felrugo\Documents\GitHub\Rebeka\RebAudio\Debug\RebAudioSystem.sbr
D:\Users\felrugo\Documents\GitHub\Rebeka\Debug\RebAudio.lib
D:\Users\felrugo\Documents\GitHub\Rebeka\Debug\RebAudio.bsc
