D:\USERS\FELRUGO\DOCUMENTS\GITHUB\REBEKA\DEBUG\REBWINDOWSYSTEM.BSC
D:\USERS\FELRUGO\DOCUMENTS\GITHUB\REBEKA\REBWINDOWSYSTEM\DEBUG\REBWINDOWSYSTEM.SBR
D:\USERS\FELRUGO\DOCUMENTS\GITHUB\REBEKA\REBWINDOWSYSTEM\DEBUG\REBWINDOWSYSTEM.OBJ
D:\USERS\FELRUGO\DOCUMENTS\GITHUB\REBEKA\REBWINDOWSYSTEM\DEBUG\VC110.PDB
D:\USERS\FELRUGO\DOCUMENTS\GITHUB\REBEKA\DEBUG\REBWINDOWSYSTEM.LIB
D:\Users\felrugo\Documents\GitHub\Rebeka\RebWindowSystem\Debug\RebWindowSystem.obj
D:\Users\felrugo\Documents\GitHub\Rebeka\RebWindowSystem\Debug\BscMake.command.1.tlog
D:\Users\felrugo\Documents\GitHub\Rebeka\RebWindowSystem\Debug\bscmake.read.1.tlog
D:\Users\felrugo\Documents\GitHub\Rebeka\RebWindowSystem\Debug\BscMake.write.1.tlog
D:\Users\felrugo\Documents\GitHub\Rebeka\RebWindowSystem\Debug\cl.command.1.tlog
D:\Users\felrugo\Documents\GitHub\Rebeka\RebWindowSystem\Debug\CL.read.1.tlog
D:\Users\felrugo\Documents\GitHub\Rebeka\RebWindowSystem\Debug\CL.write.1.tlog
D:\Users\felrugo\Documents\GitHub\Rebeka\RebWindowSystem\Debug\Lib-link.read.1.tlog
D:\Users\felrugo\Documents\GitHub\Rebeka\RebWindowSystem\Debug\Lib-link.write.1.tlog
D:\Users\felrugo\Documents\GitHub\Rebeka\RebWindowSystem\Debug\lib.command.1.tlog
D:\Users\felrugo\Documents\GitHub\Rebeka\RebWindowSystem\Debug\vc110.idb
D:\Users\felrugo\Documents\GitHub\Rebeka\RebWindowSystem\Debug\vc110.pdb
D:\Users\felrugo\Documents\GitHub\Rebeka\RebWindowSystem\Debug\RebWindowSystem.sbr
D:\Users\felrugo\Documents\GitHub\Rebeka\Debug\RebWindowSystem.lib
D:\Users\felrugo\Documents\GitHub\Rebeka\Debug\RebWindowSystem.bsc
