d:\users\felrugo\documents\github\rebeka\code\editor\debug\vc120.pdb
d:\users\felrugo\documents\github\rebeka\code\editor\debug\main.obj
d:\users\felrugo\documents\github\rebeka\code\editor\debug\editor.obj
d:\users\felrugo\documents\github\rebeka\code\editor\debug\rebecode.obj
d:\users\felrugo\documents\github\rebeka\code\editor\debug\reoglw.obj
d:\users\felrugo\documents\github\rebeka\code\editor\debug\moc_editor.obj
d:\users\felrugo\documents\github\rebeka\code\editor\debug\moc_reoglw.obj
d:\users\felrugo\documents\github\rebeka\code\editor\debug\qrc_editor.obj
d:\users\felrugo\documents\github\rebeka\code\editor\generatedfiles\debug\moc_editor.cpp
d:\users\felrugo\documents\github\rebeka\code\editor\generatedfiles\qrc_editor.cpp
d:\users\felrugo\documents\github\rebeka\code\editor\generatedfiles\ui_editor.h
d:\users\felrugo\documents\github\rebeka\code\editor\generatedfiles\debug\moc_reoglw.cpp
d:\users\felrugo\documents\github\rebeka\bin32\editor.lib
d:\users\felrugo\documents\github\rebeka\bin32\editor.exp
d:\users\felrugo\documents\github\rebeka\code\editor\debug\editor.tlog\cl.command.1.tlog
d:\users\felrugo\documents\github\rebeka\code\editor\debug\editor.tlog\cl.read.1.tlog
d:\users\felrugo\documents\github\rebeka\code\editor\debug\editor.tlog\cl.write.1.tlog
d:\users\felrugo\documents\github\rebeka\code\editor\debug\editor.tlog\custombuild.command.1.tlog
d:\users\felrugo\documents\github\rebeka\code\editor\debug\editor.tlog\custombuild.read.1.tlog
d:\users\felrugo\documents\github\rebeka\code\editor\debug\editor.tlog\custombuild.write.1.tlog
d:\users\felrugo\documents\github\rebeka\code\editor\debug\editor.tlog\editor.write.1u.tlog
d:\users\felrugo\documents\github\rebeka\code\editor\debug\editor.tlog\link.10160.read.1.tlog
d:\users\felrugo\documents\github\rebeka\code\editor\debug\editor.tlog\link.10160.write.1.tlog
d:\users\felrugo\documents\github\rebeka\code\editor\debug\editor.tlog\link.10196.read.1.tlog
d:\users\felrugo\documents\github\rebeka\code\editor\debug\editor.tlog\link.10196.write.1.tlog
d:\users\felrugo\documents\github\rebeka\code\editor\debug\editor.tlog\link.12028.read.1.tlog
d:\users\felrugo\documents\github\rebeka\code\editor\debug\editor.tlog\link.12028.write.1.tlog
d:\users\felrugo\documents\github\rebeka\code\editor\debug\editor.tlog\link.12124.11376.read.1.tlog
d:\users\felrugo\documents\github\rebeka\code\editor\debug\editor.tlog\link.12124.11376.write.1.tlog
d:\users\felrugo\documents\github\rebeka\code\editor\debug\editor.tlog\link.12124.read.1.tlog
d:\users\felrugo\documents\github\rebeka\code\editor\debug\editor.tlog\link.12124.write.1.tlog
d:\users\felrugo\documents\github\rebeka\code\editor\debug\editor.tlog\link.command.1.tlog
d:\users\felrugo\documents\github\rebeka\code\editor\debug\editor.tlog\link.read.1.tlog
d:\users\felrugo\documents\github\rebeka\code\editor\debug\editor.tlog\link.write.1.tlog
