D:\USERS\FELRUGO\DOCUMENTS\GITHUB\REBEKA\CODE\REBSDL\RELEASE\REBSDL.OBJ
D:\USERS\FELRUGO\DOCUMENTS\GITHUB\REBEKA\CODE\REBSDL\RELEASE\REBMEH.OBJ
D:\USERS\FELRUGO\DOCUMENTS\GITHUB\REBEKA\CODE\REBSDL\RELEASE\VC110.PDB
D:\USERS\FELRUGO\DOCUMENTS\GITHUB\REBEKA\BIN32\REBSDL.DLL
D:\USERS\FELRUGO\DOCUMENTS\GITHUB\REBEKA\BIN32\REBSDL.PDB
D:\Users\felrugo\Documents\GitHub\Rebeka\Bin32\RebSDL.lib
D:\Users\felrugo\Documents\GitHub\Rebeka\Bin32\RebSDL.exp
D:\Users\felrugo\Documents\GitHub\Rebeka\Code\RebSDL\Release\RebMEH.obj
D:\Users\felrugo\Documents\GitHub\Rebeka\Code\RebSDL\Release\RebSDL.obj
D:\Users\felrugo\Documents\GitHub\Rebeka\Code\RebSDL\Release\cl.command.1.tlog
D:\Users\felrugo\Documents\GitHub\Rebeka\Code\RebSDL\Release\CL.read.1.tlog
D:\Users\felrugo\Documents\GitHub\Rebeka\Code\RebSDL\Release\CL.write.1.tlog
D:\Users\felrugo\Documents\GitHub\Rebeka\Code\RebSDL\Release\link-cvtres.read.1.tlog
D:\Users\felrugo\Documents\GitHub\Rebeka\Code\RebSDL\Release\link-cvtres.write.1.tlog
D:\Users\felrugo\Documents\GitHub\Rebeka\Code\RebSDL\Release\link-rc.read.1.tlog
D:\Users\felrugo\Documents\GitHub\Rebeka\Code\RebSDL\Release\link-rc.write.1.tlog
D:\Users\felrugo\Documents\GitHub\Rebeka\Code\RebSDL\Release\link.command.1.tlog
D:\Users\felrugo\Documents\GitHub\Rebeka\Code\RebSDL\Release\link.read.1.tlog
D:\Users\felrugo\Documents\GitHub\Rebeka\Code\RebSDL\Release\link.write.1.tlog
D:\Users\felrugo\Documents\GitHub\Rebeka\Code\RebSDL\Release\RebSDL.write.1.tlog
D:\Users\felrugo\Documents\GitHub\Rebeka\Code\RebSDL\Release\vc110.pdb
D:\Users\felrugo\Documents\GitHub\Rebeka\Code\RebSDL\..\..\Bin32\RebSDL.dll
