D:\USERS\FELRUGO\DOCUMENTS\GITHUB\REBEKA\DEBUG\REBRENDERER.BSC
D:\USERS\FELRUGO\DOCUMENTS\GITHUB\REBEKA\REBRENDERER\DEBUG\REBRENDERER.SBR
D:\USERS\FELRUGO\DOCUMENTS\GITHUB\REBEKA\REBRENDERER\DEBUG\REBRENDERER.OBJ
D:\USERS\FELRUGO\DOCUMENTS\GITHUB\REBEKA\REBRENDERER\DEBUG\VC110.PDB
D:\USERS\FELRUGO\DOCUMENTS\GITHUB\REBEKA\DEBUG\REBRENDERER.LIB
D:\Users\felrugo\Documents\GitHub\Rebeka\RebRenderer\Debug\RebRenderer.obj
D:\Users\felrugo\Documents\GitHub\Rebeka\RebRenderer\Debug\BscMake.command.1.tlog
D:\Users\felrugo\Documents\GitHub\Rebeka\RebRenderer\Debug\bscmake.read.1.tlog
D:\Users\felrugo\Documents\GitHub\Rebeka\RebRenderer\Debug\BscMake.write.1.tlog
D:\Users\felrugo\Documents\GitHub\Rebeka\RebRenderer\Debug\cl.command.1.tlog
D:\Users\felrugo\Documents\GitHub\Rebeka\RebRenderer\Debug\CL.read.1.tlog
D:\Users\felrugo\Documents\GitHub\Rebeka\RebRenderer\Debug\CL.write.1.tlog
D:\Users\felrugo\Documents\GitHub\Rebeka\RebRenderer\Debug\Lib-link.read.1.tlog
D:\Users\felrugo\Documents\GitHub\Rebeka\RebRenderer\Debug\Lib-link.write.1.tlog
D:\Users\felrugo\Documents\GitHub\Rebeka\RebRenderer\Debug\lib.command.1.tlog
D:\Users\felrugo\Documents\GitHub\Rebeka\RebRenderer\Debug\vc110.idb
D:\Users\felrugo\Documents\GitHub\Rebeka\RebRenderer\Debug\vc110.pdb
D:\Users\felrugo\Documents\GitHub\Rebeka\RebRenderer\Debug\RebRenderer.sbr
D:\Users\felrugo\Documents\GitHub\Rebeka\Debug\RebRenderer.lib
D:\Users\felrugo\Documents\GitHub\Rebeka\Debug\RebRenderer.bsc
