D:\USERS\FELRUGO\DOCUMENTS\GITHUB\REBEKA\WINDOWS (VISUAL C++)\REBSDL\DEBUG\REBMEH.OBJ
D:\USERS\FELRUGO\DOCUMENTS\GITHUB\REBEKA\WINDOWS (VISUAL C++)\REBSDL\DEBUG\REBSDL.OBJ
D:\USERS\FELRUGO\DOCUMENTS\GITHUB\REBEKA\WINDOWS (VISUAL C++)\REBSDL\DEBUG\VC110.PDB
D:\USERS\FELRUGO\DOCUMENTS\GITHUB\REBEKA\WINDOWS (VISUAL C++)\DEBUG\REBSDL.ILK
D:\USERS\FELRUGO\DOCUMENTS\GITHUB\REBEKA\WINDOWS (VISUAL C++)\DEBUG\REBSDL.DLL
D:\USERS\FELRUGO\DOCUMENTS\GITHUB\REBEKA\WINDOWS (VISUAL C++)\DEBUG\REBSDL.PDB
D:\Users\felrugo\Documents\GitHub\Rebeka\Windows (Visual C++)\Debug\RebSDL.lib
D:\Users\felrugo\Documents\GitHub\Rebeka\Windows (Visual C++)\Debug\RebSDL.exp
D:\Users\felrugo\Documents\GitHub\Rebeka\Windows (Visual C++)\RebSDL\Debug\RebMEH.obj
D:\Users\felrugo\Documents\GitHub\Rebeka\Windows (Visual C++)\RebSDL\Debug\RebSDL.obj
D:\Users\felrugo\Documents\GitHub\Rebeka\Windows (Visual C++)\RebSDL\Debug\cl.command.1.tlog
D:\Users\felrugo\Documents\GitHub\Rebeka\Windows (Visual C++)\RebSDL\Debug\CL.read.1.tlog
D:\Users\felrugo\Documents\GitHub\Rebeka\Windows (Visual C++)\RebSDL\Debug\CL.write.1.tlog
D:\Users\felrugo\Documents\GitHub\Rebeka\Windows (Visual C++)\RebSDL\Debug\link-cvtres.read.1.tlog
D:\Users\felrugo\Documents\GitHub\Rebeka\Windows (Visual C++)\RebSDL\Debug\link-cvtres.write.1.tlog
D:\Users\felrugo\Documents\GitHub\Rebeka\Windows (Visual C++)\RebSDL\Debug\link-rc.read.1.tlog
D:\Users\felrugo\Documents\GitHub\Rebeka\Windows (Visual C++)\RebSDL\Debug\link-rc.write.1.tlog
D:\Users\felrugo\Documents\GitHub\Rebeka\Windows (Visual C++)\RebSDL\Debug\link.command.1.tlog
D:\Users\felrugo\Documents\GitHub\Rebeka\Windows (Visual C++)\RebSDL\Debug\link.read.1.tlog
D:\Users\felrugo\Documents\GitHub\Rebeka\Windows (Visual C++)\RebSDL\Debug\link.write.1.tlog
D:\Users\felrugo\Documents\GitHub\Rebeka\Windows (Visual C++)\RebSDL\Debug\RebSDL.write.1.tlog
D:\Users\felrugo\Documents\GitHub\Rebeka\Windows (Visual C++)\RebSDL\Debug\vc110.idb
D:\Users\felrugo\Documents\GitHub\Rebeka\Windows (Visual C++)\RebSDL\Debug\vc110.pdb
D:\Users\felrugo\Documents\GitHub\Rebeka\Windows (Visual C++)\Debug\RebSDL.pdb
D:\Users\felrugo\Documents\GitHub\Rebeka\Windows (Visual C++)\Debug\RebSDL.dll
D:\Users\felrugo\Documents\GitHub\Rebeka\Windows (Visual C++)\Debug\RebSDL.ilk
