D:\USERS\FELRUGO\DOCUMENTS\GITHUB\REBEKA\BIN32\REBGL.BSC
D:\USERS\FELRUGO\DOCUMENTS\GITHUB\REBEKA\CODE\REBGL\DEBUG\REBGL_SS.SBR
D:\USERS\FELRUGO\DOCUMENTS\GITHUB\REBEKA\CODE\REBGL\DEBUG\REBGL_VCM.SBR
D:\USERS\FELRUGO\DOCUMENTS\GITHUB\REBEKA\CODE\REBGL\DEBUG\REBGL_SKINMANAGER.SBR
D:\USERS\FELRUGO\DOCUMENTS\GITHUB\REBEKA\CODE\REBGL\DEBUG\REBGL_INIT.SBR
D:\USERS\FELRUGO\DOCUMENTS\GITHUB\REBEKA\CODE\REBGL\DEBUG\REBGL_DRAW.SBR
D:\USERS\FELRUGO\DOCUMENTS\GITHUB\REBEKA\CODE\REBGL\DEBUG\REBGL_DRAW.OBJ
D:\USERS\FELRUGO\DOCUMENTS\GITHUB\REBEKA\CODE\REBGL\DEBUG\REBGL_INIT.OBJ
D:\USERS\FELRUGO\DOCUMENTS\GITHUB\REBEKA\CODE\REBGL\DEBUG\REBGL_SKINMANAGER.OBJ
D:\USERS\FELRUGO\DOCUMENTS\GITHUB\REBEKA\CODE\REBGL\DEBUG\REBGL_VCM.OBJ
D:\USERS\FELRUGO\DOCUMENTS\GITHUB\REBEKA\CODE\REBGL\DEBUG\REBGL_SS.OBJ
D:\USERS\FELRUGO\DOCUMENTS\GITHUB\REBEKA\CODE\REBGL\DEBUG\VC110.PDB
D:\USERS\FELRUGO\DOCUMENTS\GITHUB\REBEKA\BIN32\REBGL.ILK
D:\USERS\FELRUGO\DOCUMENTS\GITHUB\REBEKA\BIN32\REBGL.DLL
D:\USERS\FELRUGO\DOCUMENTS\GITHUB\REBEKA\BIN32\REBGL.PDB
D:\Users\felrugo\Documents\GitHub\Rebeka\Bin32\RebGL.lib
D:\Users\felrugo\Documents\GitHub\Rebeka\Bin32\RebGL.exp
D:\Users\felrugo\Documents\GitHub\Rebeka\Code\RebGL\Debug\RebGL_draw.obj
D:\Users\felrugo\Documents\GitHub\Rebeka\Code\RebGL\Debug\RebGL_init.obj
D:\Users\felrugo\Documents\GitHub\Rebeka\Code\RebGL\Debug\RebGL_skinmanager.obj
D:\Users\felrugo\Documents\GitHub\Rebeka\Code\RebGL\Debug\RebGL_SS.obj
D:\Users\felrugo\Documents\GitHub\Rebeka\Code\RebGL\Debug\RebGL_VCM.obj
D:\Users\felrugo\Documents\GitHub\Rebeka\Code\RebGL\Debug\BscMake.command.1.tlog
D:\Users\felrugo\Documents\GitHub\Rebeka\Code\RebGL\Debug\bscmake.read.1.tlog
D:\Users\felrugo\Documents\GitHub\Rebeka\Code\RebGL\Debug\BscMake.write.1.tlog
D:\Users\felrugo\Documents\GitHub\Rebeka\Code\RebGL\Debug\cl.command.1.tlog
D:\Users\felrugo\Documents\GitHub\Rebeka\Code\RebGL\Debug\CL.read.1.tlog
D:\Users\felrugo\Documents\GitHub\Rebeka\Code\RebGL\Debug\CL.write.1.tlog
D:\Users\felrugo\Documents\GitHub\Rebeka\Code\RebGL\Debug\link-cvtres.read.1.tlog
D:\Users\felrugo\Documents\GitHub\Rebeka\Code\RebGL\Debug\link-cvtres.write.1.tlog
D:\Users\felrugo\Documents\GitHub\Rebeka\Code\RebGL\Debug\link-rc.read.1.tlog
D:\Users\felrugo\Documents\GitHub\Rebeka\Code\RebGL\Debug\link-rc.write.1.tlog
D:\Users\felrugo\Documents\GitHub\Rebeka\Code\RebGL\Debug\link.command.1.tlog
D:\Users\felrugo\Documents\GitHub\Rebeka\Code\RebGL\Debug\link.read.1.tlog
D:\Users\felrugo\Documents\GitHub\Rebeka\Code\RebGL\Debug\link.write.1.tlog
D:\Users\felrugo\Documents\GitHub\Rebeka\Code\RebGL\Debug\RebGL.write.1.tlog
D:\Users\felrugo\Documents\GitHub\Rebeka\Code\RebGL\Debug\vc110.idb
D:\Users\felrugo\Documents\GitHub\Rebeka\Code\RebGL\Debug\vc110.pdb
D:\Users\felrugo\Documents\GitHub\Rebeka\Code\RebGL\Debug\RebGL_draw.sbr
D:\Users\felrugo\Documents\GitHub\Rebeka\Code\RebGL\Debug\RebGL_init.sbr
D:\Users\felrugo\Documents\GitHub\Rebeka\Code\RebGL\Debug\RebGL_skinmanager.sbr
D:\Users\felrugo\Documents\GitHub\Rebeka\Code\RebGL\Debug\RebGL_SS.sbr
D:\Users\felrugo\Documents\GitHub\Rebeka\Code\RebGL\Debug\RebGL_VCM.sbr
D:\Users\felrugo\Documents\GitHub\Rebeka\Code\RebGL\..\..\Bin32\RebGL.dll
