D:\USERS\FELRUGO\DOCUMENTS\GITHUB\REBEKA\DEBUG\REBSDL.BSC
D:\USERS\FELRUGO\DOCUMENTS\GITHUB\REBEKA\REBSDL\DEBUG\REBSDL.SBR
D:\USERS\FELRUGO\DOCUMENTS\GITHUB\REBEKA\REBSDL\DEBUG\REBMEH.SBR
D:\USERS\FELRUGO\DOCUMENTS\GITHUB\REBEKA\REBSDL\DEBUG\REBMEH.OBJ
D:\USERS\FELRUGO\DOCUMENTS\GITHUB\REBEKA\REBSDL\DEBUG\REBSDL.OBJ
D:\USERS\FELRUGO\DOCUMENTS\GITHUB\REBEKA\REBSDL\DEBUG\VC110.PDB
D:\USERS\FELRUGO\DOCUMENTS\GITHUB\REBEKA\DEBUG\REBSDL.ILK
D:\USERS\FELRUGO\DOCUMENTS\GITHUB\REBEKA\DEBUG\REBSDL.DLL
D:\USERS\FELRUGO\DOCUMENTS\GITHUB\REBEKA\DEBUG\REBSDL.PDB
D:\Users\felrugo\Documents\GitHub\Rebeka\Debug\RebSDL.lib
D:\Users\felrugo\Documents\GitHub\Rebeka\Debug\RebSDL.exp
D:\Users\felrugo\Documents\GitHub\Rebeka\RebSDL\Debug\RebMEH.obj
D:\Users\felrugo\Documents\GitHub\Rebeka\RebSDL\Debug\RebSDL.obj
D:\Users\felrugo\Documents\GitHub\Rebeka\RebSDL\Debug\BscMake.command.1.tlog
D:\Users\felrugo\Documents\GitHub\Rebeka\RebSDL\Debug\bscmake.read.1.tlog
D:\Users\felrugo\Documents\GitHub\Rebeka\RebSDL\Debug\BscMake.write.1.tlog
D:\Users\felrugo\Documents\GitHub\Rebeka\RebSDL\Debug\cl.command.1.tlog
D:\Users\felrugo\Documents\GitHub\Rebeka\RebSDL\Debug\CL.read.1.tlog
D:\Users\felrugo\Documents\GitHub\Rebeka\RebSDL\Debug\CL.write.1.tlog
D:\Users\felrugo\Documents\GitHub\Rebeka\RebSDL\Debug\link-cvtres.read.1.tlog
D:\Users\felrugo\Documents\GitHub\Rebeka\RebSDL\Debug\link-cvtres.write.1.tlog
D:\Users\felrugo\Documents\GitHub\Rebeka\RebSDL\Debug\link-rc.read.1.tlog
D:\Users\felrugo\Documents\GitHub\Rebeka\RebSDL\Debug\link-rc.write.1.tlog
D:\Users\felrugo\Documents\GitHub\Rebeka\RebSDL\Debug\link.10584-cvtres.read.1.tlog
D:\Users\felrugo\Documents\GitHub\Rebeka\RebSDL\Debug\link.10584-cvtres.write.1.tlog
D:\Users\felrugo\Documents\GitHub\Rebeka\RebSDL\Debug\link.10584-rc.read.1.tlog
D:\Users\felrugo\Documents\GitHub\Rebeka\RebSDL\Debug\link.10584-rc.write.1.tlog
D:\Users\felrugo\Documents\GitHub\Rebeka\RebSDL\Debug\link.10584.read.1.tlog
D:\Users\felrugo\Documents\GitHub\Rebeka\RebSDL\Debug\link.10584.write.1.tlog
D:\Users\felrugo\Documents\GitHub\Rebeka\RebSDL\Debug\link.6508-cvtres.read.1.tlog
D:\Users\felrugo\Documents\GitHub\Rebeka\RebSDL\Debug\link.6508-cvtres.write.1.tlog
D:\Users\felrugo\Documents\GitHub\Rebeka\RebSDL\Debug\link.6508-rc.read.1.tlog
D:\Users\felrugo\Documents\GitHub\Rebeka\RebSDL\Debug\link.6508-rc.write.1.tlog
D:\Users\felrugo\Documents\GitHub\Rebeka\RebSDL\Debug\link.6508.read.1.tlog
D:\Users\felrugo\Documents\GitHub\Rebeka\RebSDL\Debug\link.6508.write.1.tlog
D:\Users\felrugo\Documents\GitHub\Rebeka\RebSDL\Debug\link.command.1.tlog
D:\Users\felrugo\Documents\GitHub\Rebeka\RebSDL\Debug\link.read.1.tlog
D:\Users\felrugo\Documents\GitHub\Rebeka\RebSDL\Debug\link.write.1.tlog
D:\Users\felrugo\Documents\GitHub\Rebeka\RebSDL\Debug\RebSDL.write.1.tlog
D:\Users\felrugo\Documents\GitHub\Rebeka\RebSDL\Debug\vc110.idb
D:\Users\felrugo\Documents\GitHub\Rebeka\RebSDL\Debug\vc110.pdb
D:\Users\felrugo\Documents\GitHub\Rebeka\RebSDL\Debug\RebMEH.sbr
D:\Users\felrugo\Documents\GitHub\Rebeka\RebSDL\Debug\RebSDL.sbr
D:\Users\felrugo\Documents\GitHub\Rebeka\Debug\RebSDL.pdb
D:\Users\felrugo\Documents\GitHub\Rebeka\Debug\RebSDL.dll
D:\Users\felrugo\Documents\GitHub\Rebeka\Debug\RebSDL.bsc
D:\Users\felrugo\Documents\GitHub\Rebeka\Debug\RebSDL.ilk
