D:\USERS\FELRUGO\DOCUMENTS\GITHUB\REBEKA\DEBUG\LAUNCHER.BSC
D:\USERS\FELRUGO\DOCUMENTS\GITHUB\REBEKA\LAUNCHER\DEBUG\SOURCE.SBR
D:\USERS\FELRUGO\DOCUMENTS\GITHUB\REBEKA\LAUNCHER\DEBUG\SOURCE.OBJ
D:\USERS\FELRUGO\DOCUMENTS\GITHUB\REBEKA\LAUNCHER\DEBUG\VC110.PDB
D:\Users\felrugo\Documents\GitHub\Rebeka\Debug\Launcher.lib
D:\Users\felrugo\Documents\GitHub\Rebeka\Debug\Launcher.exp
D:\USERS\FELRUGO\DOCUMENTS\GITHUB\REBEKA\DEBUG\LAUNCHER.ILK
D:\USERS\FELRUGO\DOCUMENTS\GITHUB\REBEKA\DEBUG\LAUNCHER.EXE
D:\USERS\FELRUGO\DOCUMENTS\GITHUB\REBEKA\DEBUG\LAUNCHER.PDB
D:\USERS\FELRUGO\DOCUMENTS\GITHUB\REBEKA\LAUNCHER\DEBUG\LAUNCHER.RES
D:\Users\felrugo\Documents\GitHub\Rebeka\Launcher\Debug\Source.obj
D:\Users\felrugo\Documents\GitHub\Rebeka\Launcher\Debug\BscMake.command.1.tlog
D:\Users\felrugo\Documents\GitHub\Rebeka\Launcher\Debug\bscmake.read.1.tlog
D:\Users\felrugo\Documents\GitHub\Rebeka\Launcher\Debug\BscMake.write.1.tlog
D:\Users\felrugo\Documents\GitHub\Rebeka\Launcher\Debug\cl.command.1.tlog
D:\Users\felrugo\Documents\GitHub\Rebeka\Launcher\Debug\CL.read.1.tlog
D:\Users\felrugo\Documents\GitHub\Rebeka\Launcher\Debug\CL.write.1.tlog
D:\Users\felrugo\Documents\GitHub\Rebeka\Launcher\Debug\Launcher.write.1.tlog
D:\Users\felrugo\Documents\GitHub\Rebeka\Launcher\Debug\link-cvtres.read.1.tlog
D:\Users\felrugo\Documents\GitHub\Rebeka\Launcher\Debug\link-cvtres.write.1.tlog
D:\Users\felrugo\Documents\GitHub\Rebeka\Launcher\Debug\link-rc.read.1.tlog
D:\Users\felrugo\Documents\GitHub\Rebeka\Launcher\Debug\link-rc.write.1.tlog
D:\Users\felrugo\Documents\GitHub\Rebeka\Launcher\Debug\link.10488-cvtres.read.1.tlog
D:\Users\felrugo\Documents\GitHub\Rebeka\Launcher\Debug\link.10488-cvtres.write.1.tlog
D:\Users\felrugo\Documents\GitHub\Rebeka\Launcher\Debug\link.10488-rc.read.1.tlog
D:\Users\felrugo\Documents\GitHub\Rebeka\Launcher\Debug\link.10488-rc.write.1.tlog
D:\Users\felrugo\Documents\GitHub\Rebeka\Launcher\Debug\link.10488.read.1.tlog
D:\Users\felrugo\Documents\GitHub\Rebeka\Launcher\Debug\link.10488.write.1.tlog
D:\Users\felrugo\Documents\GitHub\Rebeka\Launcher\Debug\link.command.1.tlog
D:\Users\felrugo\Documents\GitHub\Rebeka\Launcher\Debug\link.read.1.tlog
D:\Users\felrugo\Documents\GitHub\Rebeka\Launcher\Debug\link.write.1.tlog
D:\Users\felrugo\Documents\GitHub\Rebeka\Launcher\Debug\rc.command.1.tlog
D:\Users\felrugo\Documents\GitHub\Rebeka\Launcher\Debug\rc.read.1.tlog
D:\Users\felrugo\Documents\GitHub\Rebeka\Launcher\Debug\rc.write.1.tlog
D:\Users\felrugo\Documents\GitHub\Rebeka\Launcher\Debug\Launcher.res
D:\Users\felrugo\Documents\GitHub\Rebeka\Launcher\Debug\vc110.idb
D:\Users\felrugo\Documents\GitHub\Rebeka\Launcher\Debug\vc110.pdb
D:\Users\felrugo\Documents\GitHub\Rebeka\Launcher\Debug\Source.sbr
D:\Users\felrugo\Documents\GitHub\Rebeka\Debug\Launcher.pdb
D:\Users\felrugo\Documents\GitHub\Rebeka\Debug\Launcher.exe
D:\Users\felrugo\Documents\GitHub\Rebeka\Debug\Launcher.bsc
D:\Users\felrugo\Documents\GitHub\Rebeka\Debug\Launcher.ilk
