D:\USERS\FELRUGO\DOCUMENTS\GITHUB\REBEKA\DEBUG\REBENTITYSYSTEM.BSC
D:\USERS\FELRUGO\DOCUMENTS\GITHUB\REBEKA\REBENTITYSYSTEM\DEBUG\REBENTITYSYSTEM.SBR
D:\USERS\FELRUGO\DOCUMENTS\GITHUB\REBEKA\REBENTITYSYSTEM\DEBUG\REBENTITY.SBR
D:\USERS\FELRUGO\DOCUMENTS\GITHUB\REBEKA\REBENTITYSYSTEM\DEBUG\COMPVISUAL.SBR
D:\USERS\FELRUGO\DOCUMENTS\GITHUB\REBEKA\REBENTITYSYSTEM\DEBUG\COMPPHYSIC.SBR
D:\USERS\FELRUGO\DOCUMENTS\GITHUB\REBEKA\REBENTITYSYSTEM\DEBUG\COMPINPUT.SBR
D:\USERS\FELRUGO\DOCUMENTS\GITHUB\REBEKA\REBENTITYSYSTEM\DEBUG\COMPINPUT.OBJ
D:\USERS\FELRUGO\DOCUMENTS\GITHUB\REBEKA\REBENTITYSYSTEM\DEBUG\COMPPHYSIC.OBJ
D:\USERS\FELRUGO\DOCUMENTS\GITHUB\REBEKA\REBENTITYSYSTEM\DEBUG\COMPVISUAL.OBJ
D:\USERS\FELRUGO\DOCUMENTS\GITHUB\REBEKA\REBENTITYSYSTEM\DEBUG\REBENTITY.OBJ
D:\USERS\FELRUGO\DOCUMENTS\GITHUB\REBEKA\REBENTITYSYSTEM\DEBUG\REBENTITYSYSTEM.OBJ
D:\USERS\FELRUGO\DOCUMENTS\GITHUB\REBEKA\REBENTITYSYSTEM\DEBUG\VC110.PDB
D:\USERS\FELRUGO\DOCUMENTS\GITHUB\REBEKA\DEBUG\REBENTITYSYSTEM.LIB
D:\Users\felrugo\Documents\GitHub\Rebeka\RebEntitySystem\Debug\CompInput.obj
D:\Users\felrugo\Documents\GitHub\Rebeka\RebEntitySystem\Debug\CompPhysic.obj
D:\Users\felrugo\Documents\GitHub\Rebeka\RebEntitySystem\Debug\CompVisual.obj
D:\Users\felrugo\Documents\GitHub\Rebeka\RebEntitySystem\Debug\RebEntity.obj
D:\Users\felrugo\Documents\GitHub\Rebeka\RebEntitySystem\Debug\RebEntitySystem.obj
D:\Users\felrugo\Documents\GitHub\Rebeka\RebEntitySystem\Debug\BscMake.command.1.tlog
D:\Users\felrugo\Documents\GitHub\Rebeka\RebEntitySystem\Debug\bscmake.read.1.tlog
D:\Users\felrugo\Documents\GitHub\Rebeka\RebEntitySystem\Debug\BscMake.write.1.tlog
D:\Users\felrugo\Documents\GitHub\Rebeka\RebEntitySystem\Debug\cl.command.1.tlog
D:\Users\felrugo\Documents\GitHub\Rebeka\RebEntitySystem\Debug\CL.read.1.tlog
D:\Users\felrugo\Documents\GitHub\Rebeka\RebEntitySystem\Debug\CL.write.1.tlog
D:\Users\felrugo\Documents\GitHub\Rebeka\RebEntitySystem\Debug\Lib-link.read.1.tlog
D:\Users\felrugo\Documents\GitHub\Rebeka\RebEntitySystem\Debug\Lib-link.write.1.tlog
D:\Users\felrugo\Documents\GitHub\Rebeka\RebEntitySystem\Debug\lib.command.1.tlog
D:\Users\felrugo\Documents\GitHub\Rebeka\RebEntitySystem\Debug\vc110.idb
D:\Users\felrugo\Documents\GitHub\Rebeka\RebEntitySystem\Debug\vc110.pdb
D:\Users\felrugo\Documents\GitHub\Rebeka\RebEntitySystem\Debug\CompInput.sbr
D:\Users\felrugo\Documents\GitHub\Rebeka\RebEntitySystem\Debug\CompPhysic.sbr
D:\Users\felrugo\Documents\GitHub\Rebeka\RebEntitySystem\Debug\CompVisual.sbr
D:\Users\felrugo\Documents\GitHub\Rebeka\RebEntitySystem\Debug\RebEntity.sbr
D:\Users\felrugo\Documents\GitHub\Rebeka\RebEntitySystem\Debug\RebEntitySystem.sbr
D:\Users\felrugo\Documents\GitHub\Rebeka\Debug\RebEntitySystem.lib
D:\Users\felrugo\Documents\GitHub\Rebeka\Debug\RebEntitySystem.bsc
