Build started 2015.04.23. 19:22:47.
     1>Project "D:\Users\felrugo\Documents\GitHub\Rebeka\Code\RebAL\RebAL.vcxproj" on node 3 (Rebuild target(s)).
     1>ClCompile:
         D:\Program Files (x86)\Microsoft Visual Studio 12.0\VC\bin\CL.exe /c /Zi /nologo /W3 /WX- /sdl /O2 /Oi /Oy- /GL /D WIN32 /D NDEBUG /D _WINDOWS /D _USRDLL /D REBAL_EXPORTS /D _CRT_SECURE_NO_WARNINGS /D _WINDLL /D _UNICODE /D UNICODE /Gm- /EHsc /MD /GS /Gy /fp:precise /Zc:wchar_t /Zc:forScope /Fo"Release\\" /Fd"Release\vc120.pdb" /Gd /TP /analyze- /errorReport:prompt RebAL.cpp RebAL_SoundPlayer.cpp RebFFMpeg.cpp
         RebAL.cpp
         RebAL_SoundPlayer.cpp
         RebFFMpeg.cpp
     1>RebFFMpeg.cpp(38): warning C4018: '<' : signed/unsigned mismatch
     1>RebFFMpeg.cpp(53): warning C4804: '<' : unsafe use of type 'bool' in operation
       Link:
         D:\Program Files (x86)\Microsoft Visual Studio 12.0\VC\bin\link.exe /ERRORREPORT:PROMPT /OUT:"..\..\Bin32\RebAL.dll" /INCREMENTAL:NO /NOLOGO /LIBPATH:"D:\Users\felrugo\Documents\GitHub\Rebeka\Code\ffmpeg-20141023-git-08e6832-win32-dev\lib" /LIBPATH:..\Libs\x32 OpenAL32.lib avcodec.lib avformat.lib avutil.lib swresample.lib kernel32.lib user32.lib gdi32.lib winspool.lib comdlg32.lib advapi32.lib shell32.lib ole32.lib oleaut32.lib uuid.lib odbc32.lib odbccp32.lib /DEF:"Source.def" /MANIFEST /MANIFESTUAC:"level='asInvoker' uiAccess='false'" /manifest:embed /DEBUG /PDB:"..\..\Bin32\RebAL.pdb" /SUBSYSTEM:WINDOWS /OPT:REF /OPT:ICF /LTCG /TLBID:1 /DYNAMICBASE /NXCOMPAT /IMPLIB:"..\..\Bin32\RebAL.lib" /MACHINE:X86 /SAFESEH /SAFESEH:NO /DLL Release\RebAL.obj
         Release\RebAL_SoundPlayer.obj
         Release\RebFFMpeg.obj
            Creating library ..\..\Bin32\RebAL.lib and object ..\..\Bin32\RebAL.exp
         Generating code
         Finished generating code
         RebAL.vcxproj -> D:\Users\felrugo\Documents\GitHub\Rebeka\Code\RebAL\..\..\Bin32\RebAL.dll
     1>Done Building Project "D:\Users\felrugo\Documents\GitHub\Rebeka\Code\RebAL\RebAL.vcxproj" (Rebuild target(s)).

Build succeeded.

Time Elapsed 00:00:07.97
