d:\users\felrugo\documents\github\rebeka\bin32\launcher.bsc
d:\users\felrugo\documents\github\rebeka\code\launcher\debug\source.sbr
d:\users\felrugo\documents\github\rebeka\code\launcher\debug\source.obj
d:\users\felrugo\documents\github\rebeka\code\launcher\debug\vc110.pdb
d:\users\felrugo\documents\github\rebeka\bin32\launcher.ilk
d:\users\felrugo\documents\github\rebeka\bin32\launcher.exe
d:\users\felrugo\documents\github\rebeka\bin32\launcher.pdb
d:\users\felrugo\documents\github\rebeka\code\launcher\debug\launcher.res
d:\users\felrugo\documents\github\rebeka\code\launcher\debug\vc120.pdb
d:\users\felrugo\documents\github\rebeka\code\launcher\debug\vc120.idb
d:\users\felrugo\documents\github\rebeka\code\launcher\debug\bscmake.command.1.tlog
d:\users\felrugo\documents\github\rebeka\code\launcher\debug\bscmake.read.1.tlog
d:\users\felrugo\documents\github\rebeka\code\launcher\debug\bscmake.write.1.tlog
d:\users\felrugo\documents\github\rebeka\code\launcher\debug\cl.command.1.tlog
d:\users\felrugo\documents\github\rebeka\code\launcher\debug\cl.read.1.tlog
d:\users\felrugo\documents\github\rebeka\code\launcher\debug\cl.write.1.tlog
d:\users\felrugo\documents\github\rebeka\code\launcher\debug\link-cvtres.read.1.tlog
d:\users\felrugo\documents\github\rebeka\code\launcher\debug\link-cvtres.write.1.tlog
d:\users\felrugo\documents\github\rebeka\code\launcher\debug\link-rc.read.1.tlog
d:\users\felrugo\documents\github\rebeka\code\launcher\debug\link-rc.write.1.tlog
d:\users\felrugo\documents\github\rebeka\code\launcher\debug\link.11928-cvtres.read.1.tlog
d:\users\felrugo\documents\github\rebeka\code\launcher\debug\link.11928-cvtres.write.1.tlog
d:\users\felrugo\documents\github\rebeka\code\launcher\debug\link.11928-rc.read.1.tlog
d:\users\felrugo\documents\github\rebeka\code\launcher\debug\link.11928-rc.write.1.tlog
d:\users\felrugo\documents\github\rebeka\code\launcher\debug\link.11928.read.1.tlog
d:\users\felrugo\documents\github\rebeka\code\launcher\debug\link.11928.write.1.tlog
d:\users\felrugo\documents\github\rebeka\code\launcher\debug\link.14872-cvtres.read.1.tlog
d:\users\felrugo\documents\github\rebeka\code\launcher\debug\link.14872-cvtres.write.1.tlog
d:\users\felrugo\documents\github\rebeka\code\launcher\debug\link.14872-rc.read.1.tlog
d:\users\felrugo\documents\github\rebeka\code\launcher\debug\link.14872-rc.write.1.tlog
d:\users\felrugo\documents\github\rebeka\code\launcher\debug\link.14872.read.1.tlog
d:\users\felrugo\documents\github\rebeka\code\launcher\debug\link.14872.write.1.tlog
d:\users\felrugo\documents\github\rebeka\code\launcher\debug\link.16408-cvtres.read.1.tlog
d:\users\felrugo\documents\github\rebeka\code\launcher\debug\link.16408-cvtres.write.1.tlog
d:\users\felrugo\documents\github\rebeka\code\launcher\debug\link.16408-rc.read.1.tlog
d:\users\felrugo\documents\github\rebeka\code\launcher\debug\link.16408-rc.write.1.tlog
d:\users\felrugo\documents\github\rebeka\code\launcher\debug\link.16408.read.1.tlog
d:\users\felrugo\documents\github\rebeka\code\launcher\debug\link.16408.write.1.tlog
d:\users\felrugo\documents\github\rebeka\code\launcher\debug\link.command.1.tlog
d:\users\felrugo\documents\github\rebeka\code\launcher\debug\link.read.1.tlog
d:\users\felrugo\documents\github\rebeka\code\launcher\debug\link.write.1.tlog
d:\users\felrugo\documents\github\rebeka\code\launcher\debug\rc.command.1.tlog
d:\users\felrugo\documents\github\rebeka\code\launcher\debug\rc.read.1.tlog
d:\users\felrugo\documents\github\rebeka\code\launcher\debug\rc.write.1.tlog
d:\users\felrugo\documents\github\rebeka\code\launcher\debug\vc110.idb
d:\users\felrugo\documents\github\rebeka\code\launcher\..\..\bin32\launcher.exe
d:\users\felrugo\documents\github\rebeka\code\launcher\debug\launcher.tlog\bscmake.command.1.tlog
d:\users\felrugo\documents\github\rebeka\code\launcher\debug\launcher.tlog\bscmake.read.1.tlog
d:\users\felrugo\documents\github\rebeka\code\launcher\debug\launcher.tlog\bscmake.write.1.tlog
d:\users\felrugo\documents\github\rebeka\code\launcher\debug\launcher.tlog\cl.command.1.tlog
d:\users\felrugo\documents\github\rebeka\code\launcher\debug\launcher.tlog\cl.read.1.tlog
d:\users\felrugo\documents\github\rebeka\code\launcher\debug\launcher.tlog\cl.write.1.tlog
d:\users\felrugo\documents\github\rebeka\code\launcher\debug\launcher.tlog\link.command.1.tlog
d:\users\felrugo\documents\github\rebeka\code\launcher\debug\launcher.tlog\link.read.1.tlog
d:\users\felrugo\documents\github\rebeka\code\launcher\debug\launcher.tlog\link.write.1.tlog
d:\users\felrugo\documents\github\rebeka\code\launcher\debug\launcher.tlog\rc.command.1.tlog
d:\users\felrugo\documents\github\rebeka\code\launcher\debug\launcher.tlog\rc.read.1.tlog
d:\users\felrugo\documents\github\rebeka\code\launcher\debug\launcher.tlog\rc.write.1.tlog
