D:\USERS\FELRUGO\DOCUMENTS\GITHUB\REBEKA\CODE\REBSFML\RELEASE\REBSFML_SOUNDSOURCE.OBJ
D:\USERS\FELRUGO\DOCUMENTS\GITHUB\REBEKA\CODE\REBSFML\RELEASE\REBSFML_MUSICPLAYER.OBJ
D:\USERS\FELRUGO\DOCUMENTS\GITHUB\REBEKA\CODE\REBSFML\RELEASE\REBSFML_INIT.OBJ
D:\USERS\FELRUGO\DOCUMENTS\GITHUB\REBEKA\CODE\REBSFML\RELEASE\VC110.PDB
D:\USERS\FELRUGO\DOCUMENTS\GITHUB\REBEKA\BIN32\REBSFML.DLL
D:\USERS\FELRUGO\DOCUMENTS\GITHUB\REBEKA\BIN32\REBSFML.PDB
D:\Users\felrugo\Documents\GitHub\Rebeka\Bin32\RebSFML.lib
D:\Users\felrugo\Documents\GitHub\Rebeka\Bin32\RebSFML.exp
D:\Users\felrugo\Documents\GitHub\Rebeka\Code\RebSFML\Release\RebSFML_init.obj
D:\Users\felrugo\Documents\GitHub\Rebeka\Code\RebSFML\Release\RebSFML_MusicPlayer.obj
D:\Users\felrugo\Documents\GitHub\Rebeka\Code\RebSFML\Release\RebSFML_SoundSource.obj
D:\Users\felrugo\Documents\GitHub\Rebeka\Code\RebSFML\Release\cl.command.1.tlog
D:\Users\felrugo\Documents\GitHub\Rebeka\Code\RebSFML\Release\CL.read.1.tlog
D:\Users\felrugo\Documents\GitHub\Rebeka\Code\RebSFML\Release\CL.write.1.tlog
D:\Users\felrugo\Documents\GitHub\Rebeka\Code\RebSFML\Release\link-cvtres.read.1.tlog
D:\Users\felrugo\Documents\GitHub\Rebeka\Code\RebSFML\Release\link-cvtres.write.1.tlog
D:\Users\felrugo\Documents\GitHub\Rebeka\Code\RebSFML\Release\link-rc.read.1.tlog
D:\Users\felrugo\Documents\GitHub\Rebeka\Code\RebSFML\Release\link-rc.write.1.tlog
D:\Users\felrugo\Documents\GitHub\Rebeka\Code\RebSFML\Release\link.command.1.tlog
D:\Users\felrugo\Documents\GitHub\Rebeka\Code\RebSFML\Release\link.read.1.tlog
D:\Users\felrugo\Documents\GitHub\Rebeka\Code\RebSFML\Release\link.write.1.tlog
D:\Users\felrugo\Documents\GitHub\Rebeka\Code\RebSFML\Release\RebSFML.write.1.tlog
D:\Users\felrugo\Documents\GitHub\Rebeka\Code\RebSFML\Release\vc110.pdb
D:\Users\felrugo\Documents\GitHub\Rebeka\Code\RebSFML\..\..\Bin32\RebSFML.dll
