D:\WIN7PROG\REBEKA\REBEKA\LAUNCHER\DEBUG\SOURCE.OBJ
D:\WIN7PROG\REBEKA\REBEKA\LAUNCHER\DEBUG\VC110.PDB
D:\win7prog\Rebeka\Rebeka\Debug\Launcher.lib
D:\win7prog\Rebeka\Rebeka\Debug\Launcher.exp
D:\WIN7PROG\REBEKA\REBEKA\DEBUG\LAUNCHER.ILK
D:\WIN7PROG\REBEKA\REBEKA\DEBUG\LAUNCHER.EXE
D:\WIN7PROG\REBEKA\REBEKA\DEBUG\LAUNCHER.PDB
D:\WIN7PROG\REBEKA\REBEKA\LAUNCHER\DEBUG\LAUNCHER.RES
D:\win7prog\Rebeka\Rebeka\Launcher\Debug\Source.obj
D:\win7prog\Rebeka\Rebeka\Launcher\Debug\cl.command.1.tlog
D:\win7prog\Rebeka\Rebeka\Launcher\Debug\CL.read.1.tlog
D:\win7prog\Rebeka\Rebeka\Launcher\Debug\CL.write.1.tlog
D:\win7prog\Rebeka\Rebeka\Launcher\Debug\Launcher.write.1.tlog
D:\win7prog\Rebeka\Rebeka\Launcher\Debug\link-cvtres.read.1.tlog
D:\win7prog\Rebeka\Rebeka\Launcher\Debug\link-cvtres.write.1.tlog
D:\win7prog\Rebeka\Rebeka\Launcher\Debug\link-rc.read.1.tlog
D:\win7prog\Rebeka\Rebeka\Launcher\Debug\link-rc.write.1.tlog
D:\win7prog\Rebeka\Rebeka\Launcher\Debug\link.10392-cvtres.read.1.tlog
D:\win7prog\Rebeka\Rebeka\Launcher\Debug\link.10392-cvtres.write.1.tlog
D:\win7prog\Rebeka\Rebeka\Launcher\Debug\link.10392-rc.read.1.tlog
D:\win7prog\Rebeka\Rebeka\Launcher\Debug\link.10392-rc.write.1.tlog
D:\win7prog\Rebeka\Rebeka\Launcher\Debug\link.10392.read.1.tlog
D:\win7prog\Rebeka\Rebeka\Launcher\Debug\link.10392.write.1.tlog
D:\win7prog\Rebeka\Rebeka\Launcher\Debug\link.17196-cvtres.read.1.tlog
D:\win7prog\Rebeka\Rebeka\Launcher\Debug\link.17196-cvtres.write.1.tlog
D:\win7prog\Rebeka\Rebeka\Launcher\Debug\link.17196-rc.read.1.tlog
D:\win7prog\Rebeka\Rebeka\Launcher\Debug\link.17196-rc.write.1.tlog
D:\win7prog\Rebeka\Rebeka\Launcher\Debug\link.17196.read.1.tlog
D:\win7prog\Rebeka\Rebeka\Launcher\Debug\link.17196.write.1.tlog
D:\win7prog\Rebeka\Rebeka\Launcher\Debug\link.18440-cvtres.read.1.tlog
D:\win7prog\Rebeka\Rebeka\Launcher\Debug\link.18440-cvtres.write.1.tlog
D:\win7prog\Rebeka\Rebeka\Launcher\Debug\link.18440-rc.read.1.tlog
D:\win7prog\Rebeka\Rebeka\Launcher\Debug\link.18440-rc.write.1.tlog
D:\win7prog\Rebeka\Rebeka\Launcher\Debug\link.18440.read.1.tlog
D:\win7prog\Rebeka\Rebeka\Launcher\Debug\link.18440.write.1.tlog
D:\win7prog\Rebeka\Rebeka\Launcher\Debug\link.18648-cvtres.read.1.tlog
D:\win7prog\Rebeka\Rebeka\Launcher\Debug\link.18648-cvtres.write.1.tlog
D:\win7prog\Rebeka\Rebeka\Launcher\Debug\link.18648-rc.read.1.tlog
D:\win7prog\Rebeka\Rebeka\Launcher\Debug\link.18648-rc.write.1.tlog
D:\win7prog\Rebeka\Rebeka\Launcher\Debug\link.18648.read.1.tlog
D:\win7prog\Rebeka\Rebeka\Launcher\Debug\link.18648.write.1.tlog
D:\win7prog\Rebeka\Rebeka\Launcher\Debug\link.20520-cvtres.read.1.tlog
D:\win7prog\Rebeka\Rebeka\Launcher\Debug\link.20520-cvtres.write.1.tlog
D:\win7prog\Rebeka\Rebeka\Launcher\Debug\link.20520-rc.read.1.tlog
D:\win7prog\Rebeka\Rebeka\Launcher\Debug\link.20520-rc.write.1.tlog
D:\win7prog\Rebeka\Rebeka\Launcher\Debug\link.20520.read.1.tlog
D:\win7prog\Rebeka\Rebeka\Launcher\Debug\link.20520.write.1.tlog
D:\win7prog\Rebeka\Rebeka\Launcher\Debug\link.20932-cvtres.read.1.tlog
D:\win7prog\Rebeka\Rebeka\Launcher\Debug\link.20932-cvtres.write.1.tlog
D:\win7prog\Rebeka\Rebeka\Launcher\Debug\link.20932-rc.read.1.tlog
D:\win7prog\Rebeka\Rebeka\Launcher\Debug\link.20932-rc.write.1.tlog
D:\win7prog\Rebeka\Rebeka\Launcher\Debug\link.20932.read.1.tlog
D:\win7prog\Rebeka\Rebeka\Launcher\Debug\link.20932.write.1.tlog
D:\win7prog\Rebeka\Rebeka\Launcher\Debug\link.21584-cvtres.read.1.tlog
D:\win7prog\Rebeka\Rebeka\Launcher\Debug\link.21584-cvtres.write.1.tlog
D:\win7prog\Rebeka\Rebeka\Launcher\Debug\link.21584-rc.read.1.tlog
D:\win7prog\Rebeka\Rebeka\Launcher\Debug\link.21584-rc.write.1.tlog
D:\win7prog\Rebeka\Rebeka\Launcher\Debug\link.21584.read.1.tlog
D:\win7prog\Rebeka\Rebeka\Launcher\Debug\link.21584.write.1.tlog
D:\win7prog\Rebeka\Rebeka\Launcher\Debug\link.25576-cvtres.read.1.tlog
D:\win7prog\Rebeka\Rebeka\Launcher\Debug\link.25576-cvtres.write.1.tlog
D:\win7prog\Rebeka\Rebeka\Launcher\Debug\link.25576-rc.read.1.tlog
D:\win7prog\Rebeka\Rebeka\Launcher\Debug\link.25576-rc.write.1.tlog
D:\win7prog\Rebeka\Rebeka\Launcher\Debug\link.25576.read.1.tlog
D:\win7prog\Rebeka\Rebeka\Launcher\Debug\link.25576.write.1.tlog
D:\win7prog\Rebeka\Rebeka\Launcher\Debug\link.26456-cvtres.read.1.tlog
D:\win7prog\Rebeka\Rebeka\Launcher\Debug\link.26456-cvtres.write.1.tlog
D:\win7prog\Rebeka\Rebeka\Launcher\Debug\link.26456-rc.read.1.tlog
D:\win7prog\Rebeka\Rebeka\Launcher\Debug\link.26456-rc.write.1.tlog
D:\win7prog\Rebeka\Rebeka\Launcher\Debug\link.26456.read.1.tlog
D:\win7prog\Rebeka\Rebeka\Launcher\Debug\link.26456.write.1.tlog
D:\win7prog\Rebeka\Rebeka\Launcher\Debug\link.27020-cvtres.read.1.tlog
D:\win7prog\Rebeka\Rebeka\Launcher\Debug\link.27020-cvtres.write.1.tlog
D:\win7prog\Rebeka\Rebeka\Launcher\Debug\link.27020-rc.read.1.tlog
D:\win7prog\Rebeka\Rebeka\Launcher\Debug\link.27020-rc.write.1.tlog
D:\win7prog\Rebeka\Rebeka\Launcher\Debug\link.27020.read.1.tlog
D:\win7prog\Rebeka\Rebeka\Launcher\Debug\link.27020.write.1.tlog
D:\win7prog\Rebeka\Rebeka\Launcher\Debug\link.27320-cvtres.read.1.tlog
D:\win7prog\Rebeka\Rebeka\Launcher\Debug\link.27320-cvtres.write.1.tlog
D:\win7prog\Rebeka\Rebeka\Launcher\Debug\link.27320-rc.read.1.tlog
D:\win7prog\Rebeka\Rebeka\Launcher\Debug\link.27320-rc.write.1.tlog
D:\win7prog\Rebeka\Rebeka\Launcher\Debug\link.27320.read.1.tlog
D:\win7prog\Rebeka\Rebeka\Launcher\Debug\link.27320.write.1.tlog
D:\win7prog\Rebeka\Rebeka\Launcher\Debug\link.29232-cvtres.read.1.tlog
D:\win7prog\Rebeka\Rebeka\Launcher\Debug\link.29232-cvtres.write.1.tlog
D:\win7prog\Rebeka\Rebeka\Launcher\Debug\link.29232-rc.read.1.tlog
D:\win7prog\Rebeka\Rebeka\Launcher\Debug\link.29232-rc.write.1.tlog
D:\win7prog\Rebeka\Rebeka\Launcher\Debug\link.29232.read.1.tlog
D:\win7prog\Rebeka\Rebeka\Launcher\Debug\link.29232.write.1.tlog
D:\win7prog\Rebeka\Rebeka\Launcher\Debug\link.29272-cvtres.read.1.tlog
D:\win7prog\Rebeka\Rebeka\Launcher\Debug\link.29272-cvtres.write.1.tlog
D:\win7prog\Rebeka\Rebeka\Launcher\Debug\link.29272-rc.read.1.tlog
D:\win7prog\Rebeka\Rebeka\Launcher\Debug\link.29272-rc.write.1.tlog
D:\win7prog\Rebeka\Rebeka\Launcher\Debug\link.29272.read.1.tlog
D:\win7prog\Rebeka\Rebeka\Launcher\Debug\link.29272.write.1.tlog
D:\win7prog\Rebeka\Rebeka\Launcher\Debug\link.29336-cvtres.read.1.tlog
D:\win7prog\Rebeka\Rebeka\Launcher\Debug\link.29336-cvtres.write.1.tlog
D:\win7prog\Rebeka\Rebeka\Launcher\Debug\link.29336-rc.read.1.tlog
D:\win7prog\Rebeka\Rebeka\Launcher\Debug\link.29336-rc.write.1.tlog
D:\win7prog\Rebeka\Rebeka\Launcher\Debug\link.29336.read.1.tlog
D:\win7prog\Rebeka\Rebeka\Launcher\Debug\link.29336.write.1.tlog
D:\win7prog\Rebeka\Rebeka\Launcher\Debug\link.29712-cvtres.read.1.tlog
D:\win7prog\Rebeka\Rebeka\Launcher\Debug\link.29712-cvtres.write.1.tlog
D:\win7prog\Rebeka\Rebeka\Launcher\Debug\link.29712-rc.read.1.tlog
D:\win7prog\Rebeka\Rebeka\Launcher\Debug\link.29712-rc.write.1.tlog
D:\win7prog\Rebeka\Rebeka\Launcher\Debug\link.29712.read.1.tlog
D:\win7prog\Rebeka\Rebeka\Launcher\Debug\link.29712.write.1.tlog
D:\win7prog\Rebeka\Rebeka\Launcher\Debug\link.31072-cvtres.read.1.tlog
D:\win7prog\Rebeka\Rebeka\Launcher\Debug\link.31072-cvtres.write.1.tlog
D:\win7prog\Rebeka\Rebeka\Launcher\Debug\link.31072-rc.read.1.tlog
D:\win7prog\Rebeka\Rebeka\Launcher\Debug\link.31072-rc.write.1.tlog
D:\win7prog\Rebeka\Rebeka\Launcher\Debug\link.31072.read.1.tlog
D:\win7prog\Rebeka\Rebeka\Launcher\Debug\link.31072.write.1.tlog
D:\win7prog\Rebeka\Rebeka\Launcher\Debug\link.31208-cvtres.read.1.tlog
D:\win7prog\Rebeka\Rebeka\Launcher\Debug\link.31208-cvtres.write.1.tlog
D:\win7prog\Rebeka\Rebeka\Launcher\Debug\link.31208-rc.read.1.tlog
D:\win7prog\Rebeka\Rebeka\Launcher\Debug\link.31208-rc.write.1.tlog
D:\win7prog\Rebeka\Rebeka\Launcher\Debug\link.31208.read.1.tlog
D:\win7prog\Rebeka\Rebeka\Launcher\Debug\link.31208.write.1.tlog
D:\win7prog\Rebeka\Rebeka\Launcher\Debug\link.32436-cvtres.read.1.tlog
D:\win7prog\Rebeka\Rebeka\Launcher\Debug\link.32436-cvtres.write.1.tlog
D:\win7prog\Rebeka\Rebeka\Launcher\Debug\link.32436-rc.read.1.tlog
D:\win7prog\Rebeka\Rebeka\Launcher\Debug\link.32436-rc.write.1.tlog
D:\win7prog\Rebeka\Rebeka\Launcher\Debug\link.32436.read.1.tlog
D:\win7prog\Rebeka\Rebeka\Launcher\Debug\link.32436.write.1.tlog
D:\win7prog\Rebeka\Rebeka\Launcher\Debug\link.33896-cvtres.read.1.tlog
D:\win7prog\Rebeka\Rebeka\Launcher\Debug\link.33896-cvtres.write.1.tlog
D:\win7prog\Rebeka\Rebeka\Launcher\Debug\link.33896-rc.read.1.tlog
D:\win7prog\Rebeka\Rebeka\Launcher\Debug\link.33896-rc.write.1.tlog
D:\win7prog\Rebeka\Rebeka\Launcher\Debug\link.33896.read.1.tlog
D:\win7prog\Rebeka\Rebeka\Launcher\Debug\link.33896.write.1.tlog
D:\win7prog\Rebeka\Rebeka\Launcher\Debug\link.34624-cvtres.read.1.tlog
D:\win7prog\Rebeka\Rebeka\Launcher\Debug\link.34624-cvtres.write.1.tlog
D:\win7prog\Rebeka\Rebeka\Launcher\Debug\link.34624-rc.read.1.tlog
D:\win7prog\Rebeka\Rebeka\Launcher\Debug\link.34624-rc.write.1.tlog
D:\win7prog\Rebeka\Rebeka\Launcher\Debug\link.34624.read.1.tlog
D:\win7prog\Rebeka\Rebeka\Launcher\Debug\link.34624.write.1.tlog
D:\win7prog\Rebeka\Rebeka\Launcher\Debug\link.34712-cvtres.read.1.tlog
D:\win7prog\Rebeka\Rebeka\Launcher\Debug\link.34712-cvtres.write.1.tlog
D:\win7prog\Rebeka\Rebeka\Launcher\Debug\link.34712-rc.read.1.tlog
D:\win7prog\Rebeka\Rebeka\Launcher\Debug\link.34712-rc.write.1.tlog
D:\win7prog\Rebeka\Rebeka\Launcher\Debug\link.34712.read.1.tlog
D:\win7prog\Rebeka\Rebeka\Launcher\Debug\link.34712.write.1.tlog
D:\win7prog\Rebeka\Rebeka\Launcher\Debug\link.35124-cvtres.read.1.tlog
D:\win7prog\Rebeka\Rebeka\Launcher\Debug\link.35124-cvtres.write.1.tlog
D:\win7prog\Rebeka\Rebeka\Launcher\Debug\link.35124-rc.read.1.tlog
D:\win7prog\Rebeka\Rebeka\Launcher\Debug\link.35124-rc.write.1.tlog
D:\win7prog\Rebeka\Rebeka\Launcher\Debug\link.35124.read.1.tlog
D:\win7prog\Rebeka\Rebeka\Launcher\Debug\link.35124.write.1.tlog
D:\win7prog\Rebeka\Rebeka\Launcher\Debug\link.35624-cvtres.read.1.tlog
D:\win7prog\Rebeka\Rebeka\Launcher\Debug\link.35624-cvtres.write.1.tlog
D:\win7prog\Rebeka\Rebeka\Launcher\Debug\link.35624-rc.read.1.tlog
D:\win7prog\Rebeka\Rebeka\Launcher\Debug\link.35624-rc.write.1.tlog
D:\win7prog\Rebeka\Rebeka\Launcher\Debug\link.35624.read.1.tlog
D:\win7prog\Rebeka\Rebeka\Launcher\Debug\link.35624.write.1.tlog
D:\win7prog\Rebeka\Rebeka\Launcher\Debug\link.36364-cvtres.read.1.tlog
D:\win7prog\Rebeka\Rebeka\Launcher\Debug\link.36364-cvtres.write.1.tlog
D:\win7prog\Rebeka\Rebeka\Launcher\Debug\link.36364-rc.read.1.tlog
D:\win7prog\Rebeka\Rebeka\Launcher\Debug\link.36364-rc.write.1.tlog
D:\win7prog\Rebeka\Rebeka\Launcher\Debug\link.36364.read.1.tlog
D:\win7prog\Rebeka\Rebeka\Launcher\Debug\link.36364.write.1.tlog
D:\win7prog\Rebeka\Rebeka\Launcher\Debug\link.38392-cvtres.read.1.tlog
D:\win7prog\Rebeka\Rebeka\Launcher\Debug\link.38392-cvtres.write.1.tlog
D:\win7prog\Rebeka\Rebeka\Launcher\Debug\link.38392-rc.read.1.tlog
D:\win7prog\Rebeka\Rebeka\Launcher\Debug\link.38392-rc.write.1.tlog
D:\win7prog\Rebeka\Rebeka\Launcher\Debug\link.38392.read.1.tlog
D:\win7prog\Rebeka\Rebeka\Launcher\Debug\link.38392.write.1.tlog
D:\win7prog\Rebeka\Rebeka\Launcher\Debug\link.39204-cvtres.read.1.tlog
D:\win7prog\Rebeka\Rebeka\Launcher\Debug\link.39204-cvtres.write.1.tlog
D:\win7prog\Rebeka\Rebeka\Launcher\Debug\link.39204-rc.read.1.tlog
D:\win7prog\Rebeka\Rebeka\Launcher\Debug\link.39204-rc.write.1.tlog
D:\win7prog\Rebeka\Rebeka\Launcher\Debug\link.39204.read.1.tlog
D:\win7prog\Rebeka\Rebeka\Launcher\Debug\link.39204.write.1.tlog
D:\win7prog\Rebeka\Rebeka\Launcher\Debug\link.39216-cvtres.read.1.tlog
D:\win7prog\Rebeka\Rebeka\Launcher\Debug\link.39216-cvtres.write.1.tlog
D:\win7prog\Rebeka\Rebeka\Launcher\Debug\link.39216-rc.read.1.tlog
D:\win7prog\Rebeka\Rebeka\Launcher\Debug\link.39216-rc.write.1.tlog
D:\win7prog\Rebeka\Rebeka\Launcher\Debug\link.39216.read.1.tlog
D:\win7prog\Rebeka\Rebeka\Launcher\Debug\link.39216.write.1.tlog
D:\win7prog\Rebeka\Rebeka\Launcher\Debug\link.39828-cvtres.read.1.tlog
D:\win7prog\Rebeka\Rebeka\Launcher\Debug\link.39828-cvtres.write.1.tlog
D:\win7prog\Rebeka\Rebeka\Launcher\Debug\link.39828-rc.read.1.tlog
D:\win7prog\Rebeka\Rebeka\Launcher\Debug\link.39828-rc.write.1.tlog
D:\win7prog\Rebeka\Rebeka\Launcher\Debug\link.39828.read.1.tlog
D:\win7prog\Rebeka\Rebeka\Launcher\Debug\link.39828.write.1.tlog
D:\win7prog\Rebeka\Rebeka\Launcher\Debug\link.39856-cvtres.read.1.tlog
D:\win7prog\Rebeka\Rebeka\Launcher\Debug\link.39856-cvtres.write.1.tlog
D:\win7prog\Rebeka\Rebeka\Launcher\Debug\link.39856-rc.read.1.tlog
D:\win7prog\Rebeka\Rebeka\Launcher\Debug\link.39856-rc.write.1.tlog
D:\win7prog\Rebeka\Rebeka\Launcher\Debug\link.39856.read.1.tlog
D:\win7prog\Rebeka\Rebeka\Launcher\Debug\link.39856.write.1.tlog
D:\win7prog\Rebeka\Rebeka\Launcher\Debug\link.39952-cvtres.read.1.tlog
D:\win7prog\Rebeka\Rebeka\Launcher\Debug\link.39952-cvtres.write.1.tlog
D:\win7prog\Rebeka\Rebeka\Launcher\Debug\link.39952-rc.read.1.tlog
D:\win7prog\Rebeka\Rebeka\Launcher\Debug\link.39952-rc.write.1.tlog
D:\win7prog\Rebeka\Rebeka\Launcher\Debug\link.39952.read.1.tlog
D:\win7prog\Rebeka\Rebeka\Launcher\Debug\link.39952.write.1.tlog
D:\win7prog\Rebeka\Rebeka\Launcher\Debug\link.command.1.tlog
D:\win7prog\Rebeka\Rebeka\Launcher\Debug\link.read.1.tlog
D:\win7prog\Rebeka\Rebeka\Launcher\Debug\link.write.1.tlog
D:\win7prog\Rebeka\Rebeka\Launcher\Debug\rc.command.1.tlog
D:\win7prog\Rebeka\Rebeka\Launcher\Debug\rc.read.1.tlog
D:\win7prog\Rebeka\Rebeka\Launcher\Debug\rc.write.1.tlog
D:\win7prog\Rebeka\Rebeka\Launcher\Debug\Launcher.res
D:\win7prog\Rebeka\Rebeka\Launcher\Debug\vc110.idb
D:\win7prog\Rebeka\Rebeka\Launcher\Debug\vc110.pdb
D:\win7prog\Rebeka\Rebeka\Debug\Launcher.pdb
D:\win7prog\Rebeka\Rebeka\Debug\Launcher.exe
D:\win7prog\Rebeka\Rebeka\Debug\Launcher.ilk
