Build started 2014.01.14. 17:59:00.
     1>Project "D:\Users\felrugo\Documents\GitHub\Rebeka\Launcher\Launcher.vcxproj" on node 2 (Build target(s)).
     1>Link:
         D:\win7prog\Microsoft Visual Studio 11.0\VC\bin\link.exe /ERRORREPORT:PROMPT /OUT:"D:\Users\felrugo\Documents\GitHub\Rebeka\bin32\Launcher.exe" /INCREMENTAL:NO /NOLOGO kernel32.lib user32.lib gdi32.lib winspool.lib comdlg32.lib advapi32.lib shell32.lib ole32.lib oleaut32.lib uuid.lib odbc32.lib odbccp32.lib /MANIFEST /MANIFESTUAC:"level='asInvoker' uiAccess='false'" /manifest:embed /DEBUG /PDB:"D:\Users\felrugo\Documents\GitHub\Rebeka\bin32\Launcher.pdb" /SUBSYSTEM:WINDOWS /OPT:REF /OPT:ICF /LTCG /TLBID:1 /DYNAMICBASE /NXCOMPAT /IMPLIB:"D:\Users\felrugo\Documents\GitHub\Rebeka\bin32\Launcher.lib" /MACHINE:X86 /SAFESEH Release\Launcher.res
         Release\Source.obj
            Creating library D:\Users\felrugo\Documents\GitHub\Rebeka\bin32\Launcher.lib and object D:\Users\felrugo\Documents\GitHub\Rebeka\bin32\Launcher.exp
     1>Source.obj : error LNK2001: unresolved external symbol "public: __thiscall TCompInpBasicControl::TCompInpBasicControl(class IMEH *)" (??0TCompInpBasicControl@@QAE@PAVIMEH@@@Z)
     1>Source.obj : error LNK2001: unresolved external symbol "public: void __thiscall Entity::SetPos(class RebVector)" (?SetPos@Entity@@QAEXVRebVector@@@Z)
     1>Source.obj : error LNK2001: unresolved external symbol "public: class Component * __thiscall Entity::GetComponent(class std::basic_string<char,struct std::char_traits<char>,class std::allocator<char> >)" (?GetComponent@Entity@@QAEPAVComponent@@V?$basic_string@DU?$char_traits@D@std@@V?$allocator@D@2@@std@@@Z)
     1>Source.obj : error LNK2001: unresolved external symbol "public: void __thiscall TemplateManager::CreateEntTemp(class std::basic_string<char,struct std::char_traits<char>,class std::allocator<char> >,class std::vector<class TComponent *,class std::allocator<class TComponent *> >)" (?CreateEntTemp@TemplateManager@@QAEXV?$basic_string@DU?$char_traits@D@std@@V?$allocator@D@2@@std@@V?$vector@PAVTComponent@@V?$allocator@PAVTComponent@@@std@@@3@@Z)
     1>Source.obj : error LNK2001: unresolved external symbol "public: class Entity * __thiscall TemplateManager::CreateEntByTemp(class std::basic_string<char,struct std::char_traits<char>,class std::allocator<char> >,class std::basic_string<char,struct std::char_traits<char>,class std::allocator<char> >)" (?CreateEntByTemp@TemplateManager@@QAEPAVEntity@@V?$basic_string@DU?$char_traits@D@std@@V?$allocator@D@2@@std@@0@Z)
     1>Source.obj : error LNK2001: unresolved external symbol "public: __thiscall RebAudioSystem::~RebAudioSystem(void)" (??1RebAudioSystem@@QAE@XZ)
     1>Source.obj : error LNK2001: unresolved external symbol "public: class IAudioDevice * __thiscall RebAudioSystem::GetAudioDevice(void)" (?GetAudioDevice@RebAudioSystem@@QAEPAVIAudioDevice@@XZ)
     1>Source.obj : error LNK2001: unresolved external symbol "public: void __thiscall RebAudioSystem::ReleaseAudioDevice(void)" (?ReleaseAudioDevice@RebAudioSystem@@QAEXXZ)
     1>Source.obj : error LNK2001: unresolved external symbol "public: void __thiscall RebAudioSystem::CreateAudioDevice(void)" (?CreateAudioDevice@RebAudioSystem@@QAEXXZ)
     1>Source.obj : error LNK2001: unresolved external symbol "public: __thiscall RebAudioSystem::RebAudioSystem(void)" (??0RebAudioSystem@@QAE@XZ)
     1>Source.obj : error LNK2001: unresolved external symbol "public: __thiscall RebWindowSystem::~RebWindowSystem(void)" (??1RebWindowSystem@@QAE@XZ)
     1>Source.obj : error LNK2001: unresolved external symbol "public: class IMEH * __thiscall RebWindowSystem::GetMEH(void)" (?GetMEH@RebWindowSystem@@QAEPAVIMEH@@XZ)
     1>Source.obj : error LNK2001: unresolved external symbol "public: class IWindowManager * __thiscall RebWindowSystem::GetManager(void)" (?GetManager@RebWindowSystem@@QAEPAVIWindowManager@@XZ)
     1>Source.obj : error LNK2001: unresolved external symbol "public: void __thiscall RebWindowSystem::DeleteManager(void)" (?DeleteManager@RebWindowSystem@@QAEXXZ)
     1>Source.obj : error LNK2001: unresolved external symbol "public: void __thiscall RebWindowSystem::CreateManager(void)" (?CreateManager@RebWindowSystem@@QAEXXZ)
     1>Source.obj : error LNK2001: unresolved external symbol "public: __thiscall RebWindowSystem::RebWindowSystem(void)" (??0RebWindowSystem@@QAE@XZ)
     1>Source.obj : error LNK2001: unresolved external symbol "public: void __thiscall CompVisViewport::SetActiveViewport(void)" (?SetActiveViewport@CompVisViewport@@QAEXXZ)
     1>Source.obj : error LNK2001: unresolved external symbol "public: __thiscall Renderer::~Renderer(void)" (??1Renderer@@QAE@XZ)
     1>Source.obj : error LNK2001: unresolved external symbol "public: class IRenderDevice * __thiscall Renderer::GetDevice(void)" (?GetDevice@Renderer@@QAEPAVIRenderDevice@@XZ)
     1>Source.obj : error LNK2001: unresolved external symbol "public: void __thiscall Renderer::ReleaseDevice(void)" (?ReleaseDevice@Renderer@@QAEXXZ)
     1>Source.obj : error LNK2001: unresolved external symbol "public: void __thiscall Renderer::CreateDevice(void)" (?CreateDevice@Renderer@@QAEXXZ)
     1>Source.obj : error LNK2001: unresolved external symbol "public: __thiscall Renderer::Renderer(void)" (??0Renderer@@QAE@XZ)
     1>Source.obj : error LNK2001: unresolved external symbol "public: __thiscall RebEntitySystem::~RebEntitySystem(void)" (??1RebEntitySystem@@QAE@XZ)
     1>Source.obj : error LNK2001: unresolved external symbol "public: void __thiscall RebEntitySystem::Release(void)" (?Release@RebEntitySystem@@QAEXXZ)
     1>Source.obj : error LNK2001: unresolved external symbol "public: void __thiscall RebEntitySystem::Update(void)" (?Update@RebEntitySystem@@QAEXXZ)
     1>Source.obj : error LNK2001: unresolved external symbol "public: class TemplateManager * __thiscall RebEntitySystem::GetTemplateManager(void)" (?GetTemplateManager@RebEntitySystem@@QAEPAVTemplateManager@@XZ)
     1>Source.obj : error LNK2001: unresolved external symbol "public: __thiscall RebEntitySystem::RebEntitySystem(void)" (??0RebEntitySystem@@QAE@XZ)
     1>Source.obj : error LNK2001: unresolved external symbol "public: class RebMatrix __thiscall RebMatrix::operator*(class RebMatrix const &)const " (??DRebMatrix@@QBE?AV0@ABV0@@Z)
     1>Source.obj : error LNK2001: unresolved external symbol "public: void __thiscall RebMatrix::Rota(float,float,float)" (?Rota@RebMatrix@@QAEXMMM@Z)
     1>Source.obj : error LNK2001: unresolved external symbol "public: void __thiscall RebMatrix::Identity(void)" (?Identity@RebMatrix@@QAEXXZ)
     1>Source.obj : error LNK2001: unresolved external symbol "public: __thiscall TCompVisViewport::TCompVisViewport(class IRenderDevice *)" (??0TCompVisViewport@@QAE@PAVIRenderDevice@@@Z)
     1>Source.obj : error LNK2001: unresolved external symbol "public: void __thiscall RebVector::Set(float,float,float,float)" (?Set@RebVector@@QAEXMMMM@Z)
     1>D:\Users\felrugo\Documents\GitHub\Rebeka\bin32\Launcher.exe : fatal error LNK1120: 32 unresolved externals
     1>Done Building Project "D:\Users\felrugo\Documents\GitHub\Rebeka\Launcher\Launcher.vcxproj" (Build target(s)) -- FAILED.

Build FAILED.

Time Elapsed 00:00:00.21
