d:\users\felrugo\documents\github\rebeka\code\reb3d\release\rebvector.obj
d:\users\felrugo\documents\github\rebeka\code\reb3d\release\rebray.obj
d:\users\felrugo\documents\github\rebeka\code\reb3d\release\rebquat.obj
d:\users\felrugo\documents\github\rebeka\code\reb3d\release\rebpolygon.obj
d:\users\felrugo\documents\github\rebeka\code\reb3d\release\rebplane.obj
d:\users\felrugo\documents\github\rebeka\code\reb3d\release\rebobb.obj
d:\users\felrugo\documents\github\rebeka\code\reb3d\release\rebmatrix.obj
d:\users\felrugo\documents\github\rebeka\code\reb3d\release\rebgltrans.obj
d:\users\felrugo\documents\github\rebeka\code\reb3d\release\rebcpu.obj
d:\users\felrugo\documents\github\rebeka\code\reb3d\release\rebaabb.obj
d:\users\felrugo\documents\github\rebeka\code\reb3d\release\vc110.pdb
d:\users\felrugo\documents\github\rebeka\code\libs\x32\reb3d.lib
d:\users\felrugo\documents\github\rebeka\code\reb3d\release\vc120.pdb
d:\users\felrugo\documents\github\rebeka\code\reb3d\release\cl.command.1.tlog
d:\users\felrugo\documents\github\rebeka\code\reb3d\release\cl.read.1.tlog
d:\users\felrugo\documents\github\rebeka\code\reb3d\release\cl.write.1.tlog
d:\users\felrugo\documents\github\rebeka\code\reb3d\release\lib-link.read.1.tlog
d:\users\felrugo\documents\github\rebeka\code\reb3d\release\lib-link.write.1.tlog
d:\users\felrugo\documents\github\rebeka\code\reb3d\release\lib.command.1.tlog
d:\users\felrugo\documents\github\rebeka\code\reb3d\..\libs\x32\reb3d.lib
d:\users\felrugo\documents\github\rebeka\code\reb3d\release\reb3d.tlog\cl.command.1.tlog
d:\users\felrugo\documents\github\rebeka\code\reb3d\release\reb3d.tlog\cl.read.1.tlog
d:\users\felrugo\documents\github\rebeka\code\reb3d\release\reb3d.tlog\cl.write.1.tlog
d:\users\felrugo\documents\github\rebeka\code\reb3d\release\reb3d.tlog\lib-link.read.1.tlog
d:\users\felrugo\documents\github\rebeka\code\reb3d\release\reb3d.tlog\lib-link.write.1.tlog
d:\users\felrugo\documents\github\rebeka\code\reb3d\release\reb3d.tlog\lib.command.1.tlog
