d:\users\felrugo\documents\github\rebeka\code\rebsupport\release\rebfilesystem.obj
d:\users\felrugo\documents\github\rebeka\code\rebsupport\release\vc110.pdb
d:\users\felrugo\documents\github\rebeka\code\libs\x32\rebsupport.lib
d:\users\felrugo\documents\github\rebeka\code\rebsupport\release\vc120.pdb
d:\users\felrugo\documents\github\rebeka\code\rebsupport\release\tinyxml2.obj
d:\users\felrugo\documents\github\rebeka\code\rebsupport\release\rebvl.obj
d:\users\felrugo\documents\github\rebeka\code\rebsupport\release\rebtimer.obj
d:\users\felrugo\documents\github\rebeka\code\libs\x32\rebsupport.exp
d:\users\felrugo\documents\github\rebeka\code\rebsupport\release\cl.command.1.tlog
d:\users\felrugo\documents\github\rebeka\code\rebsupport\release\cl.read.1.tlog
d:\users\felrugo\documents\github\rebeka\code\rebsupport\release\cl.write.1.tlog
d:\users\felrugo\documents\github\rebeka\code\rebsupport\release\lib-link.read.1.tlog
d:\users\felrugo\documents\github\rebeka\code\rebsupport\release\lib-link.write.1.tlog
d:\users\felrugo\documents\github\rebeka\code\rebsupport\release\lib.command.1.tlog
d:\users\felrugo\documents\github\rebeka\code\rebsupport\..\libs\x32\rebsupport.lib
d:\users\felrugo\documents\github\rebeka\code\rebsupport\release\rebsupport.tlog\cl.command.1.tlog
d:\users\felrugo\documents\github\rebeka\code\rebsupport\release\rebsupport.tlog\cl.read.1.tlog
d:\users\felrugo\documents\github\rebeka\code\rebsupport\release\rebsupport.tlog\cl.write.1.tlog
d:\users\felrugo\documents\github\rebeka\code\rebsupport\release\rebsupport.tlog\lib-link.read.1.tlog
d:\users\felrugo\documents\github\rebeka\code\rebsupport\release\rebsupport.tlog\lib-link.write.1.tlog
d:\users\felrugo\documents\github\rebeka\code\rebsupport\release\rebsupport.tlog\lib.command.1.tlog
d:\users\felrugo\documents\github\rebeka\code\rebsupport\release\rebsupport.tlog\link.command.1.tlog
d:\users\felrugo\documents\github\rebeka\code\rebsupport\release\rebsupport.tlog\link.read.1.tlog
d:\users\felrugo\documents\github\rebeka\code\rebsupport\release\rebsupport.tlog\link.write.1.tlog
d:\users\felrugo\documents\github\rebeka\code\rebsupport\release\rebsupport.tlog\rebsupport.write.1u.tlog
