d:\users\felrugo\documents\github\rebeka\code\rebgl\release\rebgl_ss.obj
d:\users\felrugo\documents\github\rebeka\code\rebgl\release\rebgl_vcm.obj
d:\users\felrugo\documents\github\rebeka\code\rebgl\release\rebgl_skinmanager.obj
d:\users\felrugo\documents\github\rebeka\code\rebgl\release\rebgl_init.obj
d:\users\felrugo\documents\github\rebeka\code\rebgl\release\rebgl_draw.obj
d:\users\felrugo\documents\github\rebeka\code\rebgl\release\vc110.pdb
d:\users\felrugo\documents\github\rebeka\bin32\rebgl.dll
d:\users\felrugo\documents\github\rebeka\bin32\rebgl.pdb
d:\users\felrugo\documents\github\rebeka\bin32\rebgl.lib
d:\users\felrugo\documents\github\rebeka\bin32\rebgl.exp
d:\users\felrugo\documents\github\rebeka\code\rebgl\release\vc120.pdb
d:\users\felrugo\documents\github\rebeka\code\rebgl\release\rsrextended.obj
d:\users\felrugo\documents\github\rebeka\code\rebgl\release\rmdeferred.obj
d:\users\felrugo\documents\github\rebeka\code\rebgl\release\rebrendertechnic.obj
d:\users\felrugo\documents\github\rebeka\code\rebgl\release\rebih.obj
d:\users\felrugo\documents\github\rebeka\code\rebgl\release\rebgl_lightsystem.obj
d:\users\felrugo\documents\github\rebeka\code\rebgl\release\rebenv.obj
d:\users\felrugo\documents\github\rebeka\code\rebgl\release\cl.command.1.tlog
d:\users\felrugo\documents\github\rebeka\code\rebgl\release\cl.read.1.tlog
d:\users\felrugo\documents\github\rebeka\code\rebgl\release\cl.write.1.tlog
d:\users\felrugo\documents\github\rebeka\code\rebgl\release\link-cvtres.read.1.tlog
d:\users\felrugo\documents\github\rebeka\code\rebgl\release\link-cvtres.write.1.tlog
d:\users\felrugo\documents\github\rebeka\code\rebgl\release\link-rc.read.1.tlog
d:\users\felrugo\documents\github\rebeka\code\rebgl\release\link-rc.write.1.tlog
d:\users\felrugo\documents\github\rebeka\code\rebgl\release\link.command.1.tlog
d:\users\felrugo\documents\github\rebeka\code\rebgl\release\link.read.1.tlog
d:\users\felrugo\documents\github\rebeka\code\rebgl\release\link.write.1.tlog
d:\users\felrugo\documents\github\rebeka\code\rebgl\release\rebgl.write.1.tlog
d:\users\felrugo\documents\github\rebeka\code\rebgl\..\..\bin32\rebgl.dll
d:\users\felrugo\documents\github\rebeka\code\rebgl\release\rebgl.tlog\cl.command.1.tlog
d:\users\felrugo\documents\github\rebeka\code\rebgl\release\rebgl.tlog\cl.read.1.tlog
d:\users\felrugo\documents\github\rebeka\code\rebgl\release\rebgl.tlog\cl.write.1.tlog
d:\users\felrugo\documents\github\rebeka\code\rebgl\release\rebgl.tlog\link.command.1.tlog
d:\users\felrugo\documents\github\rebeka\code\rebgl\release\rebgl.tlog\link.read.1.tlog
d:\users\felrugo\documents\github\rebeka\code\rebgl\release\rebgl.tlog\link.write.1.tlog
d:\users\felrugo\documents\github\rebeka\code\rebgl\release\rebgl.tlog\rebgl.write.1u.tlog
