d:\users\felrugo\documents\github\rebeka\bin32\rebeka.bsc
d:\users\felrugo\documents\github\rebeka\code\rebeka\debug\vc120.pdb
d:\users\felrugo\documents\github\rebeka\code\rebeka\debug\vc120.idb
d:\users\felrugo\documents\github\rebeka\code\rebeka\debug\rebgame.sbr
d:\users\felrugo\documents\github\rebeka\code\rebeka\debug\rebgame.obj
d:\users\felrugo\documents\github\rebeka\bin32\rebeka.ilk
d:\users\felrugo\documents\github\rebeka\bin32\rebeka.dll
d:\users\felrugo\documents\github\rebeka\bin32\rebeka.pdb
d:\users\felrugo\documents\github\rebeka\bin32\rebeka.lib
d:\users\felrugo\documents\github\rebeka\bin32\rebeka.exp
d:\users\felrugo\documents\github\rebeka\code\rebeka\..\..\bin32\rebeka.dll
d:\users\felrugo\documents\github\rebeka\code\rebeka\debug\rebeka.tlog\bscmake.command.1.tlog
d:\users\felrugo\documents\github\rebeka\code\rebeka\debug\rebeka.tlog\bscmake.read.1.tlog
d:\users\felrugo\documents\github\rebeka\code\rebeka\debug\rebeka.tlog\bscmake.write.1.tlog
d:\users\felrugo\documents\github\rebeka\code\rebeka\debug\rebeka.tlog\cl.command.1.tlog
d:\users\felrugo\documents\github\rebeka\code\rebeka\debug\rebeka.tlog\cl.read.1.tlog
d:\users\felrugo\documents\github\rebeka\code\rebeka\debug\rebeka.tlog\cl.write.1.tlog
d:\users\felrugo\documents\github\rebeka\code\rebeka\debug\rebeka.tlog\link.command.1.tlog
d:\users\felrugo\documents\github\rebeka\code\rebeka\debug\rebeka.tlog\link.read.1.tlog
d:\users\felrugo\documents\github\rebeka\code\rebeka\debug\rebeka.tlog\link.write.1.tlog
d:\users\felrugo\documents\github\rebeka\code\rebeka\debug\rebeka.tlog\rebeka.write.1u.tlog
