D:\USERS\FELRUGO\DOCUMENTS\GITHUB\REBEKA\CODE\EDITOR\RELEASE\MAIN.OBJ
D:\USERS\FELRUGO\DOCUMENTS\GITHUB\REBEKA\CODE\EDITOR\RELEASE\MOC_EDITOR.OBJ
D:\USERS\FELRUGO\DOCUMENTS\GITHUB\REBEKA\CODE\EDITOR\RELEASE\EDITOR.OBJ
D:\USERS\FELRUGO\DOCUMENTS\GITHUB\REBEKA\CODE\EDITOR\RELEASE\QRC_EDITOR.OBJ
D:\USERS\FELRUGO\DOCUMENTS\GITHUB\REBEKA\CODE\EDITOR\GENERATEDFILES\RELEASE\MOC_EDITOR.CPP
D:\USERS\FELRUGO\DOCUMENTS\GITHUB\REBEKA\CODE\EDITOR\GENERATEDFILES\UI_EDITOR.H
D:\USERS\FELRUGO\DOCUMENTS\GITHUB\REBEKA\CODE\EDITOR\GENERATEDFILES\QRC_EDITOR.CPP
D:\USERS\FELRUGO\DOCUMENTS\GITHUB\REBEKA\CODE\WIN32\RELEASE\EDITOR.EXE
D:\Users\felrugo\Documents\GitHub\Rebeka\Code\Editor\Release\editor.obj
D:\Users\felrugo\Documents\GitHub\Rebeka\Code\Editor\Release\main.obj
D:\Users\felrugo\Documents\GitHub\Rebeka\Code\Editor\Release\moc_editor.obj
D:\Users\felrugo\Documents\GitHub\Rebeka\Code\Editor\Release\qrc_editor.obj
D:\Users\felrugo\Documents\GitHub\Rebeka\Code\Editor\Release\cl.command.1.tlog
D:\Users\felrugo\Documents\GitHub\Rebeka\Code\Editor\Release\CL.read.1.tlog
D:\Users\felrugo\Documents\GitHub\Rebeka\Code\Editor\Release\CL.write.1.tlog
D:\Users\felrugo\Documents\GitHub\Rebeka\Code\Editor\Release\custombuild.command.1.tlog
D:\Users\felrugo\Documents\GitHub\Rebeka\Code\Editor\Release\custombuild.read.1.tlog
D:\Users\felrugo\Documents\GitHub\Rebeka\Code\Editor\Release\custombuild.write.1.tlog
D:\Users\felrugo\Documents\GitHub\Rebeka\Code\Editor\Release\link-cvtres.read.1.tlog
D:\Users\felrugo\Documents\GitHub\Rebeka\Code\Editor\Release\link-cvtres.write.1.tlog
D:\Users\felrugo\Documents\GitHub\Rebeka\Code\Editor\Release\link-rc.read.1.tlog
D:\Users\felrugo\Documents\GitHub\Rebeka\Code\Editor\Release\link-rc.write.1.tlog
D:\Users\felrugo\Documents\GitHub\Rebeka\Code\Editor\Release\link.command.1.tlog
D:\Users\felrugo\Documents\GitHub\Rebeka\Code\Editor\Release\link.read.1.tlog
D:\Users\felrugo\Documents\GitHub\Rebeka\Code\Editor\Release\link.write.1.tlog
D:\Users\felrugo\Documents\GitHub\Rebeka\Code\Win32\Release\Editor.exe
