D:\WIN7PROG\REBEKA\REBEKA\REBGL\DEBUG\REBGL_DRAW.OBJ
D:\WIN7PROG\REBEKA\REBEKA\REBGL\DEBUG\REBGL_INIT.OBJ
D:\WIN7PROG\REBEKA\REBEKA\REBGL\DEBUG\REBGL_SKINMANAGER.OBJ
D:\WIN7PROG\REBEKA\REBEKA\REBGL\DEBUG\REBGL_VCM.OBJ
D:\WIN7PROG\REBEKA\REBEKA\REBGL\DEBUG\REBGL_SS.OBJ
D:\WIN7PROG\REBEKA\REBEKA\REBGL\DEBUG\VC110.PDB
D:\WIN7PROG\REBEKA\REBEKA\DEBUG\REBGL.ILK
D:\WIN7PROG\REBEKA\REBEKA\DEBUG\REBGL.DLL
D:\WIN7PROG\REBEKA\REBEKA\DEBUG\REBGL.PDB
D:\win7prog\Rebeka\Rebeka\Debug\RebGL.lib
D:\win7prog\Rebeka\Rebeka\Debug\RebGL.exp
D:\win7prog\Rebeka\Rebeka\RebGL\Debug\RebGL_draw.obj
D:\win7prog\Rebeka\Rebeka\RebGL\Debug\RebGL_init.obj
D:\win7prog\Rebeka\Rebeka\RebGL\Debug\RebGL_skinmanager.obj
D:\win7prog\Rebeka\Rebeka\RebGL\Debug\RebGL_SS.obj
D:\win7prog\Rebeka\Rebeka\RebGL\Debug\RebGL_VCM.obj
D:\win7prog\Rebeka\Rebeka\RebGL\Debug\cl.command.1.tlog
D:\win7prog\Rebeka\Rebeka\RebGL\Debug\CL.read.1.tlog
D:\win7prog\Rebeka\Rebeka\RebGL\Debug\CL.write.1.tlog
D:\win7prog\Rebeka\Rebeka\RebGL\Debug\link-cvtres.read.1.tlog
D:\win7prog\Rebeka\Rebeka\RebGL\Debug\link-cvtres.write.1.tlog
D:\win7prog\Rebeka\Rebeka\RebGL\Debug\link-rc.read.1.tlog
D:\win7prog\Rebeka\Rebeka\RebGL\Debug\link-rc.write.1.tlog
D:\win7prog\Rebeka\Rebeka\RebGL\Debug\link.39072-cvtres.read.1.tlog
D:\win7prog\Rebeka\Rebeka\RebGL\Debug\link.39072-cvtres.write.1.tlog
D:\win7prog\Rebeka\Rebeka\RebGL\Debug\link.39072-rc.read.1.tlog
D:\win7prog\Rebeka\Rebeka\RebGL\Debug\link.39072-rc.write.1.tlog
D:\win7prog\Rebeka\Rebeka\RebGL\Debug\link.39072.read.1.tlog
D:\win7prog\Rebeka\Rebeka\RebGL\Debug\link.39072.write.1.tlog
D:\win7prog\Rebeka\Rebeka\RebGL\Debug\link.39116-cvtres.read.1.tlog
D:\win7prog\Rebeka\Rebeka\RebGL\Debug\link.39116-cvtres.write.1.tlog
D:\win7prog\Rebeka\Rebeka\RebGL\Debug\link.39116-rc.read.1.tlog
D:\win7prog\Rebeka\Rebeka\RebGL\Debug\link.39116-rc.write.1.tlog
D:\win7prog\Rebeka\Rebeka\RebGL\Debug\link.39116.read.1.tlog
D:\win7prog\Rebeka\Rebeka\RebGL\Debug\link.39116.write.1.tlog
D:\win7prog\Rebeka\Rebeka\RebGL\Debug\link.39732-cvtres.read.1.tlog
D:\win7prog\Rebeka\Rebeka\RebGL\Debug\link.39732-cvtres.write.1.tlog
D:\win7prog\Rebeka\Rebeka\RebGL\Debug\link.39732-rc.read.1.tlog
D:\win7prog\Rebeka\Rebeka\RebGL\Debug\link.39732-rc.write.1.tlog
D:\win7prog\Rebeka\Rebeka\RebGL\Debug\link.39732.read.1.tlog
D:\win7prog\Rebeka\Rebeka\RebGL\Debug\link.39732.write.1.tlog
D:\win7prog\Rebeka\Rebeka\RebGL\Debug\link.40548-cvtres.read.1.tlog
D:\win7prog\Rebeka\Rebeka\RebGL\Debug\link.40548-cvtres.write.1.tlog
D:\win7prog\Rebeka\Rebeka\RebGL\Debug\link.40548-rc.read.1.tlog
D:\win7prog\Rebeka\Rebeka\RebGL\Debug\link.40548-rc.write.1.tlog
D:\win7prog\Rebeka\Rebeka\RebGL\Debug\link.40548.read.1.tlog
D:\win7prog\Rebeka\Rebeka\RebGL\Debug\link.40548.write.1.tlog
D:\win7prog\Rebeka\Rebeka\RebGL\Debug\link.command.1.tlog
D:\win7prog\Rebeka\Rebeka\RebGL\Debug\link.read.1.tlog
D:\win7prog\Rebeka\Rebeka\RebGL\Debug\link.write.1.tlog
D:\win7prog\Rebeka\Rebeka\RebGL\Debug\RebGL.write.1.tlog
D:\win7prog\Rebeka\Rebeka\RebGL\Debug\vc110.idb
D:\win7prog\Rebeka\Rebeka\RebGL\Debug\vc110.pdb
D:\win7prog\Rebeka\Rebeka\Debug\RebGL.pdb
D:\win7prog\Rebeka\Rebeka\Debug\RebGL.dll
D:\win7prog\Rebeka\Rebeka\Debug\RebGL.ilk
