D:\USERS\FELRUGO\DOCUMENTS\GITHUB\REBEKA\CODE\LAUNCHER\RELEASE\SOURCE.OBJ
D:\USERS\FELRUGO\DOCUMENTS\GITHUB\REBEKA\CODE\LAUNCHER\RELEASE\VC110.PDB
D:\USERS\FELRUGO\DOCUMENTS\GITHUB\REBEKA\BIN32\LAUNCHER.EXE
D:\USERS\FELRUGO\DOCUMENTS\GITHUB\REBEKA\BIN32\LAUNCHER.PDB
D:\USERS\FELRUGO\DOCUMENTS\GITHUB\REBEKA\CODE\LAUNCHER\RELEASE\LAUNCHER.RES
D:\Users\felrugo\Documents\GitHub\Rebeka\Code\Launcher\Release\Source.obj
D:\Users\felrugo\Documents\GitHub\Rebeka\Code\Launcher\Release\cl.command.1.tlog
D:\Users\felrugo\Documents\GitHub\Rebeka\Code\Launcher\Release\CL.read.1.tlog
D:\Users\felrugo\Documents\GitHub\Rebeka\Code\Launcher\Release\CL.write.1.tlog
D:\Users\felrugo\Documents\GitHub\Rebeka\Code\Launcher\Release\link-cvtres.read.1.tlog
D:\Users\felrugo\Documents\GitHub\Rebeka\Code\Launcher\Release\link-cvtres.write.1.tlog
D:\Users\felrugo\Documents\GitHub\Rebeka\Code\Launcher\Release\link-rc.read.1.tlog
D:\Users\felrugo\Documents\GitHub\Rebeka\Code\Launcher\Release\link-rc.write.1.tlog
D:\Users\felrugo\Documents\GitHub\Rebeka\Code\Launcher\Release\link.command.1.tlog
D:\Users\felrugo\Documents\GitHub\Rebeka\Code\Launcher\Release\link.read.1.tlog
D:\Users\felrugo\Documents\GitHub\Rebeka\Code\Launcher\Release\link.write.1.tlog
D:\Users\felrugo\Documents\GitHub\Rebeka\Code\Launcher\Release\rc.command.1.tlog
D:\Users\felrugo\Documents\GitHub\Rebeka\Code\Launcher\Release\rc.read.1.tlog
D:\Users\felrugo\Documents\GitHub\Rebeka\Code\Launcher\Release\rc.write.1.tlog
D:\Users\felrugo\Documents\GitHub\Rebeka\Code\Launcher\Release\Launcher.res
D:\Users\felrugo\Documents\GitHub\Rebeka\Code\Launcher\Release\vc110.pdb
D:\Users\felrugo\Documents\GitHub\Rebeka\Code\Launcher\..\..\Bin32\Launcher.exe
